This is pdfTeX, Version 3.14159265-2.6-1.40.18 (TeX Live 2017/Debian) (preloaded format=pdflatex 2018.6.2)  9 SEP 2018 18:54
entering extended mode
 restricted \write18 enabled.
 %&-line parsing enabled.
**./images.tex
(./images.tex
LaTeX2e <2017-04-15>
Babel <3.18> and hyphenation patterns for 5 language(s) loaded.

(/usr/share/texlive/texmf-dist/tex/latex/base/report.cls
Document Class: report 2014/09/29 v1.4h Standard LaTeX document class
(/usr/share/texlive/texmf-dist/tex/latex/base/size11.clo
File: size11.clo 2014/09/29 v1.4h Standard LaTeX file (size option)
)
\c@part=\count79
\c@chapter=\count80
\c@section=\count81
\c@subsection=\count82
\c@subsubsection=\count83
\c@paragraph=\count84
\c@subparagraph=\count85
\c@figure=\count86
\c@table=\count87
\abovecaptionskip=\skip41
\belowcaptionskip=\skip42
\bibindent=\dimen102
) (/usr/share/texlive/texmf-dist/tex/latex/base/ifthen.sty
Package: ifthen 2014/09/29 v1.1c Standard LaTeX ifthen package (DPC)
) (/usr/share/texlive/texmf-dist/tex/latex/graphics/graphicx.sty
Package: graphicx 2017/06/01 v1.1a Enhanced LaTeX Graphics (DPC,SPQR)
(/usr/share/texlive/texmf-dist/tex/latex/graphics/keyval.sty
Package: keyval 2014/10/28 v1.15 key=value parser (DPC)
\KV@toks@=\toks14
) (/usr/share/texlive/texmf-dist/tex/latex/graphics/graphics.sty
Package: graphics 2017/06/25 v1.2c Standard LaTeX Graphics (DPC,SPQR)
(/usr/share/texlive/texmf-dist/tex/latex/graphics/trig.sty
Package: trig 2016/01/03 v1.10 sin cos tan (DPC)
) (/usr/share/texlive/texmf-dist/tex/latex/graphics-cfg/graphics.cfg
File: graphics.cfg 2016/06/04 v1.11 sample graphics configuration
)
Package graphics Info: Driver file: pdftex.def on input line 99.
(/usr/share/texlive/texmf-dist/tex/latex/graphics-def/pdftex.def
File: pdftex.def 2018/01/08 v1.0l Graphics/color driver for pdftex
))
\Gin@req@height=\dimen103
\Gin@req@width=\dimen104
) (/usr/share/texlive/texmf-dist/tex/latex/preprint/authblk.sty
Package: authblk 2001/02/27 1.3 (PWD)
\affilsep=\skip43
\@affilsep=\skip44
\c@Maxaffil=\count88
\c@authors=\count89
\c@affil=\count90
)
(/home/lobo/Dropbox/Laburo/4. Teaching/Geomechanics UNDERGRAD/1. Literature/Cou
rse Notes LaTeX/mathtools.sty
Package: mathtools 2018/01/08 v1.21 mathematical typesetting tools
(/usr/share/texlive/texmf-dist/tex/latex/tools/calc.sty
Package: calc 2014/10/28 v4.3 Infix arithmetic (KKT,FJ)
\calc@Acount=\count91
\calc@Bcount=\count92
\calc@Adimen=\dimen105
\calc@Bdimen=\dimen106
\calc@Askip=\skip45
\calc@Bskip=\skip46
LaTeX Info: Redefining \setlength on input line 80.
LaTeX Info: Redefining \addtolength on input line 81.
\calc@Ccount=\count93
\calc@Cskip=\skip47
) (/usr/share/texlive/texmf-dist/tex/latex/mathtools/mhsetup.sty
Package: mhsetup 2017/03/31 v1.3 programming setup (MH)
) (/usr/share/texlive/texmf-dist/tex/latex/amsmath/amsmath.sty
Package: amsmath 2017/09/02 v2.17a AMS math features
\@mathmargin=\skip48
For additional information on amsmath, use the `?' option.
(/usr/share/texlive/texmf-dist/tex/latex/amsmath/amstext.sty
Package: amstext 2000/06/29 v2.01 AMS text
(/usr/share/texlive/texmf-dist/tex/latex/amsmath/amsgen.sty
File: amsgen.sty 1999/11/30 v2.0 generic functions
\@emptytoks=\toks15
\ex@=\dimen107
)) (/usr/share/texlive/texmf-dist/tex/latex/amsmath/amsbsy.sty
Package: amsbsy 1999/11/29 v1.2d Bold Symbols
\pmbraise@=\dimen108
) (/usr/share/texlive/texmf-dist/tex/latex/amsmath/amsopn.sty
Package: amsopn 2016/03/08 v2.02 operator names
)
\inf@bad=\count94
LaTeX Info: Redefining \frac on input line 213.
\uproot@=\count95
\leftroot@=\count96
LaTeX Info: Redefining \overline on input line 375.
\classnum@=\count97
\DOTSCASE@=\count98
LaTeX Info: Redefining \ldots on input line 472.
LaTeX Info: Redefining \dots on input line 475.
LaTeX Info: Redefining \cdots on input line 596.
\Mathstrutbox@=\box26
\strutbox@=\box27
\big@size=\dimen109
LaTeX Font Info:    Redeclaring font encoding OML on input line 712.
LaTeX Font Info:    Redeclaring font encoding OMS on input line 713.
\macc@depth=\count99
\c@MaxMatrixCols=\count100
\dotsspace@=\muskip10
\c@parentequation=\count101
\dspbrk@lvl=\count102
\tag@help=\toks16
\row@=\count103
\column@=\count104
\maxfields@=\count105
\andhelp@=\toks17
\eqnshift@=\dimen110
\alignsep@=\dimen111
\tagshift@=\dimen112
\tagwidth@=\dimen113
\totwidth@=\dimen114
\lineht@=\dimen115
\@envbody=\toks18
\multlinegap=\skip49
\multlinetaggap=\skip50
\mathdisplay@stack=\toks19
LaTeX Info: Redefining \[ on input line 2817.
LaTeX Info: Redefining \] on input line 2818.
)
LaTeX Info: Thecontrolsequence`\('isalreadyrobust on input line 129.
LaTeX Info: Thecontrolsequence`\)'isalreadyrobust on input line 129.
LaTeX Info: Thecontrolsequence`\['isalreadyrobust on input line 129.
LaTeX Info: Thecontrolsequence`\]'isalreadyrobust on input line 129.
\g_MT_multlinerow_int=\count106
\l_MT_multwidth_dim=\dimen116
\origjot=\skip51
\l_MT_shortvdotswithinadjustabove_dim=\dimen117
\l_MT_shortvdotswithinadjustbelow_dim=\dimen118
\l_MT_above_intertext_sep=\dimen119
\l_MT_below_intertext_sep=\dimen120
\l_MT_above_shortintertext_sep=\dimen121
\l_MT_below_shortintertext_sep=\dimen122
) (/usr/share/texlive/texmf-dist/tex/latex/amsfonts/amssymb.sty
Package: amssymb 2013/01/14 v3.01 AMS font symbols
(/usr/share/texlive/texmf-dist/tex/latex/amsfonts/amsfonts.sty
Package: amsfonts 2013/01/14 v3.01 Basic AMSFonts support
\symAMSa=\mathgroup4
\symAMSb=\mathgroup5
LaTeX Font Info:    Overwriting math alphabet `\mathfrak' in version `bold'
(Font)                  U/euf/m/n --> U/euf/b/n on input line 106.
)) (/usr/share/texlive/texmf-dist/tex/generic/ulem/ulem.sty
\UL@box=\box28
\UL@hyphenbox=\box29
\UL@skip=\skip52
\UL@hook=\toks20
\UL@height=\dimen123
\UL@pe=\count107
\UL@pixel=\dimen124
\ULC@box=\box30
Package: ulem 2012/05/18
\ULdepth=\dimen125
) (/usr/share/texlive/texmf-dist/tex/latex/float/float.sty
Package: float 2001/11/08 v1.3d Float enhancements (AL)
\c@float@type=\count108
\float@exts=\toks21
\float@box=\box31
\@float@everytoks=\toks22
\@floatcapt=\box32
) (/usr/share/texlive/texmf-dist/tex/latex/hyperref/hyperref.sty
Package: hyperref 2018/02/06 v6.86b Hypertext links for LaTeX
(/usr/share/texlive/texmf-dist/tex/generic/oberdiek/hobsub-hyperref.sty
Package: hobsub-hyperref 2016/05/16 v1.14 Bundle oberdiek, subset hyperref (HO)

(/usr/share/texlive/texmf-dist/tex/generic/oberdiek/hobsub-generic.sty
Package: hobsub-generic 2016/05/16 v1.14 Bundle oberdiek, subset generic (HO)
Package: hobsub 2016/05/16 v1.14 Construct package bundles (HO)
Package: infwarerr 2016/05/16 v1.4 Providing info/warning/error messages (HO)
Package: ltxcmds 2016/05/16 v1.23 LaTeX kernel commands for general use (HO)
Package: ifluatex 2016/05/16 v1.4 Provides the ifluatex switch (HO)
Package ifluatex Info: LuaTeX not detected.
Package: ifvtex 2016/05/16 v1.6 Detect VTeX and its facilities (HO)
Package ifvtex Info: VTeX not detected.
Package: intcalc 2016/05/16 v1.2 Expandable calculations with integers (HO)
Package: ifpdf 2017/03/15 v3.2 Provides the ifpdf switch
Package: etexcmds 2016/05/16 v1.6 Avoid name clashes with e-TeX commands (HO)
Package etexcmds Info: Could not find \expanded.
(etexcmds)             That can mean that you are not using pdfTeX 1.50 or
(etexcmds)             that some package has redefined \expanded.
(etexcmds)             In the latter case, load this package earlier.
Package: kvsetkeys 2016/05/16 v1.17 Key value parser (HO)
Package: kvdefinekeys 2016/05/16 v1.4 Define keys (HO)
Package: pdftexcmds 2018/01/21 v0.26 Utility functions of pdfTeX for LuaTeX (HO
)
Package pdftexcmds Info: LuaTeX not detected.
Package pdftexcmds Info: \pdf@primitive is available.
Package pdftexcmds Info: \pdf@ifprimitive is available.
Package pdftexcmds Info: \pdfdraftmode found.
Package: pdfescape 2016/05/16 v1.14 Implements pdfTeX's escape features (HO)
Package: bigintcalc 2016/05/16 v1.4 Expandable calculations on big integers (HO
)
Package: bitset 2016/05/16 v1.2 Handle bit-vector datatype (HO)
Package: uniquecounter 2016/05/16 v1.3 Provide unlimited unique counter (HO)
)
Package hobsub Info: Skipping package `hobsub' (already loaded).
Package: letltxmacro 2016/05/16 v1.5 Let assignment for LaTeX macros (HO)
Package: hopatch 2016/05/16 v1.3 Wrapper for package hooks (HO)
Package: xcolor-patch 2016/05/16 xcolor patch
Package: atveryend 2016/05/16 v1.9 Hooks at the very end of document (HO)
Package atveryend Info: \enddocument detected (standard20110627).
Package: atbegshi 2016/06/09 v1.18 At begin shipout hook (HO)
Package: refcount 2016/05/16 v3.5 Data extraction from label references (HO)
Package: hycolor 2016/05/16 v1.8 Color options for hyperref/bookmark (HO)
) (/usr/share/texlive/texmf-dist/tex/generic/ifxetex/ifxetex.sty
Package: ifxetex 2010/09/12 v0.6 Provides ifxetex conditional
) (/usr/share/texlive/texmf-dist/tex/latex/oberdiek/auxhook.sty
Package: auxhook 2016/05/16 v1.4 Hooks for auxiliary files (HO)
) (/usr/share/texlive/texmf-dist/tex/latex/oberdiek/kvoptions.sty
Package: kvoptions 2016/05/16 v3.12 Key value format for package options (HO)
)
\@linkdim=\dimen126
\Hy@linkcounter=\count109
\Hy@pagecounter=\count110
(/usr/share/texlive/texmf-dist/tex/latex/hyperref/pd1enc.def
File: pd1enc.def 2018/02/06 v6.86b Hyperref: PDFDocEncoding definition (HO)
)
\Hy@SavedSpaceFactor=\count111
(/usr/share/texlive/texmf-dist/tex/latex/latexconfig/hyperref.cfg
File: hyperref.cfg 2002/06/06 v1.2 hyperref configuration of TeXLive
)
Package hyperref Info: Hyper figures OFF on input line 4509.
Package hyperref Info: Link nesting OFF on input line 4514.
Package hyperref Info: Hyper index ON on input line 4517.
Package hyperref Info: Plain pages OFF on input line 4524.
Package hyperref Info: Backreferencing OFF on input line 4529.
Package hyperref Info: Implicit mode ON; LaTeX internals redefined.
Package hyperref Info: Bookmarks ON on input line 4762.
\c@Hy@tempcnt=\count112
(/usr/share/texlive/texmf-dist/tex/latex/url/url.sty
\Urlmuskip=\muskip11
Package: url 2013/09/16  ver 3.4  Verb mode for urls, etc.
)
LaTeX Info: Redefining \url on input line 5115.
\XeTeXLinkMargin=\dimen127
\Fld@menulength=\count113
\Field@Width=\dimen128
\Fld@charsize=\dimen129
Package hyperref Info: Hyper figures OFF on input line 6369.
Package hyperref Info: Link nesting OFF on input line 6374.
Package hyperref Info: Hyper index ON on input line 6377.
Package hyperref Info: backreferencing OFF on input line 6384.
Package hyperref Info: Link coloring OFF on input line 6389.
Package hyperref Info: Link coloring with OCG OFF on input line 6394.
Package hyperref Info: PDF/A mode OFF on input line 6399.
LaTeX Info: Redefining \ref on input line 6439.
LaTeX Info: Redefining \pageref on input line 6443.
\Hy@abspage=\count114
\c@Item=\count115
\c@Hfootnote=\count116
)
Package hyperref Info: Driver (autodetected): hpdftex.
(/usr/share/texlive/texmf-dist/tex/latex/hyperref/hpdftex.def
File: hpdftex.def 2018/02/06 v6.86b Hyperref driver for pdfTeX
\Fld@listcount=\count117
\c@bookmark@seq@number=\count118
(/usr/share/texlive/texmf-dist/tex/latex/oberdiek/rerunfilecheck.sty
Package: rerunfilecheck 2016/05/16 v1.8 Rerun checks for auxiliary files (HO)
Package uniquecounter Info: New unique counter `rerunfilecheck' on input line 2
82.
)
\Hy@SectionHShift=\skip53
) (/usr/share/texlive/texmf-dist/tex/latex/graphics/color.sty
Package: color 2016/07/10 v1.1e Standard LaTeX Color (DPC)
(/usr/share/texlive/texmf-dist/tex/latex/graphics-cfg/color.cfg
File: color.cfg 2016/01/02 v1.6 sample color configuration
)
Package color Info: Driver file: pdftex.def on input line 147.
) (/usr/share/texlive/texmf-dist/tex/latex/soul/soul.sty
Package: soul 2003/11/17 v2.4 letterspacing/underlining (mf)
\SOUL@word=\toks23
\SOUL@lasttoken=\toks24
\SOUL@cmds=\toks25
\SOUL@buffer=\toks26
\SOUL@token=\toks27
\SOUL@spaceskip=\skip54
\SOUL@ttwidth=\dimen130
\SOUL@uldp=\dimen131
\SOUL@ulht=\dimen132
) (/usr/share/texlive/texmf-dist/tex/latex/base/inputenc.sty
Package: inputenc 2015/03/17 v1.2c Input encoding file
\inpenc@prehook=\toks28
\inpenc@posthook=\toks29
)
\sizebox=\box33
\lthtmlwrite=\write3
(/usr/share/texmf/tex/latex/preview/preview.sty
Package: preview 2017/04/24 11.91 (AUCTeX/preview-latex)
(/usr/share/texmf/tex/latex/preview/prtightpage.def
\PreviewBorder=\dimen133
)
\pr@snippet=\count119
\pr@box=\box34
\pr@output=\toks30
)
\lthtmlPageBox=\box35
\lthtmlCropMarkHeight=\dimen134
\lthtmlCropMarkDepth=\dimen135
! Too many }'s.
l.77 ...preview}\copy\lthtmlPageBox\end{preview}}}
                                                  %
You've closed more groups than you opened.
Such booboos are generally harmless, so keep going.

(./images.aux

LaTeX Warning: Label `fig:lec3-24' multiply defined.


LaTeX Warning: Label `fig:lec3-24' multiply defined.

)
\openout1 = `images.aux'.

LaTeX Font Info:    Checking defaults for OML/cmm/m/it on input line 122.
LaTeX Font Info:    ... okay on input line 122.
LaTeX Font Info:    Checking defaults for T1/cmr/m/n on input line 122.
LaTeX Font Info:    ... okay on input line 122.
LaTeX Font Info:    Checking defaults for OT1/cmr/m/n on input line 122.
LaTeX Font Info:    ... okay on input line 122.
LaTeX Font Info:    Checking defaults for OMS/cmsy/m/n on input line 122.
LaTeX Font Info:    ... okay on input line 122.
LaTeX Font Info:    Checking defaults for OMX/cmex/m/n on input line 122.
LaTeX Font Info:    ... okay on input line 122.
LaTeX Font Info:    Checking defaults for U/cmr/m/n on input line 122.
LaTeX Font Info:    ... okay on input line 122.
LaTeX Font Info:    Checking defaults for PD1/pdf/m/n on input line 122.
LaTeX Font Info:    ... okay on input line 122.
(/usr/share/texlive/texmf-dist/tex/context/base/mkii/supp-pdf.mkii
[Loading MPS to PDF converter (version 2006.09.02).]
\scratchcounter=\count120
\scratchdimen=\dimen136
\scratchbox=\box36
\nofMPsegments=\count121
\nofMParguments=\count122
\everyMPshowfont=\toks31
\MPscratchCnt=\count123
\MPscratchDim=\dimen137
\MPnumerator=\count124
\makeMPintoPDFobject=\count125
\everyMPtoPDFconversion=\toks32
) (/usr/share/texlive/texmf-dist/tex/latex/oberdiek/epstopdf-base.sty
Package: epstopdf-base 2016/05/15 v2.6 Base part for package epstopdf
(/usr/share/texlive/texmf-dist/tex/latex/oberdiek/grfext.sty
Package: grfext 2016/05/16 v1.2 Manage graphics extensions (HO)
)
Package epstopdf-base Info: Redefining graphics rule for `.eps' on input line 4
38.
Package grfext Info: Graphics extension search list:
(grfext)             [.pdf,.png,.jpg,.mps,.jpeg,.jbig2,.jb2,.PDF,.PNG,.JPG,.JPE
G,.JBIG2,.JB2,.eps]
(grfext)             \AppendGraphicsExtensions on input line 456.
(/usr/share/texlive/texmf-dist/tex/latex/latexconfig/epstopdf-sys.cfg
File: epstopdf-sys.cfg 2010/07/13 v1.3 Configuration of (r)epstopdf for TeX Liv
e
))
\AtBeginShipoutBox=\box37
Package hyperref Info: Link coloring OFF on input line 122.
(/usr/share/texlive/texmf-dist/tex/latex/hyperref/nameref.sty
Package: nameref 2016/05/21 v2.44 Cross-referencing by name of section
(/usr/share/texlive/texmf-dist/tex/generic/oberdiek/gettitlestring.sty
Package: gettitlestring 2016/05/16 v1.5 Cleanup title references (HO)
)
\c@section@level=\count126
)
LaTeX Info: Redefining \ref on input line 122.
LaTeX Info: Redefining \pageref on input line 122.
LaTeX Info: Redefining \nameref on input line 122.
(./images.out) (./images.out)
\@outlinefile=\write4
\openout4 = `images.out'.

Preview: Fontsize 10.95pt
Preview: PDFoutput 1

latex2htmlLength hsize=349.0pt

latex2htmlLength vsize=648.5744pt

latex2htmlLength hoffset=0.0pt

latex2htmlLength voffset=0.0pt

latex2htmlLength topmargin=0.0pt

latex2htmlLength topskip=0.00003pt

latex2htmlLength headheight=0.0pt

latex2htmlLength headsep=0.0pt

latex2htmlLength parskip=7.2pt

latex2htmlLength oddsidemargin=-1.13791pt

latex2htmlLength evensidemargin=-1.13791pt

LaTeX Font Info:    Try loading font information for U+msa on input line 147.
(/usr/share/texlive/texmf-dist/tex/latex/amsfonts/umsa.fd
File: umsa.fd 2013/01/14 v3.01 AMS symbols A
)
LaTeX Font Info:    Try loading font information for U+msb on input line 147.
(/usr/share/texlive/texmf-dist/tex/latex/amsfonts/umsb.fd
File: umsb.fd 2013/01/14 v3.01 AMS symbols B
)

:tex2html_wrap_inline2668:lthtmlCropMarkHeight:=13.48248pt

:tex2html_wrap_inline2668:lthtmlCropMarkDepth:=1.64249pt:1ex:=4.71457pt
Preview: Tightpage -32891 -32891 32891 32891
[1{/var/lib/texmf/fonts/map/pdftex/updmap/pdftex.map}]

:tex2html_wrap_inline2676:lthtmlCropMarkHeight:=13.48248pt

:tex2html_wrap_inline2676:lthtmlCropMarkDepth:=1.64249pt:1ex:=4.71457pt
[2]

:tex2html_wrap_inline2684:lthtmlCropMarkHeight:=13.05666pt

:tex2html_wrap_inline2684:lthtmlCropMarkDepth:=0.42812pt:1ex:=4.71457pt
[3]
<.././Figures/split/1-2.pdf, id=16, 721.39311pt x 463.18896pt>
File: .././Figures/split/1-2.pdf Graphic file (type pdf)
<use .././Figures/split/1-2.pdf>
Package pdftex.def Info: .././Figures/split/1-2.pdf  used on input line 168.
(pdftex.def)             Requested size: 324.6239pt x 208.4331pt.

:tex2html_wrap2687:lthtmlCropMarkHeight:=214.4331pt

:tex2html_wrap2687:lthtmlCropMarkDepth:=0.0pt:1ex:=4.71457pt
[4 <.././Figures/split/1-2.pdf>]
<.././Figures/split/1-3.pdf, id=31, 722.69798pt x 341.74646pt>
File: .././Figures/split/1-3.pdf Graphic file (type pdf)
<use .././Figures/split/1-3.pdf>
Package pdftex.def Info: .././Figures/split/1-3.pdf  used on input line 174.
(pdftex.def)             Requested size: 361.3481pt x 170.8728pt.

:tex2html_wrap2692:lthtmlCropMarkHeight:=176.8728pt

:tex2html_wrap2692:lthtmlCropMarkDepth:=0.0pt:1ex:=4.71457pt
[5 <.././Figures/split/1-3.pdf>]

:tex2html_wrap_inline2698:lthtmlCropMarkHeight:=9.51308pt

:tex2html_wrap_inline2698:lthtmlCropMarkDepth:=1.64249pt:1ex:=4.71457pt
[6]
<.././Figures/split/1-4.pdf, id=50, 690.84209pt x 382.37796pt>
File: .././Figures/split/1-4.pdf Graphic file (type pdf)
<use .././Figures/split/1-4.pdf>
Package pdftex.def Info: .././Figures/split/1-4.pdf  used on input line 188.
(pdftex.def)             Requested size: 379.96431pt x 210.30852pt.

:tex2html_wrap2701:lthtmlCropMarkHeight:=216.30852pt

:tex2html_wrap2701:lthtmlCropMarkDepth:=0.0pt:1ex:=4.71457pt
[7 <.././Figures/split/1-4.pdf>]

:tex2html_wrap_inline2707:lthtmlCropMarkHeight:=10.01727pt

:tex2html_wrap_inline2707:lthtmlCropMarkDepth:=0.0pt:1ex:=4.71457pt
[8]
<.././Figures/split/1-6.pdf, id=73, 456.4021pt x 451.96332pt>
File: .././Figures/split/1-6.pdf Graphic file (type pdf)
<use .././Figures/split/1-6.pdf>
Package pdftex.def Info: .././Figures/split/1-6.pdf  used on input line 201.
(pdftex.def)             Requested size: 296.65785pt x 293.77266pt.

:tex2html_wrap2709:lthtmlCropMarkHeight:=299.77266pt

:tex2html_wrap2709:lthtmlCropMarkDepth:=0.0pt:1ex:=4.71457pt
[9 <.././Figures/split/1-6.pdf>]
<.././Figures/split/1-5.pdf, id=85, 602.12514pt x 431.9917pt>
File: .././Figures/split/1-5.pdf Graphic file (type pdf)
<use .././Figures/split/1-5.pdf>
Package pdftex.def Info: .././Figures/split/1-5.pdf  used on input line 208.
(pdftex.def)             Requested size: 301.06183pt x 215.99532pt.

:tex2html_wrap2715:lthtmlCropMarkHeight:=221.99532pt

:tex2html_wrap2715:lthtmlCropMarkDepth:=0.0pt:1ex:=4.71457pt
[10 <.././Figures/split/1-5.pdf>]

:tex2html_wrap_inline2722:lthtmlCropMarkHeight:=13.48248pt

:tex2html_wrap_inline2722:lthtmlCropMarkDepth:=1.64249pt:1ex:=4.71457pt
[11]

:tex2html_wrap_inline2725:lthtmlCropMarkHeight:=13.48248pt

:tex2html_wrap_inline2725:lthtmlCropMarkDepth:=2.68994pt:1ex:=4.71457pt
[12]

:tex2html_wrap_inline2727:lthtmlCropMarkHeight:=13.48248pt

:tex2html_wrap_inline2727:lthtmlCropMarkDepth:=2.68994pt:1ex:=4.71457pt
[13]

:tex2html_wrap_inline2729:lthtmlCropMarkHeight:=15.47137pt

:tex2html_wrap_inline2729:lthtmlCropMarkDepth:=0.0pt:1ex:=4.71457pt
[14]

:tex2html_wrap_inline2731:lthtmlCropMarkHeight:=13.48248pt

:tex2html_wrap_inline2731:lthtmlCropMarkDepth:=2.68994pt:1ex:=4.71457pt
[15]

:tex2html_wrap_inline2733:lthtmlCropMarkHeight:=13.48248pt

:tex2html_wrap_inline2733:lthtmlCropMarkDepth:=4.3191pt:1ex:=4.71457pt
[16]

:tex2html_wrap_inline2735:lthtmlCropMarkHeight:=10.71457pt

:tex2html_wrap_inline2735:lthtmlCropMarkDepth:=4.3191pt:1ex:=4.71457pt
[17]

:tex2html_wrap_inline2737:lthtmlCropMarkHeight:=13.48248pt

:tex2html_wrap_inline2737:lthtmlCropMarkDepth:=2.18994pt:1ex:=4.71457pt
[18]

:tex2html_wrap_inline2739:lthtmlCropMarkHeight:=13.48248pt

:tex2html_wrap_inline2739:lthtmlCropMarkDepth:=0.0pt:1ex:=4.71457pt
[19]

:tex2html_wrap_indisplay2741:lthtmlCropMarkHeight:=20.89023pt

:tex2html_wrap_indisplay2741:lthtmlCropMarkDepth:=7.51115pt:1ex:=4.71457pt
[20]
<.././Figures/split/2-2.pdf, id=134, 652.2425pt x 351.25717pt>
File: .././Figures/split/2-2.pdf Graphic file (type pdf)
<use .././Figures/split/2-2.pdf>
Package pdftex.def Info: .././Figures/split/2-2.pdf  used on input line 277.
(pdftex.def)             Requested size: 358.73447pt x 193.19203pt.

:tex2html_wrap2743:lthtmlCropMarkHeight:=199.19203pt

:tex2html_wrap2743:lthtmlCropMarkDepth:=0.0pt:1ex:=4.71457pt
[21 <.././Figures/split/2-2.pdf>]

:tex2html_wrap_inline2749:lthtmlCropMarkHeight:=13.48248pt

:tex2html_wrap_inline2749:lthtmlCropMarkDepth:=2.12917pt:1ex:=4.71457pt
[22]

:tex2html_wrap_inline2751:lthtmlCropMarkHeight:=14.21255pt

:tex2html_wrap_inline2751:lthtmlCropMarkDepth:=2.73758pt:1ex:=4.71457pt
[23]

:tex2html_wrap_inline2753:lthtmlCropMarkHeight:=10.71457pt

:tex2html_wrap_inline2753:lthtmlCropMarkDepth:=4.3191pt:1ex:=4.71457pt
[24]

:tex2html_wrap_inline2755:lthtmlCropMarkHeight:=14.21255pt

:tex2html_wrap_inline2755:lthtmlCropMarkDepth:=2.73758pt:1ex:=4.71457pt
[25]

:tex2html_wrap_indisplay2758:lthtmlCropMarkHeight:=13.60416pt

:tex2html_wrap_indisplay2758:lthtmlCropMarkDepth:=2.12917pt:1ex:=4.71457pt
[26]

:tex2html_wrap_indisplay2760:lthtmlCropMarkHeight:=13.48248pt

:tex2html_wrap_indisplay2760:lthtmlCropMarkDepth:=2.12917pt:1ex:=4.71457pt
[27]

:tex2html_wrap_indisplay2762:lthtmlCropMarkHeight:=20.89023pt

:tex2html_wrap_indisplay2762:lthtmlCropMarkDepth:=7.51115pt:1ex:=4.71457pt
[28]
<.././Figures/split/2-REVoverburden.pdf, id=200, 292.03786pt x 401.76846pt>
File: .././Figures/split/2-REVoverburden.pdf Graphic file (type pdf)
<use .././Figures/split/2-REVoverburden.pdf>
Package pdftex.def Info: .././Figures/split/2-REVoverburden.pdf  used on input 
line 326.
(pdftex.def)             Requested size: 116.81306pt x 160.70453pt.

:tex2html_wrap2764:lthtmlCropMarkHeight:=166.70453pt

:tex2html_wrap2764:lthtmlCropMarkDepth:=0.0pt:1ex:=4.71457pt
[29 <.././Figures/split/2-REVoverburden.pdf>]

:tex2html_wrap_indisplay2769:lthtmlCropMarkHeight:=23.73761pt

:tex2html_wrap_indisplay2769:lthtmlCropMarkDepth:=9.9293pt:1ex:=4.71457pt
[30]

:tex2html_wrap_inline2771:lthtmlCropMarkHeight:=14.2125pt

:tex2html_wrap_inline2771:lthtmlCropMarkDepth:=2.73749pt:1ex:=4.71457pt
[31]

:tex2html_wrap_inline2773:lthtmlCropMarkHeight:=14.2125pt

:tex2html_wrap_inline2773:lthtmlCropMarkDepth:=2.73749pt:1ex:=4.71457pt
[32]

:tex2html_wrap_inline2775:lthtmlCropMarkHeight:=12.73512pt

:tex2html_wrap_inline2775:lthtmlCropMarkDepth:=2.12917pt:1ex:=4.71457pt
[33]

:tex2html_wrap_inline2779:lthtmlCropMarkHeight:=10.71457pt

:tex2html_wrap_inline2779:lthtmlCropMarkDepth:=0.0pt:1ex:=4.71457pt
[34]

:tex2html_wrap_indisplay2781:lthtmlCropMarkHeight:=14.2125pt

:tex2html_wrap_indisplay2781:lthtmlCropMarkDepth:=2.73749pt:1ex:=4.71457pt
[35]

:tex2html_wrap_inline2783:lthtmlCropMarkHeight:=10.71457pt

:tex2html_wrap_inline2783:lthtmlCropMarkDepth:=2.8061pt:1ex:=4.71457pt
[36]

:tex2html_wrap_inline2785:lthtmlCropMarkHeight:=10.71457pt

:tex2html_wrap_inline2785:lthtmlCropMarkDepth:=2.12917pt:1ex:=4.71457pt
[37]

:tex2html_wrap_inline2787:lthtmlCropMarkHeight:=10.71457pt

:tex2html_wrap_inline2787:lthtmlCropMarkDepth:=2.12917pt:1ex:=4.71457pt
[38]

:tex2html_wrap_inline2789:lthtmlCropMarkHeight:=13.60416pt

:tex2html_wrap_inline2789:lthtmlCropMarkDepth:=2.12917pt:1ex:=4.71457pt
[39]

:tex2html_wrap_indisplay2791:lthtmlCropMarkHeight:=14.2125pt

:tex2html_wrap_indisplay2791:lthtmlCropMarkDepth:=2.8061pt:1ex:=4.71457pt
[40]

:tex2html_wrap_inline2793:lthtmlCropMarkHeight:=13.60416pt

:tex2html_wrap_inline2793:lthtmlCropMarkDepth:=2.12917pt:1ex:=4.71457pt
[41]

:tex2html_wrap_inline2795:lthtmlCropMarkHeight:=13.05666pt

:tex2html_wrap_inline2795:lthtmlCropMarkDepth:=2.8061pt:1ex:=4.71457pt
[42]

:tex2html_wrap_inline2797:lthtmlCropMarkHeight:=15.12923pt

:tex2html_wrap_inline2797:lthtmlCropMarkDepth:=0.0pt:1ex:=4.71457pt
[43]

:tex2html_wrap_inline2799:lthtmlCropMarkHeight:=13.05666pt

:tex2html_wrap_inline2799:lthtmlCropMarkDepth:=2.12917pt:1ex:=4.71457pt
[44]

:tex2html_wrap_indisplay2803:lthtmlCropMarkHeight:=14.2125pt

:tex2html_wrap_indisplay2803:lthtmlCropMarkDepth:=2.73749pt:1ex:=4.71457pt
[45]

:tex2html_wrap_indisplay2804:lthtmlCropMarkHeight:=15.67673pt

:tex2html_wrap_indisplay2804:lthtmlCropMarkDepth:=2.73749pt:1ex:=4.71457pt
[46]

:tex2html_wrap_indisplay2805:lthtmlCropMarkHeight:=15.67673pt

:tex2html_wrap_indisplay2805:lthtmlCropMarkDepth:=0.0pt:1ex:=4.71457pt
[47]

:tex2html_wrap_indisplay2806:lthtmlCropMarkHeight:=15.67673pt

:tex2html_wrap_indisplay2806:lthtmlCropMarkDepth:=0.0pt:1ex:=4.71457pt
[48]

:tex2html_wrap_indisplay2810:lthtmlCropMarkHeight:=13.05666pt

:tex2html_wrap_indisplay2810:lthtmlCropMarkDepth:=2.12917pt:1ex:=4.71457pt
[49]

:tex2html_wrap_indisplay2811:lthtmlCropMarkHeight:=15.67673pt

:tex2html_wrap_indisplay2811:lthtmlCropMarkDepth:=0.0pt:1ex:=4.71457pt
[50]

:tex2html_wrap_indisplay2812:lthtmlCropMarkHeight:=15.67673pt

:tex2html_wrap_indisplay2812:lthtmlCropMarkDepth:=0.9125pt:1ex:=4.71457pt
[51]

:tex2html_wrap_indisplay2813:lthtmlCropMarkHeight:=13.05666pt

:tex2html_wrap_indisplay2813:lthtmlCropMarkDepth:=0.0pt:1ex:=4.71457pt
[52]

:tex2html_wrap_indisplay2814:lthtmlCropMarkHeight:=13.39124pt

:tex2html_wrap_indisplay2814:lthtmlCropMarkDepth:=0.0pt:1ex:=4.71457pt
[53]

:tex2html_wrap_inline2816:lthtmlCropMarkHeight:=13.05666pt

:tex2html_wrap_inline2816:lthtmlCropMarkDepth:=0.0pt:1ex:=4.71457pt
[54]

:tex2html_wrap_inline2818:lthtmlCropMarkHeight:=13.05666pt

:tex2html_wrap_inline2818:lthtmlCropMarkDepth:=0.0pt:1ex:=4.71457pt
[55]

:tex2html_wrap_inline2820:lthtmlCropMarkHeight:=13.60416pt

:tex2html_wrap_inline2820:lthtmlCropMarkDepth:=2.12917pt:1ex:=4.71457pt
[56]

:tex2html_wrap_inline2822:lthtmlCropMarkHeight:=13.05666pt

:tex2html_wrap_inline2822:lthtmlCropMarkDepth:=0.0pt:1ex:=4.71457pt
[57]

:tex2html_wrap_inline2824:lthtmlCropMarkHeight:=13.05666pt

:tex2html_wrap_inline2824:lthtmlCropMarkDepth:=0.0pt:1ex:=4.71457pt
[58]

:tex2html_wrap_inline2826:lthtmlCropMarkHeight:=13.48248pt

:tex2html_wrap_inline2826:lthtmlCropMarkDepth:=3.19804pt:1ex:=4.71457pt
[59]

:tex2html_wrap_indisplay2835:lthtmlCropMarkHeight:=13.48248pt

:tex2html_wrap_indisplay2835:lthtmlCropMarkDepth:=3.19804pt:1ex:=4.71457pt
[60]

:tex2html_wrap_inline2841:lthtmlCropMarkHeight:=13.48248pt

:tex2html_wrap_inline2841:lthtmlCropMarkDepth:=3.19804pt:1ex:=4.71457pt
[61]
<.././Figures/split/2-OnshorePpSv.pdf, id=324, 455.29448pt x 303.9288pt>
File: .././Figures/split/2-OnshorePpSv.pdf Graphic file (type pdf)
<use .././Figures/split/2-OnshorePpSv.pdf>
Package pdftex.def Info: .././Figures/split/2-OnshorePpSv.pdf  used on input li
ne 525.
(pdftex.def)             Requested size: 250.41272pt x 167.16135pt.

:tex2html_wrap2847:lthtmlCropMarkHeight:=173.16135pt

:tex2html_wrap2847:lthtmlCropMarkDepth:=0.0pt:1ex:=4.71457pt
[62 <.././Figures/split/2-OnshorePpSv.pdf>]

:tex2html_wrap_indisplay2852:lthtmlCropMarkHeight:=13.48248pt

:tex2html_wrap_indisplay2852:lthtmlCropMarkDepth:=3.19804pt:1ex:=4.71457pt
[63]
<.././Figures/split/2-20.pdf, id=347, 567.36668pt x 368.27808pt>
File: .././Figures/split/2-20.pdf Graphic file (type pdf)
<use .././Figures/split/2-20.pdf>
Package pdftex.def Info: .././Figures/split/2-20.pdf  used on input line 537.
(pdftex.def)             Requested size: 312.05264pt x 202.55356pt.

:tex2html_wrap2854:lthtmlCropMarkHeight:=208.55356pt

:tex2html_wrap2854:lthtmlCropMarkDepth:=0.0pt:1ex:=4.71457pt
[64 <.././Figures/split/2-20.pdf>]

:tex2html_wrap_inline2859:lthtmlCropMarkHeight:=13.48248pt

:tex2html_wrap_inline2859:lthtmlCropMarkDepth:=1.64249pt:1ex:=4.71457pt
[65]

:tex2html_wrap_indisplay2871:lthtmlCropMarkHeight:=21.07265pt

:tex2html_wrap_indisplay2871:lthtmlCropMarkDepth:=7.51115pt:1ex:=4.71457pt
[66]

:tex2html_wrap_indisplay2873:lthtmlCropMarkHeight:=15.67673pt

:tex2html_wrap_indisplay2873:lthtmlCropMarkDepth:=0.0pt:1ex:=4.71457pt
[67]

:tex2html_wrap_indisplay2875:lthtmlCropMarkHeight:=21.0119pt

:tex2html_wrap_indisplay2875:lthtmlCropMarkDepth:=7.51115pt:1ex:=4.71457pt
[68]

:tex2html_wrap_indisplay2877:lthtmlCropMarkHeight:=15.67673pt

:tex2html_wrap_indisplay2877:lthtmlCropMarkDepth:=0.0pt:1ex:=4.71457pt
[69]

:tex2html_wrap_indisplay2879:lthtmlCropMarkHeight:=21.07265pt

:tex2html_wrap_indisplay2879:lthtmlCropMarkDepth:=7.51115pt:1ex:=4.71457pt
[70]

:tex2html_wrap_indisplay2880:lthtmlCropMarkHeight:=13.05666pt

:tex2html_wrap_indisplay2880:lthtmlCropMarkDepth:=0.0pt:1ex:=4.71457pt
[71]

:tex2html_wrap_indisplay2881:lthtmlCropMarkHeight:=13.05666pt

:tex2html_wrap_indisplay2881:lthtmlCropMarkDepth:=0.0pt:1ex:=4.71457pt
[72]

:tex2html_wrap_indisplay2882:lthtmlCropMarkHeight:=13.05666pt

:tex2html_wrap_indisplay2882:lthtmlCropMarkDepth:=0.0pt:1ex:=4.71457pt
[73]

:tex2html_wrap_indisplay2884:lthtmlCropMarkHeight:=21.0119pt

:tex2html_wrap_indisplay2884:lthtmlCropMarkDepth:=7.51115pt:1ex:=4.71457pt
[74]

:tex2html_wrap_indisplay2886:lthtmlCropMarkHeight:=13.05666pt

:tex2html_wrap_indisplay2886:lthtmlCropMarkDepth:=0.0pt:1ex:=4.71457pt
[75]

:tex2html_wrap_indisplay2887:lthtmlCropMarkHeight:=13.05666pt

:tex2html_wrap_indisplay2887:lthtmlCropMarkDepth:=0.0pt:1ex:=4.71457pt
[76]

:tex2html_wrap_inline2891:lthtmlCropMarkHeight:=10.71457pt

:tex2html_wrap_inline2891:lthtmlCropMarkDepth:=1.64249pt:1ex:=4.71457pt
[77]

:tex2html_wrap_inline2895:lthtmlCropMarkHeight:=11.9031pt

:tex2html_wrap_inline2895:lthtmlCropMarkDepth:=1.64249pt:1ex:=4.71457pt
[78]

:tex2html_wrap_indisplay2897:lthtmlCropMarkHeight:=14.2125pt

:tex2html_wrap_indisplay2897:lthtmlCropMarkDepth:=2.73749pt:1ex:=4.71457pt
[79]

:tex2html_wrap_inline2899:lthtmlCropMarkHeight:=10.71457pt

:tex2html_wrap_inline2899:lthtmlCropMarkDepth:=1.64249pt:1ex:=4.71457pt
[80]

:tex2html_wrap_indisplay2901:lthtmlCropMarkHeight:=14.2125pt

:tex2html_wrap_indisplay2901:lthtmlCropMarkDepth:=3.19804pt:1ex:=4.71457pt
[81]

:tex2html_wrap_indisplay2902:lthtmlCropMarkHeight:=12.96387pt

:tex2html_wrap_indisplay2902:lthtmlCropMarkDepth:=1.64249pt:1ex:=4.71457pt
[82]
<.././Figures/split/2-OffshorePpSv.pdf, id=449, 453.04012pt x 303.9288pt>
File: .././Figures/split/2-OffshorePpSv.pdf Graphic file (type pdf)
<use .././Figures/split/2-OffshorePpSv.pdf>
Package pdftex.def Info: .././Figures/split/2-OffshorePpSv.pdf  used on input l
ine 652.
(pdftex.def)             Requested size: 294.47258pt x 197.55138pt.

:tex2html_wrap2904:lthtmlCropMarkHeight:=203.55138pt

:tex2html_wrap2904:lthtmlCropMarkDepth:=0.0pt:1ex:=4.71457pt
[83 <.././Figures/split/2-OffshorePpSv.pdf>]

:tex2html_wrap_indisplay2913:lthtmlCropMarkHeight:=21.07265pt

:tex2html_wrap_indisplay2913:lthtmlCropMarkDepth:=7.51115pt:1ex:=4.71457pt
[84]

:tex2html_wrap_indisplay2914:lthtmlCropMarkHeight:=13.05666pt

:tex2html_wrap_indisplay2914:lthtmlCropMarkDepth:=0.0pt:1ex:=4.71457pt
[85]

:tex2html_wrap_indisplay2915:lthtmlCropMarkHeight:=13.05666pt

:tex2html_wrap_indisplay2915:lthtmlCropMarkDepth:=0.9125pt:1ex:=4.71457pt
[86]

:tex2html_wrap_indisplay2916:lthtmlCropMarkHeight:=14.2125pt

:tex2html_wrap_indisplay2916:lthtmlCropMarkDepth:=2.73749pt:1ex:=4.71457pt
[87]

:tex2html_wrap_indisplay2917:lthtmlCropMarkHeight:=13.05666pt

:tex2html_wrap_indisplay2917:lthtmlCropMarkDepth:=0.0pt:1ex:=4.71457pt
[88]

:tex2html_wrap_indisplay2919:lthtmlCropMarkHeight:=21.0119pt

:tex2html_wrap_indisplay2919:lthtmlCropMarkDepth:=7.51115pt:1ex:=4.71457pt
[89]

:tex2html_wrap_indisplay2921:lthtmlCropMarkHeight:=13.05666pt

:tex2html_wrap_indisplay2921:lthtmlCropMarkDepth:=0.9125pt:1ex:=4.71457pt
[90]

:tex2html_wrap_indisplay2923:lthtmlCropMarkHeight:=13.05666pt

:tex2html_wrap_indisplay2923:lthtmlCropMarkDepth:=0.0pt:1ex:=4.71457pt
[91]

:tex2html_wrap_indisplay2924:lthtmlCropMarkHeight:=7.15582pt

:tex2html_wrap_indisplay2924:lthtmlCropMarkDepth:=2.12917pt:1ex:=4.71457pt
[92]

:tex2html_wrap_indisplay2926:lthtmlCropMarkHeight:=13.48248pt

:tex2html_wrap_indisplay2926:lthtmlCropMarkDepth:=3.19804pt:1ex:=4.71457pt
[93]

:tex2html_wrap_indisplay2927:lthtmlCropMarkHeight:=13.05666pt

:tex2html_wrap_indisplay2927:lthtmlCropMarkDepth:=0.9125pt:1ex:=4.71457pt
[94]

:tex2html_wrap_indisplay2928:lthtmlCropMarkHeight:=13.05666pt

:tex2html_wrap_indisplay2928:lthtmlCropMarkDepth:=0.0pt:1ex:=4.71457pt
[95]

:tex2html_wrap_indisplay2929:lthtmlCropMarkHeight:=7.15582pt

:tex2html_wrap_indisplay2929:lthtmlCropMarkDepth:=0.0pt:1ex:=4.71457pt
[96]

:tex2html_wrap_inline2931:lthtmlCropMarkHeight:=13.48248pt

:tex2html_wrap_inline2931:lthtmlCropMarkDepth:=3.19804pt:1ex:=4.71457pt
[97]

:tex2html_wrap_inline2933:lthtmlCropMarkHeight:=13.48248pt

:tex2html_wrap_inline2933:lthtmlCropMarkDepth:=1.64249pt:1ex:=4.71457pt
[98]

:tex2html_wrap_inline2935:lthtmlCropMarkHeight:=13.05666pt

:tex2html_wrap_inline2935:lthtmlCropMarkDepth:=1.64249pt:1ex:=4.71457pt
[99]

:tex2html_wrap_inline2937:lthtmlCropMarkHeight:=13.39124pt

:tex2html_wrap_inline2937:lthtmlCropMarkDepth:=0.0pt:1ex:=4.71457pt
[100]

:tex2html_wrap_indisplay2942:lthtmlCropMarkHeight:=21.18205pt

:tex2html_wrap_indisplay2942:lthtmlCropMarkDepth:=9.9293pt:1ex:=4.71457pt
[101]

:tex2html_wrap_inline2944:lthtmlCropMarkHeight:=14.2125pt

:tex2html_wrap_inline2944:lthtmlCropMarkDepth:=2.73749pt:1ex:=4.71457pt
[102]

:tex2html_wrap_indisplay2952:lthtmlCropMarkHeight:=26.07123pt

:tex2html_wrap_indisplay2952:lthtmlCropMarkDepth:=14.09814pt:1ex:=4.71457pt
[103]

:tex2html_wrap_inline2954:lthtmlCropMarkHeight:=13.22179pt

:tex2html_wrap_inline2954:lthtmlCropMarkDepth:=0.0pt:1ex:=4.71457pt
[104]

:tex2html_wrap_inline2956:lthtmlCropMarkHeight:=10.71457pt

:tex2html_wrap_inline2956:lthtmlCropMarkDepth:=1.64249pt:1ex:=4.71457pt
[105]
<.././Figures/split/2-VertStress_TVDSS.pdf, id=539, 544.6716pt x 236.04085pt>
File: .././Figures/split/2-VertStress_TVDSS.pdf Graphic file (type pdf)
<use .././Figures/split/2-VertStress_TVDSS.pdf>
Package pdftex.def Info: .././Figures/split/2-VertStress_TVDSS.pdf  used on inp
ut line 791.
(pdftex.def)             Requested size: 462.97305pt x 200.63565pt.

:tex2html_wrap2960:lthtmlCropMarkHeight:=206.63565pt

:tex2html_wrap2960:lthtmlCropMarkDepth:=0.0pt:1ex:=4.71457pt
[106 <.././Figures/split/2-VertStress_TVDSS.pdf>]

:tex2html_wrap_inline2966:lthtmlCropMarkHeight:=13.05666pt

:tex2html_wrap_inline2966:lthtmlCropMarkDepth:=2.12917pt:1ex:=4.71457pt
[107]

:tex2html_wrap_inline2970:lthtmlCropMarkHeight:=13.05666pt

:tex2html_wrap_inline2970:lthtmlCropMarkDepth:=2.12917pt:1ex:=4.71457pt
[108]
<.././Figures/split/2-9.pdf, id=551, 326.70969pt x 425.88962pt>
File: .././Figures/split/2-9.pdf Graphic file (type pdf)
<use .././Figures/split/2-9.pdf>
Package pdftex.def Info: .././Figures/split/2-9.pdf  used on input line 810.
(pdftex.def)             Requested size: 212.35878pt x 276.82497pt.

:tex2html_wrap2974:lthtmlCropMarkHeight:=282.82497pt

:tex2html_wrap2974:lthtmlCropMarkDepth:=0.0pt:1ex:=4.71457pt
[109 <.././Figures/split/2-9.pdf>]

:tex2html_wrap_inline2979:lthtmlCropMarkHeight:=13.60416pt

:tex2html_wrap_inline2979:lthtmlCropMarkDepth:=3.19804pt:1ex:=4.71457pt
[110]

:tex2html_wrap_indisplay2981:lthtmlCropMarkHeight:=21.68098pt

:tex2html_wrap_indisplay2981:lthtmlCropMarkDepth:=10.24864pt:1ex:=4.71457pt
[111]

:tex2html_wrap_inline2985:lthtmlCropMarkHeight:=13.48248pt

:tex2html_wrap_inline2985:lthtmlCropMarkDepth:=1.695pt:1ex:=4.71457pt
[112]

:tex2html_wrap_inline2987:lthtmlCropMarkHeight:=13.60416pt

:tex2html_wrap_inline2987:lthtmlCropMarkDepth:=3.19804pt:1ex:=4.71457pt
[113]

:tex2html_wrap_inline2989:lthtmlCropMarkHeight:=13.60416pt

:tex2html_wrap_inline2989:lthtmlCropMarkDepth:=3.19804pt:1ex:=4.71457pt
[114]

:tex2html_wrap_inline2991:lthtmlCropMarkHeight:=13.60416pt

:tex2html_wrap_inline2991:lthtmlCropMarkDepth:=3.19804pt:1ex:=4.71457pt
[115]

:tex2html_wrap_inline2993:lthtmlCropMarkHeight:=13.60416pt

:tex2html_wrap_inline2993:lthtmlCropMarkDepth:=3.19804pt:1ex:=4.71457pt
[116]

:tex2html_wrap_inline2996:lthtmlCropMarkHeight:=16.88277pt

:tex2html_wrap_inline2996:lthtmlCropMarkDepth:=3.19804pt:1ex:=4.71457pt
[117]

:tex2html_wrap_inline2998:lthtmlCropMarkHeight:=13.48248pt

:tex2html_wrap_inline2998:lthtmlCropMarkDepth:=3.19804pt:1ex:=4.71457pt
[118]

:tex2html_wrap_inline3000:lthtmlCropMarkHeight:=13.60416pt

:tex2html_wrap_inline3000:lthtmlCropMarkDepth:=0.0pt:1ex:=4.71457pt
[119]

:tex2html_wrap_inline3002:lthtmlCropMarkHeight:=12.3875pt

:tex2html_wrap_inline3002:lthtmlCropMarkDepth:=3.33946pt:1ex:=4.71457pt
[120]

:tex2html_wrap_indisplay3004:lthtmlCropMarkHeight:=14.2125pt

:tex2html_wrap_indisplay3004:lthtmlCropMarkDepth:=3.33946pt:1ex:=4.71457pt
[121]
<.././Figures/split/2-11.pdf, id=624, 651.96204pt x 393.80193pt>
File: .././Figures/split/2-11.pdf Graphic file (type pdf)
<use .././Figures/split/2-11.pdf>
Package pdftex.def Info: .././Figures/split/2-11.pdf  used on input line 889.
(pdftex.def)             Requested size: 423.77031pt x 255.9682pt.

:tex2html_wrap3012:lthtmlCropMarkHeight:=261.9682pt

:tex2html_wrap3012:lthtmlCropMarkDepth:=0.0pt:1ex:=4.71457pt
[122 <.././Figures/split/2-11.pdf>]

:tex2html_wrap_inline3018:lthtmlCropMarkHeight:=13.48248pt

:tex2html_wrap_inline3018:lthtmlCropMarkDepth:=0.0pt:1ex:=4.71457pt
[123]

:tex2html_wrap_inline3020:lthtmlCropMarkHeight:=14.2125pt

:tex2html_wrap_inline3020:lthtmlCropMarkDepth:=2.73749pt:1ex:=4.71457pt
[124]

:tex2html_wrap_inline3028:lthtmlCropMarkHeight:=14.2125pt

:tex2html_wrap_inline3028:lthtmlCropMarkDepth:=2.73749pt:1ex:=4.71457pt
[125]

:tex2html_wrap_inline3032:lthtmlCropMarkHeight:=13.48248pt

:tex2html_wrap_inline3032:lthtmlCropMarkDepth:=0.0pt:1ex:=4.71457pt
[126]
<.././Figures/split/2-12.pdf, id=714, 531.14635pt x 322.55807pt>
File: .././Figures/split/2-12.pdf Graphic file (type pdf)
<use .././Figures/split/2-12.pdf>
Package pdftex.def Info: .././Figures/split/2-12.pdf  used on input line 920.
(pdftex.def)             Requested size: 345.24103pt x 209.66026pt.

:tex2html_wrap3036:lthtmlCropMarkHeight:=215.66026pt

:tex2html_wrap3036:lthtmlCropMarkDepth:=0.0pt:1ex:=4.71457pt
[127 <.././Figures/split/2-12.pdf, page is rotated 90 degrees>]
<.././Figures/split/2-13.pdf, id=749, 471.64206pt x 164.617pt>
File: .././Figures/split/2-13.pdf Graphic file (type pdf)
<use .././Figures/split/2-13.pdf>
Package pdftex.def Info: .././Figures/split/2-13.pdf  used on input line 926.
(pdftex.def)             Requested size: 306.5637pt x 106.99977pt.

:tex2html_wrap3041:lthtmlCropMarkHeight:=112.99977pt

:tex2html_wrap3041:lthtmlCropMarkDepth:=0.0pt:1ex:=4.71457pt
[128 <.././Figures/split/2-13.pdf>]

:tex2html_wrap_inline3046:lthtmlCropMarkHeight:=13.48248pt

:tex2html_wrap_inline3046:lthtmlCropMarkDepth:=0.0pt:1ex:=4.71457pt
[129]

:tex2html_wrap_indisplay3048:lthtmlCropMarkHeight:=21.0119pt

:tex2html_wrap_indisplay3048:lthtmlCropMarkDepth:=9.64032pt:1ex:=4.71457pt
[130]

:tex2html_wrap_inline3050:lthtmlCropMarkHeight:=13.48248pt

:tex2html_wrap_inline3050:lthtmlCropMarkDepth:=0.0pt:1ex:=4.71457pt
[131]

:tex2html_wrap_inline3052:lthtmlCropMarkHeight:=13.48248pt

:tex2html_wrap_inline3052:lthtmlCropMarkDepth:=3.33946pt:1ex:=4.71457pt
[132]

:tex2html_wrap_inline3054:lthtmlCropMarkHeight:=13.60416pt

:tex2html_wrap_inline3054:lthtmlCropMarkDepth:=0.0pt:1ex:=4.71457pt
[133]

:tex2html_wrap_inline3056:lthtmlCropMarkHeight:=10.71457pt

:tex2html_wrap_inline3056:lthtmlCropMarkDepth:=2.12917pt:1ex:=4.71457pt
[134]

:tex2html_wrap_indisplay3058:lthtmlCropMarkHeight:=22.59772pt

:tex2html_wrap_indisplay3058:lthtmlCropMarkDepth:=7.51115pt:1ex:=4.71457pt
[135]
<.././Figures/split/2-14.pdf, id=787, 547.67679pt x 263.99327pt>
File: .././Figures/split/2-14.pdf Graphic file (type pdf)
<use .././Figures/split/2-14.pdf>
Package pdftex.def Info: .././Figures/split/2-14.pdf  used on input line 974.
(pdftex.def)             Requested size: 355.98569pt x 171.59358pt.

:tex2html_wrap3060:lthtmlCropMarkHeight:=177.59358pt

:tex2html_wrap3060:lthtmlCropMarkDepth:=0.0pt:1ex:=4.71457pt
[136 <.././Figures/split/2-14.pdf>]

:tex2html_wrap_inline3065:lthtmlCropMarkHeight:=13.48248pt

:tex2html_wrap_inline3065:lthtmlCropMarkDepth:=1.7839pt:1ex:=4.71457pt
[137]

:tex2html_wrap_inline3067:lthtmlCropMarkHeight:=14.2125pt

:tex2html_wrap_inline3067:lthtmlCropMarkDepth:=2.73749pt:1ex:=4.71457pt
[138]

:tex2html_wrap_indisplay3069:lthtmlCropMarkHeight:=22.53697pt

:tex2html_wrap_indisplay3069:lthtmlCropMarkDepth:=9.29506pt:1ex:=4.71457pt
[139]

:tex2html_wrap_inline3071:lthtmlCropMarkHeight:=13.48248pt

:tex2html_wrap_inline3071:lthtmlCropMarkDepth:=0.0pt:1ex:=4.71457pt
[140]

:tex2html_wrap_inline3075:lthtmlCropMarkHeight:=13.60416pt

:tex2html_wrap_inline3075:lthtmlCropMarkDepth:=0.0pt:1ex:=4.71457pt
[141]

:tex2html_wrap_inline3077:lthtmlCropMarkHeight:=13.48248pt

:tex2html_wrap_inline3077:lthtmlCropMarkDepth:=0.0pt:1ex:=4.71457pt
[142]

:tex2html_wrap_inline3083:lthtmlCropMarkHeight:=13.48248pt

:tex2html_wrap_inline3083:lthtmlCropMarkDepth:=1.7839pt:1ex:=4.71457pt
[143]

:tex2html_wrap_indisplay3091:lthtmlCropMarkHeight:=14.2125pt

:tex2html_wrap_indisplay3091:lthtmlCropMarkDepth:=2.73749pt:1ex:=4.71457pt
[144]
<.././Figures/split/2-16.pdf, id=866, 619.87407pt x 419.3271pt>
File: .././Figures/split/2-16.pdf Graphic file (type pdf)
<use .././Figures/split/2-16.pdf>
Package pdftex.def Info: .././Figures/split/2-16.pdf  used on input line 1028.
(pdftex.def)             Requested size: 402.91336pt x 272.55937pt.

:tex2html_wrap3093:lthtmlCropMarkHeight:=278.55937pt

:tex2html_wrap3093:lthtmlCropMarkDepth:=0.0pt:1ex:=4.71457pt
[145 <.././Figures/split/2-16.pdf>]

:tex2html_wrap_inline3102:lthtmlCropMarkHeight:=13.60416pt

:tex2html_wrap_inline3102:lthtmlCropMarkDepth:=2.12917pt:1ex:=4.71457pt
[146]

:tex2html_wrap_inline3104:lthtmlCropMarkHeight:=15.12923pt

:tex2html_wrap_inline3104:lthtmlCropMarkDepth:=2.12917pt:1ex:=4.71457pt
[147]

:tex2html_wrap_inline3106:lthtmlCropMarkHeight:=15.12923pt

:tex2html_wrap_inline3106:lthtmlCropMarkDepth:=0.0pt:1ex:=4.71457pt
[148]

:tex2html_wrap_inline3108:lthtmlCropMarkHeight:=13.60416pt

:tex2html_wrap_inline3108:lthtmlCropMarkDepth:=2.12917pt:1ex:=4.71457pt
[149]

:tex2html_wrap_inline3110:lthtmlCropMarkHeight:=13.48248pt

:tex2html_wrap_inline3110:lthtmlCropMarkDepth:=1.64249pt:1ex:=4.71457pt
[150]

:tex2html_wrap_indisplay3112:lthtmlCropMarkHeight:=29.98064pt

:tex2html_wrap_indisplay3112:lthtmlCropMarkDepth:=9.64032pt:1ex:=4.71457pt
[151]

:tex2html_wrap_indisplay3113:lthtmlCropMarkHeight:=13.05666pt

:tex2html_wrap_indisplay3113:lthtmlCropMarkDepth:=0.9125pt:1ex:=4.71457pt
[152]

:tex2html_wrap_indisplay3114:lthtmlCropMarkHeight:=13.05666pt

:tex2html_wrap_indisplay3114:lthtmlCropMarkDepth:=0.0pt:1ex:=4.71457pt
[153]

:tex2html_wrap_indisplay3117:lthtmlCropMarkHeight:=20.95097pt

:tex2html_wrap_indisplay3117:lthtmlCropMarkDepth:=9.15364pt:1ex:=4.71457pt
[154]
<.././Figures/split/2-17.pdf, id=921, 518.50714pt x 404.01189pt>
File: .././Figures/split/2-17.pdf Graphic file (type pdf)
<use .././Figures/split/2-17.pdf>
Package pdftex.def Info: .././Figures/split/2-17.pdf  used on input line 1090.
(pdftex.def)             Requested size: 337.02563pt x 262.60461pt.

:tex2html_wrap3124:lthtmlCropMarkHeight:=268.60461pt

:tex2html_wrap3124:lthtmlCropMarkDepth:=0.0pt:1ex:=4.71457pt
[155 <.././Figures/split/2-17.pdf>]

:tex2html_wrap_inline3133:lthtmlCropMarkHeight:=13.48248pt

:tex2html_wrap_inline3133:lthtmlCropMarkDepth:=1.695pt:1ex:=4.71457pt
[156]

:tex2html_wrap_inline3135:lthtmlCropMarkHeight:=13.48248pt

:tex2html_wrap_inline3135:lthtmlCropMarkDepth:=1.7839pt:1ex:=4.71457pt
[157]

:tex2html_wrap_inline3137:lthtmlCropMarkHeight:=13.48248pt

:tex2html_wrap_inline3137:lthtmlCropMarkDepth:=1.7839pt:1ex:=4.71457pt
[158]
<.././Figures/split/3-20.pdf, id=954, 767.70273pt x 474.09804pt>
File: .././Figures/split/3-20.pdf Graphic file (type pdf)
<use .././Figures/split/3-20.pdf>
Package pdftex.def Info: .././Figures/split/3-20.pdf  used on input line 1116.
(pdftex.def)             Requested size: 422.23781pt x 260.75471pt.

:tex2html_wrap3139:lthtmlCropMarkHeight:=266.75471pt

:tex2html_wrap3139:lthtmlCropMarkDepth:=0.0pt:1ex:=4.71457pt
[159 <.././Figures/split/3-20.pdf>]
<.././Figures/split/3-16.pdf, id=985, 761.28458pt x 470.88924pt>
File: .././Figures/split/3-16.pdf Graphic file (type pdf)
<use .././Figures/split/3-16.pdf>
Package pdftex.def Info: .././Figures/split/3-16.pdf  used on input line 1122.
(pdftex.def)             Requested size: 418.70781pt x 258.98988pt.

:tex2html_wrap3144:lthtmlCropMarkHeight:=264.98988pt

:tex2html_wrap3144:lthtmlCropMarkDepth:=0.0pt:1ex:=4.71457pt
[160 <.././Figures/split/3-16.pdf>]
<.././Figures/split/3-18.pdf, id=1006, 778.13109pt x 466.07686pt>
File: .././Figures/split/3-18.pdf Graphic file (type pdf)
<use .././Figures/split/3-18.pdf>
Package pdftex.def Info: .././Figures/split/3-18.pdf  used on input line 1128.
(pdftex.def)             Requested size: 427.97342pt x 256.34306pt.

:tex2html_wrap3149:lthtmlCropMarkHeight:=262.34306pt

:tex2html_wrap3149:lthtmlCropMarkDepth:=0.0pt:1ex:=4.71457pt
[161 <.././Figures/split/3-18.pdf>]
<.././Figures/split/3-2.pdf, id=1023, 685.07622pt x 465.27388pt>
File: .././Figures/split/3-2.pdf Graphic file (type pdf)
<use .././Figures/split/3-2.pdf>
Package pdftex.def Info: .././Figures/split/3-2.pdf  used on input line 1135.
(pdftex.def)             Requested size: 445.29427pt x 302.42442pt.

:tex2html_wrap3165:lthtmlCropMarkHeight:=308.42442pt

:tex2html_wrap3165:lthtmlCropMarkDepth:=0.0pt:1ex:=4.71457pt
[162 <.././Figures/split/3-2.pdf>]

:tex2html_wrap_inline3173:lthtmlCropMarkHeight:=13.48248pt

:tex2html_wrap_inline3173:lthtmlCropMarkDepth:=1.7839pt:1ex:=4.71457pt
[163]

:tex2html_wrap_inline3200:lthtmlCropMarkHeight:=13.48248pt

:tex2html_wrap_inline3200:lthtmlCropMarkDepth:=1.64249pt:1ex:=4.71457pt
[164]

:tex2html_wrap_inline3215:lthtmlCropMarkHeight:=13.48248pt

:tex2html_wrap_inline3215:lthtmlCropMarkDepth:=1.7839pt:1ex:=4.71457pt
[165]

:tex2html_wrap_inline3217:lthtmlCropMarkHeight:=13.48248pt

:tex2html_wrap_inline3217:lthtmlCropMarkDepth:=1.695pt:1ex:=4.71457pt
[166]

:tex2html_wrap_inline3219:lthtmlCropMarkHeight:=13.48248pt

:tex2html_wrap_inline3219:lthtmlCropMarkDepth:=1.695pt:1ex:=4.71457pt
[167]

:tex2html_wrap_inline3221:lthtmlCropMarkHeight:=13.48248pt

:tex2html_wrap_inline3221:lthtmlCropMarkDepth:=1.7839pt:1ex:=4.71457pt
[168]

:tex2html_wrap_inline3225:lthtmlCropMarkHeight:=13.05666pt

:tex2html_wrap_inline3225:lthtmlCropMarkDepth:=0.0pt:1ex:=4.71457pt
[169]

:tex2html_wrap_inline3229:lthtmlCropMarkHeight:=13.48248pt

:tex2html_wrap_inline3229:lthtmlCropMarkDepth:=3.19804pt:1ex:=4.71457pt
[170]

:tex2html_wrap_inline3231:lthtmlCropMarkHeight:=13.48248pt

:tex2html_wrap_inline3231:lthtmlCropMarkDepth:=3.19804pt:1ex:=4.71457pt
[171]
<.././Figures/split/2-StressProfiles.pdf, id=1073, 810.3346pt x 877.23836pt>
File: .././Figures/split/2-StressProfiles.pdf Graphic file (type pdf)
<use .././Figures/split/2-StressProfiles.pdf>
Package pdftex.def Info: .././Figures/split/2-StressProfiles.pdf  used on input
 line 1198.
(pdftex.def)             Requested size: 445.68541pt x 482.48259pt.

:tex2html_wrap3235:lthtmlCropMarkHeight:=488.48259pt

:tex2html_wrap3235:lthtmlCropMarkDepth:=0.0pt:1ex:=4.71457pt
[172 <.././Figures/split/2-StressProfiles.pdf>]

:tex2html_wrap_inline3241:lthtmlCropMarkHeight:=13.48248pt

:tex2html_wrap_inline3241:lthtmlCropMarkDepth:=1.7839pt:1ex:=4.71457pt
[173]

:tex2html_wrap_inline3243:lthtmlCropMarkHeight:=13.48248pt

:tex2html_wrap_inline3243:lthtmlCropMarkDepth:=1.695pt:1ex:=4.71457pt
[174]

:tex2html_wrap_inline3245:lthtmlCropMarkHeight:=13.48248pt

:tex2html_wrap_inline3245:lthtmlCropMarkDepth:=1.695pt:1ex:=4.71457pt
[175]

:tex2html_wrap_inline3256:lthtmlCropMarkHeight:=13.48248pt

:tex2html_wrap_inline3256:lthtmlCropMarkDepth:=1.7839pt:1ex:=4.71457pt
[176]

:tex2html_wrap_inline3260:lthtmlCropMarkHeight:=13.48248pt

:tex2html_wrap_inline3260:lthtmlCropMarkDepth:=1.7839pt:1ex:=4.71457pt
[177]

:tex2html_wrap_inline3262:lthtmlCropMarkHeight:=13.48248pt

:tex2html_wrap_inline3262:lthtmlCropMarkDepth:=1.695pt:1ex:=4.71457pt
[178]

:tex2html_wrap_inline3296:lthtmlCropMarkHeight:=15.12923pt

:tex2html_wrap_inline3296:lthtmlCropMarkDepth:=2.12917pt:1ex:=4.71457pt
[179]

:tex2html_wrap_inline3298:lthtmlCropMarkHeight:=10.71457pt

:tex2html_wrap_inline3298:lthtmlCropMarkDepth:=1.64249pt:1ex:=4.71457pt
[180]
Package atveryend Info: Empty hook `BeforeClearDocument' on input line 1255.
Package atveryend Info: Empty hook `AfterLastShipout' on input line 1255.
(./images.aux)
Package atveryend Info: Executing hook `AtVeryEndDocument' on input line 1255.
Package atveryend Info: Executing hook `AtEndAfterFileList' on input line 1255.

Package rerunfilecheck Info: File `images.out' has not changed.
(rerunfilecheck)             Checksum: D41D8CD98F00B204E9800998ECF8427E;0.

LaTeX Warning: There were multiply-defined labels.

Package atveryend Info: Empty hook `AtVeryVeryEnd' on input line 1255.
 ) 
Here is how much of TeX's memory you used:
 7233 strings out of 494880
 106791 string characters out of 6179602
 188806 words of memory out of 5000000
 10445 multiletter control sequences out of 15000+600000
 8707 words of font info for 34 fonts, out of 8000000 for 9000
 36 hyphenation exceptions out of 8191
 33i,6n,26p,401b,335s stack positions out of 5000i,500n,10000p,200000b,80000s
</usr/share/texlive/texmf-dist/fonts/type1/public/amsfonts/cm/cmex10.pfb></us
r/share/texlive/texmf-dist/fonts/type1/public/amsfonts/cm/cmmi10.pfb></usr/shar
e/texlive/texmf-dist/fonts/type1/public/amsfonts/cm/cmmi6.pfb></usr/share/texli
ve/texmf-dist/fonts/type1/public/amsfonts/cm/cmmi8.pfb></usr/share/texlive/texm
f-dist/fonts/type1/public/amsfonts/cm/cmr10.pfb></usr/share/texlive/texmf-dist/
fonts/type1/public/amsfonts/cm/cmr6.pfb></usr/share/texlive/texmf-dist/fonts/ty
pe1/public/amsfonts/cm/cmr8.pfb></usr/share/texlive/texmf-dist/fonts/type1/publ
ic/amsfonts/cm/cmsy10.pfb></usr/share/texlive/texmf-dist/fonts/type1/public/ams
fonts/cm/cmsy8.pfb></usr/share/texlive/texmf-dist/fonts/type1/public/amsfonts/s
ymbols/msam10.pfb>
Output written on images.pdf (180 pages, 16897090 bytes).
PDF statistics:
 1221 PDF objects out of 1440 (max. 8388607)
 785 compressed objects within 8 object streams
 0 named destinations out of 1000 (max. 500000)
 116 words of extra memory for PDF output out of 10000 (max. 10000000)

