This is pdfTeX, Version 3.141592653-2.6-1.40.22 (TeX Live 2022/dev/Debian) (preloaded format=pdflatex 2023.8.21)  18 SEP 2023 14:42
entering extended mode
 restricted \write18 enabled.
 %&-line parsing enabled.
**./images.tex
(./images.tex
LaTeX2e <2021-11-15> patch level 1
L3 programming layer <2022-01-21>
(/usr/share/texlive/texmf-dist/tex/latex/base/report.cls
Document Class: report 2021/10/04 v1.4n Standard LaTeX document class
(/usr/share/texlive/texmf-dist/tex/latex/base/size11.clo
File: size11.clo 2021/10/04 v1.4n Standard LaTeX file (size option)
)
\c@part=\count185
\c@chapter=\count186
\c@section=\count187
\c@subsection=\count188
\c@subsubsection=\count189
\c@paragraph=\count190
\c@subparagraph=\count191
\c@figure=\count192
\c@table=\count193
\abovecaptionskip=\skip47
\belowcaptionskip=\skip48
\bibindent=\dimen138
) (/usr/share/texlive/texmf-dist/tex/latex/base/ifthen.sty
Package: ifthen 2020/11/24 v1.1c Standard LaTeX ifthen package (DPC)
) (/usr/share/texlive/texmf-dist/tex/latex/graphics/graphicx.sty
Package: graphicx 2021/09/16 v1.2d Enhanced LaTeX Graphics (DPC,SPQR)
(/usr/share/texlive/texmf-dist/tex/latex/graphics/keyval.sty
Package: keyval 2014/10/28 v1.15 key=value parser (DPC)
\KV@toks@=\toks16
) (/usr/share/texlive/texmf-dist/tex/latex/graphics/graphics.sty
Package: graphics 2021/03/04 v1.4d Standard LaTeX Graphics (DPC,SPQR)
(/usr/share/texlive/texmf-dist/tex/latex/graphics/trig.sty
Package: trig 2021/08/11 v1.11 sin cos tan (DPC)
) (/usr/share/texlive/texmf-dist/tex/latex/graphics-cfg/graphics.cfg
File: graphics.cfg 2016/06/04 v1.11 sample graphics configuration
)
Package graphics Info: Driver file: pdftex.def on input line 107.
(/usr/share/texlive/texmf-dist/tex/latex/graphics-def/pdftex.def
File: pdftex.def 2020/10/05 v1.2a Graphics/color driver for pdftex
))
\Gin@req@height=\dimen139
\Gin@req@width=\dimen140
) (/usr/share/texlive/texmf-dist/tex/latex/preprint/authblk.sty
Package: authblk 2001/02/27 1.3 (PWD)
\affilsep=\skip49
\@affilsep=\skip50
\c@Maxaffil=\count194
\c@authors=\count195
\c@affil=\count196
) (/usr/share/texlive/texmf-dist/tex/latex/mathtools/mathtools.sty
Package: mathtools 2021/02/02 v1.28 mathematical typesetting tools
(/usr/share/texlive/texmf-dist/tex/latex/tools/calc.sty
Package: calc 2017/05/25 v4.3 Infix arithmetic (KKT,FJ)
\calc@Acount=\count197
\calc@Bcount=\count198
\calc@Adimen=\dimen141
\calc@Bdimen=\dimen142
\calc@Askip=\skip51
\calc@Bskip=\skip52
LaTeX Info: Redefining \setlength on input line 80.
LaTeX Info: Redefining \addtolength on input line 81.
\calc@Ccount=\count199
\calc@Cskip=\skip53
) (/usr/share/texlive/texmf-dist/tex/latex/mathtools/mhsetup.sty
Package: mhsetup 2021/03/18 v1.4 programming setup (MH)
) (/usr/share/texlive/texmf-dist/tex/latex/amsmath/amsmath.sty
Package: amsmath 2021/10/15 v2.17l AMS math features
\@mathmargin=\skip54
For additional information on amsmath, use the `?' option.
(/usr/share/texlive/texmf-dist/tex/latex/amsmath/amstext.sty
Package: amstext 2021/08/26 v2.01 AMS text
(/usr/share/texlive/texmf-dist/tex/latex/amsmath/amsgen.sty
File: amsgen.sty 1999/11/30 v2.0 generic functions
\@emptytoks=\toks17
\ex@=\dimen143
)) (/usr/share/texlive/texmf-dist/tex/latex/amsmath/amsbsy.sty
Package: amsbsy 1999/11/29 v1.2d Bold Symbols
\pmbraise@=\dimen144
) (/usr/share/texlive/texmf-dist/tex/latex/amsmath/amsopn.sty
Package: amsopn 2021/08/26 v2.02 operator names
)
\inf@bad=\count266
LaTeX Info: Redefining \frac on input line 234.
\uproot@=\count267
\leftroot@=\count268
LaTeX Info: Redefining \overline on input line 399.
\classnum@=\count269
\DOTSCASE@=\count270
LaTeX Info: Redefining \ldots on input line 496.
LaTeX Info: Redefining \dots on input line 499.
LaTeX Info: Redefining \cdots on input line 620.
\Mathstrutbox@=\box50
\strutbox@=\box51
\big@size=\dimen145
LaTeX Font Info:    Redeclaring font encoding OML on input line 743.
LaTeX Font Info:    Redeclaring font encoding OMS on input line 744.
\macc@depth=\count271
\c@MaxMatrixCols=\count272
\dotsspace@=\muskip16
\c@parentequation=\count273
\dspbrk@lvl=\count274
\tag@help=\toks18
\row@=\count275
\column@=\count276
\maxfields@=\count277
\andhelp@=\toks19
\eqnshift@=\dimen146
\alignsep@=\dimen147
\tagshift@=\dimen148
\tagwidth@=\dimen149
\totwidth@=\dimen150
\lineht@=\dimen151
\@envbody=\toks20
\multlinegap=\skip55
\multlinetaggap=\skip56
\mathdisplay@stack=\toks21
LaTeX Info: Redefining \[ on input line 2938.
LaTeX Info: Redefining \] on input line 2939.
)
\g_MT_multlinerow_int=\count278
\l_MT_multwidth_dim=\dimen152
\origjot=\skip57
\l_MT_shortvdotswithinadjustabove_dim=\dimen153
\l_MT_shortvdotswithinadjustbelow_dim=\dimen154
\l_MT_above_intertext_sep=\dimen155
\l_MT_below_intertext_sep=\dimen156
\l_MT_above_shortintertext_sep=\dimen157
\l_MT_below_shortintertext_sep=\dimen158
\xmathstrut@box=\box52
\xmathstrut@dim=\dimen159
) (/usr/share/texlive/texmf-dist/tex/latex/amsfonts/amssymb.sty
Package: amssymb 2013/01/14 v3.01 AMS font symbols
(/usr/share/texlive/texmf-dist/tex/latex/amsfonts/amsfonts.sty
Package: amsfonts 2013/01/14 v3.01 Basic AMSFonts support
\symAMSa=\mathgroup4
\symAMSb=\mathgroup5
LaTeX Font Info:    Redeclaring math symbol \hbar on input line 98.
LaTeX Font Info:    Overwriting math alphabet `\mathfrak' in version `bold'
(Font)                  U/euf/m/n --> U/euf/b/n on input line 106.
)) (/usr/share/texlive/texmf-dist/tex/generic/ulem/ulem.sty
\UL@box=\box53
\UL@hyphenbox=\box54
\UL@skip=\skip58
\UL@hook=\toks22
\UL@height=\dimen160
\UL@pe=\count279
\UL@pixel=\dimen161
\ULC@box=\box55
Package: ulem 2019/11/18
\ULdepth=\dimen162
) (/usr/share/texlive/texmf-dist/tex/latex/float/float.sty
Package: float 2001/11/08 v1.3d Float enhancements (AL)
\c@float@type=\count280
\float@exts=\toks23
\float@box=\box56
\@float@everytoks=\toks24
\@floatcapt=\box57
) (/usr/share/texlive/texmf-dist/tex/latex/hyperref/hyperref.sty
Package: hyperref 2021-06-07 v7.00m Hypertext links for LaTeX
(/usr/share/texlive/texmf-dist/tex/generic/ltxcmds/ltxcmds.sty
Package: ltxcmds 2020-05-10 v1.25 LaTeX kernel commands for general use (HO)
) (/usr/share/texlive/texmf-dist/tex/generic/iftex/iftex.sty
Package: iftex 2020/03/06 v1.0d TeX engine tests
) (/usr/share/texlive/texmf-dist/tex/generic/pdftexcmds/pdftexcmds.sty
Package: pdftexcmds 2020-06-27 v0.33 Utility functions of pdfTeX for LuaTeX (HO
)
(/usr/share/texlive/texmf-dist/tex/generic/infwarerr/infwarerr.sty
Package: infwarerr 2019/12/03 v1.5 Providing info/warning/error messages (HO)
)
Package pdftexcmds Info: \pdf@primitive is available.
Package pdftexcmds Info: \pdf@ifprimitive is available.
Package pdftexcmds Info: \pdfdraftmode found.
) (/usr/share/texlive/texmf-dist/tex/generic/kvsetkeys/kvsetkeys.sty
Package: kvsetkeys 2019/12/15 v1.18 Key value parser (HO)
) (/usr/share/texlive/texmf-dist/tex/generic/kvdefinekeys/kvdefinekeys.sty
Package: kvdefinekeys 2019-12-19 v1.6 Define keys (HO)
) (/usr/share/texlive/texmf-dist/tex/generic/pdfescape/pdfescape.sty
Package: pdfescape 2019/12/09 v1.15 Implements pdfTeX's escape features (HO)
) (/usr/share/texlive/texmf-dist/tex/latex/hycolor/hycolor.sty
Package: hycolor 2020-01-27 v1.10 Color options for hyperref/bookmark (HO)
) (/usr/share/texlive/texmf-dist/tex/latex/letltxmacro/letltxmacro.sty
Package: letltxmacro 2019/12/03 v1.6 Let assignment for LaTeX macros (HO)
) (/usr/share/texlive/texmf-dist/tex/latex/auxhook/auxhook.sty
Package: auxhook 2019-12-17 v1.6 Hooks for auxiliary files (HO)
) (/usr/share/texlive/texmf-dist/tex/latex/kvoptions/kvoptions.sty
Package: kvoptions 2020-10-07 v3.14 Key value format for package options (HO)
)
\@linkdim=\dimen163
\Hy@linkcounter=\count281
\Hy@pagecounter=\count282
(/usr/share/texlive/texmf-dist/tex/latex/hyperref/pd1enc.def
File: pd1enc.def 2021-06-07 v7.00m Hyperref: PDFDocEncoding definition (HO)
Now handling font encoding PD1 ...
... no UTF-8 mapping file for font encoding PD1
) (/usr/share/texlive/texmf-dist/tex/latex/hyperref/hyperref-langpatches.def
File: hyperref-langpatches.def 2021-06-07 v7.00m Hyperref: patches for babel la
nguages
) (/usr/share/texlive/texmf-dist/tex/generic/intcalc/intcalc.sty
Package: intcalc 2019/12/15 v1.3 Expandable calculations with integers (HO)
) (/usr/share/texlive/texmf-dist/tex/generic/etexcmds/etexcmds.sty
Package: etexcmds 2019/12/15 v1.7 Avoid name clashes with e-TeX commands (HO)
)
\Hy@SavedSpaceFactor=\count283
(/usr/share/texlive/texmf-dist/tex/latex/hyperref/puenc.def
File: puenc.def 2021-06-07 v7.00m Hyperref: PDF Unicode definition (HO)
Now handling font encoding PU ...
... no UTF-8 mapping file for font encoding PU
)
Package hyperref Info: Hyper figures OFF on input line 4192.
Package hyperref Info: Link nesting OFF on input line 4197.
Package hyperref Info: Hyper index ON on input line 4200.
Package hyperref Info: Plain pages OFF on input line 4207.
Package hyperref Info: Backreferencing OFF on input line 4212.
Package hyperref Info: Implicit mode ON; LaTeX internals redefined.
Package hyperref Info: Bookmarks ON on input line 4445.
\c@Hy@tempcnt=\count284
(/usr/share/texlive/texmf-dist/tex/latex/url/url.sty
\Urlmuskip=\muskip17
Package: url 2013/09/16  ver 3.4  Verb mode for urls, etc.
)
LaTeX Info: Redefining \url on input line 4804.
\XeTeXLinkMargin=\dimen164
(/usr/share/texlive/texmf-dist/tex/generic/bitset/bitset.sty
Package: bitset 2019/12/09 v1.3 Handle bit-vector datatype (HO)
(/usr/share/texlive/texmf-dist/tex/generic/bigintcalc/bigintcalc.sty
Package: bigintcalc 2019/12/15 v1.5 Expandable calculations on big integers (HO
)
))
\Fld@menulength=\count285
\Field@Width=\dimen165
\Fld@charsize=\dimen166
Package hyperref Info: Hyper figures OFF on input line 6076.
Package hyperref Info: Link nesting OFF on input line 6081.
Package hyperref Info: Hyper index ON on input line 6084.
Package hyperref Info: backreferencing OFF on input line 6091.
Package hyperref Info: Link coloring OFF on input line 6096.
Package hyperref Info: Link coloring with OCG OFF on input line 6101.
Package hyperref Info: PDF/A mode OFF on input line 6106.
LaTeX Info: Redefining \ref on input line 6146.
LaTeX Info: Redefining \pageref on input line 6150.
(/usr/share/texlive/texmf-dist/tex/latex/base/atbegshi-ltx.sty
Package: atbegshi-ltx 2021/01/10 v1.0c Emulation of the original atbegshi
package with kernel methods
)
\Hy@abspage=\count286
\c@Item=\count287
\c@Hfootnote=\count288
)
Package hyperref Info: Driver (autodetected): hpdftex.
(/usr/share/texlive/texmf-dist/tex/latex/hyperref/hpdftex.def
File: hpdftex.def 2021-06-07 v7.00m Hyperref driver for pdfTeX
(/usr/share/texlive/texmf-dist/tex/latex/base/atveryend-ltx.sty
Package: atveryend-ltx 2020/08/19 v1.0a Emulation of the original atveryend pac
kage
with kernel methods
)
\Fld@listcount=\count289
\c@bookmark@seq@number=\count290
(/usr/share/texlive/texmf-dist/tex/latex/rerunfilecheck/rerunfilecheck.sty
Package: rerunfilecheck 2019/12/05 v1.9 Rerun checks for auxiliary files (HO)
(/usr/share/texlive/texmf-dist/tex/generic/uniquecounter/uniquecounter.sty
Package: uniquecounter 2019/12/15 v1.4 Provide unlimited unique counter (HO)
)
Package uniquecounter Info: New unique counter `rerunfilecheck' on input line 2
86.
)
\Hy@SectionHShift=\skip59
) (/usr/share/texlive/texmf-dist/tex/latex/graphics/color.sty
Package: color 2021/12/07 v1.3c Standard LaTeX Color (DPC)
(/usr/share/texlive/texmf-dist/tex/latex/graphics-cfg/color.cfg
File: color.cfg 2016/01/02 v1.6 sample color configuration
)
Package color Info: Driver file: pdftex.def on input line 149.
) (/usr/share/texlive/texmf-dist/tex/generic/soul/soul.sty
Package: soul 2003/11/17 v2.4 letterspacing/underlining (mf)
\SOUL@word=\toks25
\SOUL@lasttoken=\toks26
\SOUL@cmds=\toks27
\SOUL@buffer=\toks28
\SOUL@token=\toks29
\SOUL@spaceskip=\skip60
\SOUL@ttwidth=\dimen167
\SOUL@uldp=\dimen168
\SOUL@ulht=\dimen169
) (/usr/share/texlive/texmf-dist/tex/latex/tools/enumerate.sty
Package: enumerate 2015/07/23 v3.00 enumerate extensions (DPC)
\@enLab=\toks30
) (/usr/share/texlive/texmf-dist/tex/latex/xcolor/xcolor.sty
Package: xcolor 2021/10/31 v2.13 LaTeX color extensions (UK)
(/usr/share/texlive/texmf-dist/tex/latex/graphics-cfg/color.cfg
File: color.cfg 2016/01/02 v1.6 sample color configuration
)
Package xcolor Info: Driver file: pdftex.def on input line 227.
LaTeX Info: Redefining \color on input line 711.
Package xcolor Info: Model `cmy' substituted by `cmy0' on input line 1352.
Package xcolor Info: Model `hsb' substituted by `rgb' on input line 1356.
Package xcolor Info: Model `RGB' extended on input line 1368.
Package xcolor Info: Model `HTML' substituted by `rgb' on input line 1370.
Package xcolor Info: Model `Hsb' substituted by `hsb' on input line 1371.
Package xcolor Info: Model `tHsb' substituted by `hsb' on input line 1372.
Package xcolor Info: Model `HSB' substituted by `hsb' on input line 1373.
Package xcolor Info: Model `Gray' substituted by `gray' on input line 1374.
Package xcolor Info: Model `wave' substituted by `hsb' on input line 1375.
) (/usr/share/texlive/texmf-dist/tex/latex/breakcites/breakcites.sty) (/usr/sha
re/texlive/texmf-dist/tex/latex/listings/listings.sty
\lst@mode=\count291
\lst@gtempboxa=\box58
\lst@token=\toks31
\lst@length=\count292
\lst@currlwidth=\dimen170
\lst@column=\count293
\lst@pos=\count294
\lst@lostspace=\dimen171
\lst@width=\dimen172
\lst@newlines=\count295
\lst@lineno=\count296
\lst@maxwidth=\dimen173
(/usr/share/texlive/texmf-dist/tex/latex/listings/lstmisc.sty
File: lstmisc.sty 2020/03/24 1.8d (Carsten Heinz)
\c@lstnumber=\count297
\lst@skipnumbers=\count298
\lst@framebox=\box59
) (/usr/share/texlive/texmf-dist/tex/latex/listings/listings.cfg
File: listings.cfg 2020/03/24 1.8d listings configuration
))
Package: listings 2020/03/24 1.8d (Carsten Heinz)
\sizebox=\box60
\lthtmlwrite=\write3
(/usr/share/texmf/tex/latex/preview/preview.sty
Package: preview 2017/04/24 12.2 (AUCTeX/preview-latex)
(/usr/share/texlive/texmf-dist/tex/generic/luatex85/luatex85.sty
Package: luatex85 2016/06/15 v1.4 pdftex aliases for luatex
) (/usr/share/texmf/tex/latex/preview/prtightpage.def
\PreviewBorder=\dimen174
)
\pr@snippet=\count299
\pr@box=\box61
\pr@output=\toks32
)
\lthtmlPageBox=\box62
\lthtmlCropMarkHeight=\dimen175
\lthtmlCropMarkDepth=\dimen176
(/usr/share/texlive/texmf-dist/tex/latex/l3backend/l3backend-pdftex.def
File: l3backend-pdftex.def 2022-01-12 L3 backend support: PDF output (pdfTeX)
\l__color_backend_stack_int=\count300
\l__pdf_internal_box=\box63
) (./images.aux

LaTeX Warning: Label `fig:VertStress' multiply defined.


LaTeX Warning: Label `fig:ReussVoigt' multiply defined.


LaTeX Warning: Label `fig:ContMech' multiply defined.


LaTeX Warning: Label `fig:Biot' multiply defined.


LaTeX Warning: Label `fig:FracStress2' multiply defined.


LaTeX Warning: Label `fig:DevWell' multiply defined.


LaTeX Warning: Label `fig:PKNequations' multiply defined.

)
\openout1 = `images.aux'.

LaTeX Font Info:    Checking defaults for OML/cmm/m/it on input line 127.
LaTeX Font Info:    ... okay on input line 127.
LaTeX Font Info:    Checking defaults for OMS/cmsy/m/n on input line 127.
LaTeX Font Info:    ... okay on input line 127.
LaTeX Font Info:    Checking defaults for OT1/cmr/m/n on input line 127.
LaTeX Font Info:    ... okay on input line 127.
LaTeX Font Info:    Checking defaults for T1/cmr/m/n on input line 127.
LaTeX Font Info:    ... okay on input line 127.
LaTeX Font Info:    Checking defaults for TS1/cmr/m/n on input line 127.
LaTeX Font Info:    ... okay on input line 127.
LaTeX Font Info:    Checking defaults for OMX/cmex/m/n on input line 127.
LaTeX Font Info:    ... okay on input line 127.
LaTeX Font Info:    Checking defaults for U/cmr/m/n on input line 127.
LaTeX Font Info:    ... okay on input line 127.
LaTeX Font Info:    Checking defaults for PD1/pdf/m/n on input line 127.
LaTeX Font Info:    ... okay on input line 127.
LaTeX Font Info:    Checking defaults for PU/pdf/m/n on input line 127.
LaTeX Font Info:    ... okay on input line 127.
(/usr/share/texlive/texmf-dist/tex/context/base/mkii/supp-pdf.mkii
[Loading MPS to PDF converter (version 2006.09.02).]
\scratchcounter=\count301
\scratchdimen=\dimen177
\scratchbox=\box64
\nofMPsegments=\count302
\nofMParguments=\count303
\everyMPshowfont=\toks33
\MPscratchCnt=\count304
\MPscratchDim=\dimen178
\MPnumerator=\count305
\makeMPintoPDFobject=\count306
\everyMPtoPDFconversion=\toks34
) (/usr/share/texlive/texmf-dist/tex/latex/epstopdf-pkg/epstopdf-base.sty
Package: epstopdf-base 2020-01-24 v2.11 Base part for package epstopdf
(/usr/share/texlive/texmf-dist/tex/latex/grfext/grfext.sty
Package: grfext 2019/12/03 v1.3 Manage graphics extensions (HO)
)
Package epstopdf-base Info: Redefining graphics rule for `.eps' on input line 4
85.
Package grfext Info: Graphics extension search list:
(grfext)             [.pdf,.png,.jpg,.mps,.jpeg,.jbig2,.jb2,.PDF,.PNG,.JPG,.JPE
G,.JBIG2,.JB2,.eps]
(grfext)             \AppendGraphicsExtensions on input line 504.
(/usr/share/texlive/texmf-dist/tex/latex/latexconfig/epstopdf-sys.cfg
File: epstopdf-sys.cfg 2010/07/13 v1.3 Configuration of (r)epstopdf for TeX Liv
e
))
Package hyperref Info: Link coloring OFF on input line 127.
(/usr/share/texlive/texmf-dist/tex/latex/hyperref/nameref.sty
Package: nameref 2021-04-02 v2.47 Cross-referencing by name of section
(/usr/share/texlive/texmf-dist/tex/latex/refcount/refcount.sty
Package: refcount 2019/12/15 v3.6 Data extraction from label references (HO)
) (/usr/share/texlive/texmf-dist/tex/generic/gettitlestring/gettitlestring.sty
Package: gettitlestring 2019/12/15 v1.6 Cleanup title references (HO)
)
\c@section@level=\count307
)
LaTeX Info: Redefining \ref on input line 127.
LaTeX Info: Redefining \pageref on input line 127.
LaTeX Info: Redefining \nameref on input line 127.
(./images.out) (./images.out)
\@outlinefile=\write4
\openout4 = `images.out'.

\c@lstlisting=\count308
Preview: Fontsize 10.95pt
Preview: PDFoutput 1

latex2htmlLength hsize=472.03111pt

latex2htmlLength vsize=648.5744pt

latex2htmlLength hoffset=0.0pt

latex2htmlLength voffset=0.0pt

latex2htmlLength topmargin=0.0pt

latex2htmlLength topskip=0.00003pt

latex2htmlLength headheight=0.0pt

latex2htmlLength headsep=0.0pt

latex2htmlLength parskip=7.2pt

latex2htmlLength oddsidemargin=-1.13791pt

latex2htmlLength evensidemargin=-1.13791pt

LaTeX Font Info:    Trying to load font information for U+msa on input line 152
.
(/usr/share/texlive/texmf-dist/tex/latex/amsfonts/umsa.fd
File: umsa.fd 2013/01/14 v3.01 AMS symbols A
)
LaTeX Font Info:    Trying to load font information for U+msb on input line 152
.
(/usr/share/texlive/texmf-dist/tex/latex/amsfonts/umsb.fd
File: umsb.fd 2013/01/14 v3.01 AMS symbols B
)

:tex2html_wrap_inline5148:lthtmlCropMarkHeight:=14.41812pt

:tex2html_wrap_inline5148:lthtmlCropMarkDepth:=2.12917pt:1ex:=4.71457pt
Preview: Tightpage -65781 -65781 65781 65781
[1{/var/lib/texmf/fonts/map/pdftex/updmap/pdftex.map}]

:tex2html_wrap_inline5150:lthtmlCropMarkHeight:=10.71457pt

:tex2html_wrap_inline5150:lthtmlCropMarkDepth:=2.12917pt:1ex:=4.71457pt
[2]

:tex2html_wrap_inline5154:lthtmlCropMarkHeight:=13.48248pt

:tex2html_wrap_inline5154:lthtmlCropMarkDepth:=1.64249pt:1ex:=4.71457pt
[3]

:tex2html_wrap_inline5158:lthtmlCropMarkHeight:=13.48248pt

:tex2html_wrap_inline5158:lthtmlCropMarkDepth:=1.7839pt:1ex:=4.71457pt
[4]

:tex2html_wrap_inline5164:lthtmlCropMarkHeight:=13.48248pt

:tex2html_wrap_inline5164:lthtmlCropMarkDepth:=1.695pt:1ex:=4.71457pt
[5]
<.././Figures/CH1-01.PNG, id=28, 1160.335pt x 1086.0575pt>
File: .././Figures/CH1-01.PNG Graphic file (type png)
<use .././Figures/CH1-01.PNG>
Package pdftex.def Info: .././Figures/CH1-01.PNG  used on input line 184.
(pdftex.def)             Requested size: 464.12578pt x 434.4153pt.

:tex2html_wrap5169:lthtmlCropMarkHeight:=440.4153pt

:tex2html_wrap5169:lthtmlCropMarkDepth:=0.0pt:1ex:=4.71457pt
[6 <.././Figures/CH1-01.PNG>]
<.././Figures/CH1-02.PNG, id=35, 1160.335pt x 1086.0575pt>
File: .././Figures/CH1-02.PNG Graphic file (type png)
<use .././Figures/CH1-02.PNG>
Package pdftex.def Info: .././Figures/CH1-02.PNG  used on input line 191.
(pdftex.def)             Requested size: 464.12578pt x 434.4153pt.

:tex2html_wrap5175:lthtmlCropMarkHeight:=440.4153pt

:tex2html_wrap5175:lthtmlCropMarkDepth:=0.0pt:1ex:=4.71457pt
[7 <.././Figures/CH1-02.PNG>]
<.././Figures/CH1-03.PNG, id=42, 1134.2375pt x 1221.56375pt>
File: .././Figures/CH1-03.PNG Graphic file (type png)
<use .././Figures/CH1-03.PNG>
Package pdftex.def Info: .././Figures/CH1-03.PNG  used on input line 197.
(pdftex.def)             Requested size: 453.68697pt x 488.61685pt.

:tex2html_wrap5180:lthtmlCropMarkHeight:=494.61685pt

:tex2html_wrap5180:lthtmlCropMarkDepth:=0.0pt:1ex:=4.71457pt
[8 <.././Figures/CH1-03.PNG>]
<.././Figures/CH1-04.PNG, id=48, 1109.14375pt x 709.65125pt>
File: .././Figures/CH1-04.PNG Graphic file (type png)
<use .././Figures/CH1-04.PNG>
Package pdftex.def Info: .././Figures/CH1-04.PNG  used on input line 204.
(pdftex.def)             Requested size: 443.64964pt x 283.85547pt.

:tex2html_wrap5186:lthtmlCropMarkHeight:=289.85547pt

:tex2html_wrap5186:lthtmlCropMarkDepth:=0.0pt:1ex:=4.71457pt
[9 <.././Figures/CH1-04.PNG>]
<.././Figures/CH1-05.PNG, id=54, 1109.14375pt x 312.16624pt>
File: .././Figures/CH1-05.PNG Graphic file (type png)
<use .././Figures/CH1-05.PNG>
Package pdftex.def Info: .././Figures/CH1-05.PNG  used on input line 210.
(pdftex.def)             Requested size: 443.64964pt x 124.86427pt.

:tex2html_wrap5191:lthtmlCropMarkHeight:=130.86427pt

:tex2html_wrap5191:lthtmlCropMarkDepth:=0.0pt:1ex:=4.71457pt
[10 <.././Figures/CH1-05.PNG>]
<.././Figures/CH1-06.PNG, id=60, 1168.365pt x 1015.795pt>
File: .././Figures/CH1-06.PNG Graphic file (type png)
<use .././Figures/CH1-06.PNG>
Package pdftex.def Info: .././Figures/CH1-06.PNG  used on input line 216.
(pdftex.def)             Requested size: 467.33772pt x 406.3108pt.

:tex2html_wrap5196:lthtmlCropMarkHeight:=412.3108pt

:tex2html_wrap5196:lthtmlCropMarkDepth:=0.0pt:1ex:=4.71457pt
[11 <.././Figures/CH1-06.PNG>]
<.././Figures/CH1-07.PNG, id=66, 1112.155pt x 695.59875pt>
File: .././Figures/CH1-07.PNG Graphic file (type png)
<use .././Figures/CH1-07.PNG>
Package pdftex.def Info: .././Figures/CH1-07.PNG  used on input line 223.
(pdftex.def)             Requested size: 444.85413pt x 278.23457pt.

:tex2html_wrap5202:lthtmlCropMarkHeight:=284.23457pt

:tex2html_wrap5202:lthtmlCropMarkDepth:=0.0pt:1ex:=4.71457pt
[12 <.././Figures/CH1-07.PNG>]
<.././Figures/CH1-08.PNG, id=72, 1112.155pt x 759.83875pt>
File: .././Figures/CH1-08.PNG Graphic file (type png)
<use .././Figures/CH1-08.PNG>
Package pdftex.def Info: .././Figures/CH1-08.PNG  used on input line 229.
(pdftex.def)             Requested size: 444.85413pt x 303.93011pt.

:tex2html_wrap5207:lthtmlCropMarkHeight:=309.93011pt

:tex2html_wrap5207:lthtmlCropMarkDepth:=0.0pt:1ex:=4.71457pt
[13 <.././Figures/CH1-08.PNG>]
<.././Figures/CH1-09.PNG, id=79, 1112.155pt x 858.20625pt>
File: .././Figures/CH1-09.PNG Graphic file (type png)
<use .././Figures/CH1-09.PNG>
Package pdftex.def Info: .././Figures/CH1-09.PNG  used on input line 235.
(pdftex.def)             Requested size: 444.85413pt x 343.27641pt.

:tex2html_wrap5212:lthtmlCropMarkHeight:=349.27641pt

:tex2html_wrap5212:lthtmlCropMarkDepth:=0.0pt:1ex:=4.71457pt
[14 <.././Figures/CH1-09.PNG>]
<.././Figures/CH1-10.PNG, id=85, 1112.155pt x 729.72626pt>
File: .././Figures/CH1-10.PNG Graphic file (type png)
<use .././Figures/CH1-10.PNG>
Package pdftex.def Info: .././Figures/CH1-10.PNG  used on input line 241.
(pdftex.def)             Requested size: 444.85413pt x 291.88533pt.

:tex2html_wrap5217:lthtmlCropMarkHeight:=297.88533pt

:tex2html_wrap5217:lthtmlCropMarkDepth:=0.0pt:1ex:=4.71457pt
[15 <.././Figures/CH1-10.PNG>]
<.././Figures/WP1_VMF.PNG, id=91, 393.8715pt x 558.888pt>
File: .././Figures/WP1_VMF.PNG Graphic file (type png)
<use .././Figures/WP1_VMF.PNG>
Package pdftex.def Info: .././Figures/WP1_VMF.PNG  used on input line 249.
(pdftex.def)             Requested size: 393.87053pt x 558.88663pt.

:tex2html_wrap5232:lthtmlCropMarkHeight:=564.88663pt

:tex2html_wrap5232:lthtmlCropMarkDepth:=0.0pt:1ex:=4.71457pt
[16 <.././Figures/WP1_VMF.PNG>]

:tex2html_wrap_inline5237:lthtmlCropMarkHeight:=10.71457pt

:tex2html_wrap_inline5237:lthtmlCropMarkDepth:=2.12917pt:1ex:=4.71457pt
[17]

:tex2html_wrap_inline5241:lthtmlCropMarkHeight:=13.48248pt

:tex2html_wrap_inline5241:lthtmlCropMarkDepth:=1.64249pt:1ex:=4.71457pt
[18]

:tex2html_wrap_inline5243:lthtmlCropMarkHeight:=13.48248pt

:tex2html_wrap_inline5243:lthtmlCropMarkDepth:=1.64249pt:1ex:=4.71457pt
[19]
<.././Figures/CH1-11.PNG, id=111, 1170.3725pt x 736.7525pt>
File: .././Figures/CH1-11.PNG Graphic file (type png)
<use .././Figures/CH1-11.PNG>
Package pdftex.def Info: .././Figures/CH1-11.PNG  used on input line 275.
(pdftex.def)             Requested size: 468.1407pt x 294.69577pt.

:tex2html_wrap5247:lthtmlCropMarkHeight:=300.69577pt

:tex2html_wrap5247:lthtmlCropMarkDepth:=0.0pt:1ex:=4.71457pt
[20 <.././Figures/CH1-11.PNG>]
<.././Figures/CH1-12.PNG, id=117, 1170.3725pt x 1248.665pt>
File: .././Figures/CH1-12.PNG Graphic file (type png)
<use .././Figures/CH1-12.PNG>
Package pdftex.def Info: .././Figures/CH1-12.PNG  used on input line 281.
(pdftex.def)             Requested size: 468.1407pt x 499.45715pt.

:tex2html_wrap5252:lthtmlCropMarkHeight:=505.45715pt

:tex2html_wrap5252:lthtmlCropMarkDepth:=0.0pt:1ex:=4.71457pt
[21 <.././Figures/CH1-12.PNG>]
<.././Figures/CH1-13.PNG, id=123, 1048.91875pt x 1207.51125pt>
File: .././Figures/CH1-13.PNG Graphic file (type png)
<use .././Figures/CH1-13.PNG>
Package pdftex.def Info: .././Figures/CH1-13.PNG  used on input line 288.
(pdftex.def)             Requested size: 419.56006pt x 482.99594pt.

:tex2html_wrap5258:lthtmlCropMarkHeight:=488.99594pt

:tex2html_wrap5258:lthtmlCropMarkDepth:=0.0pt:1ex:=4.71457pt
[22 <.././Figures/CH1-13.PNG>]

:tex2html_wrap_inline5265:lthtmlCropMarkHeight:=10.71457pt

:tex2html_wrap_inline5265:lthtmlCropMarkDepth:=0.0pt:1ex:=4.71457pt
[23]

:tex2html_wrap_inline5267:lthtmlCropMarkHeight:=10.71457pt

:tex2html_wrap_inline5267:lthtmlCropMarkDepth:=1.64249pt:1ex:=4.71457pt
[24]
<.././Figures/WellFrac.PNG, id=137, 661.2705pt x 328.8285pt>
File: .././Figures/WellFrac.PNG Graphic file (type png)
<use .././Figures/WellFrac.PNG>
Package pdftex.def Info: .././Figures/WellFrac.PNG  used on input line 308.
(pdftex.def)             Requested size: 495.95164pt x 246.62077pt.

Overfull \hbox (23.92053pt too wide) in paragraph at lines 308--309
[][] 
 []


:tex2html_wrap5269:lthtmlCropMarkHeight:=252.62077pt

:tex2html_wrap5269:lthtmlCropMarkDepth:=0.0pt:1ex:=4.71457pt
[25 <.././Figures/WellFrac.PNG>]

:tex2html_wrap_inline5276:lthtmlCropMarkHeight:=13.62646pt

:tex2html_wrap_inline5276:lthtmlCropMarkDepth:=0.0pt:1ex:=4.71457pt
[26]

:tex2html_wrap_inline5282:lthtmlCropMarkHeight:=14.2125pt

:tex2html_wrap_inline5282:lthtmlCropMarkDepth:=2.73749pt:1ex:=4.71457pt
[27]

:tex2html_wrap_inline5284:lthtmlCropMarkHeight:=14.2125pt

:tex2html_wrap_inline5284:lthtmlCropMarkDepth:=2.73749pt:1ex:=4.71457pt
[28]

:tex2html_wrap_inline5288:lthtmlCropMarkHeight:=13.05666pt

:tex2html_wrap_inline5288:lthtmlCropMarkDepth:=2.12917pt:1ex:=4.71457pt
[29]

:tex2html_wrap_inline5292:lthtmlCropMarkHeight:=13.62646pt

:tex2html_wrap_inline5292:lthtmlCropMarkDepth:=0.9125pt:1ex:=4.71457pt
[30]

:tex2html_wrap_inline5294:lthtmlCropMarkHeight:=13.62646pt

:tex2html_wrap_inline5294:lthtmlCropMarkDepth:=0.9125pt:1ex:=4.71457pt
[31]

:tex2html_wrap_inline5296:lthtmlCropMarkHeight:=13.62646pt

:tex2html_wrap_inline5296:lthtmlCropMarkDepth:=0.9125pt:1ex:=4.71457pt
[32]

:tex2html_wrap_inline5298:lthtmlCropMarkHeight:=13.62646pt

:tex2html_wrap_inline5298:lthtmlCropMarkDepth:=0.9125pt:1ex:=4.71457pt
[33]
<.././Figures/FaultsHighIsland.PNG, id=179, 720.89325pt x 361.35pt>
File: .././Figures/FaultsHighIsland.PNG Graphic file (type png)
<use .././Figures/FaultsHighIsland.PNG>
Package pdftex.def Info: .././Figures/FaultsHighIsland.PNG  used on input line 
363.
(pdftex.def)             Requested size: 504.62184pt x 252.94327pt.

Overfull \hbox (32.59073pt too wide) in paragraph at lines 363--364
[][] 
 []


:tex2html_wrap5301:lthtmlCropMarkHeight:=258.94327pt

:tex2html_wrap5301:lthtmlCropMarkDepth:=0.0pt:1ex:=4.71457pt
[34 <.././Figures/FaultsHighIsland.PNG>]

:tex2html_wrap_inline5492:lthtmlCropMarkHeight:=13.48248pt

:tex2html_wrap_inline5492:lthtmlCropMarkDepth:=1.7839pt:1ex:=4.71457pt
[35]

:tex2html_wrap_inline5498:lthtmlCropMarkHeight:=14.2125pt

:tex2html_wrap_inline5498:lthtmlCropMarkDepth:=2.73749pt:1ex:=4.71457pt
[36]

:tex2html_wrap_inline5500:lthtmlCropMarkHeight:=14.2125pt

:tex2html_wrap_inline5500:lthtmlCropMarkDepth:=2.73749pt:1ex:=4.71457pt
[37]

:tex2html_wrap_inline5502:lthtmlCropMarkHeight:=14.2125pt

:tex2html_wrap_inline5502:lthtmlCropMarkDepth:=3.19804pt:1ex:=4.71457pt
[38]

:tex2html_wrap_inline5503:lthtmlCropMarkHeight:=13.05666pt

:tex2html_wrap_inline5503:lthtmlCropMarkDepth:=0.0pt:1ex:=4.71457pt
[39]

:tex2html_wrap_inline5505:lthtmlCropMarkHeight:=13.05666pt

:tex2html_wrap_inline5505:lthtmlCropMarkDepth:=2.12917pt:1ex:=4.71457pt
[40]
<.././Figures/CH2-01.PNG, id=210, 1146.2825pt x 965.6075pt>
File: .././Figures/CH2-01.PNG Graphic file (type png)
<use .././Figures/CH2-01.PNG>
Package pdftex.def Info: .././Figures/CH2-01.PNG  used on input line 407.
(pdftex.def)             Requested size: 458.50488pt x 386.23616pt.

:tex2html_wrap5515:lthtmlCropMarkHeight:=392.23616pt

:tex2html_wrap5515:lthtmlCropMarkDepth:=0.0pt:1ex:=4.71457pt
[41 <.././Figures/CH2-01.PNG>]
<.././Figures/CH2-02.PNG, id=216, 971.63pt x 987.69pt>
File: .././Figures/CH2-02.PNG Graphic file (type png)
<use .././Figures/CH2-02.PNG>
Package pdftex.def Info: .././Figures/CH2-02.PNG  used on input line 415.
(pdftex.def)             Requested size: 388.64511pt x 395.069pt.

:tex2html_wrap5522:lthtmlCropMarkHeight:=401.069pt

:tex2html_wrap5522:lthtmlCropMarkDepth:=0.0pt:1ex:=4.71457pt
[42 <.././Figures/CH2-02.PNG>]
<.././Figures/CH2-03.PNG, id=222, 1088.065pt x 1107.13625pt>
File: .././Figures/CH2-03.PNG Graphic file (type png)
<use .././Figures/CH2-03.PNG>
Package pdftex.def Info: .././Figures/CH2-03.PNG  used on input line 422.
(pdftex.def)             Requested size: 435.21829pt x 442.84665pt.

:tex2html_wrap5528:lthtmlCropMarkHeight:=448.84665pt

:tex2html_wrap5528:lthtmlCropMarkDepth:=0.0pt:1ex:=4.71457pt
[43 <.././Figures/CH2-03.PNG>]
<.././Figures/CH2-04.PNG, id=229, 1137.24875pt x 590.205pt>
File: .././Figures/CH2-04.PNG Graphic file (type png)
<use .././Figures/CH2-04.PNG>
Package pdftex.def Info: .././Figures/CH2-04.PNG  used on input line 428.
(pdftex.def)             Requested size: 454.89145pt x 236.0778pt.

:tex2html_wrap5533:lthtmlCropMarkHeight:=242.0778pt

:tex2html_wrap5533:lthtmlCropMarkDepth:=0.0pt:1ex:=4.71457pt
[44 <.././Figures/CH2-04.PNG>]
<.././Figures/CH2-05.PNG, id=235, 867.24pt x 394.47375pt>
File: .././Figures/CH2-05.PNG Graphic file (type png)
<use .././Figures/CH2-05.PNG>
Package pdftex.def Info: .././Figures/CH2-05.PNG  used on input line 434.
(pdftex.def)             Requested size: 346.88986pt x 157.7867pt.

:tex2html_wrap5538:lthtmlCropMarkHeight:=163.7867pt

:tex2html_wrap5538:lthtmlCropMarkDepth:=0.0pt:1ex:=4.71457pt
[45 <.././Figures/CH2-05.PNG>]
<.././Figures/CH2-06.PNG, id=241, 1126.2075pt x 632.3625pt>
File: .././Figures/CH2-06.PNG Graphic file (type png)
<use .././Figures/CH2-06.PNG>
Package pdftex.def Info: .././Figures/CH2-06.PNG  used on input line 442.
(pdftex.def)             Requested size: 450.47502pt x 252.94052pt.

:tex2html_wrap5545:lthtmlCropMarkHeight:=258.94052pt

:tex2html_wrap5545:lthtmlCropMarkDepth:=0.0pt:1ex:=4.71457pt
[46 <.././Figures/CH2-06.PNG>]
<.././Figures/CH2-07.PNG, id=247, 1126.2075pt x 671.50874pt>
File: .././Figures/CH2-07.PNG Graphic file (type png)
<use .././Figures/CH2-07.PNG>
Package pdftex.def Info: .././Figures/CH2-07.PNG  used on input line 448.
(pdftex.def)             Requested size: 450.47502pt x 268.59874pt.

:tex2html_wrap5550:lthtmlCropMarkHeight:=274.59874pt

:tex2html_wrap5550:lthtmlCropMarkDepth:=0.0pt:1ex:=4.71457pt
[47 <.././Figures/CH2-07.PNG>]
<.././Figures/CH2-08.PNG, id=253, 1167.36125pt x 809.0225pt>
File: .././Figures/CH2-08.PNG Graphic file (type png)
<use .././Figures/CH2-08.PNG>
Package pdftex.def Info: .././Figures/CH2-08.PNG  used on input line 455.
(pdftex.def)             Requested size: 466.93623pt x 323.60327pt.

:tex2html_wrap5556:lthtmlCropMarkHeight:=329.60327pt

:tex2html_wrap5556:lthtmlCropMarkDepth:=0.0pt:1ex:=4.71457pt
[48 <.././Figures/CH2-08.PNG>]
<.././Figures/CH2-09.PNG, id=259, 1050.92625pt x 828.09375pt>
File: .././Figures/CH2-09.PNG Graphic file (type png)
<use .././Figures/CH2-09.PNG>
Package pdftex.def Info: .././Figures/CH2-09.PNG  used on input line 462.
(pdftex.def)             Requested size: 420.36307pt x 331.23163pt.

:tex2html_wrap5562:lthtmlCropMarkHeight:=337.23163pt

:tex2html_wrap5562:lthtmlCropMarkDepth:=0.0pt:1ex:=4.71457pt
[49 <.././Figures/CH2-09.PNG>]
<.././Figures/CH2-10.PNG, id=266, 1095.09125pt x 672.5125pt>
File: .././Figures/CH2-10.PNG Graphic file (type png)
<use .././Figures/CH2-10.PNG>
Package pdftex.def Info: .././Figures/CH2-10.PNG  used on input line 469.
(pdftex.def)             Requested size: 438.02873pt x 269.00023pt.

:tex2html_wrap5568:lthtmlCropMarkHeight:=275.00023pt

:tex2html_wrap5568:lthtmlCropMarkDepth:=0.0pt:1ex:=4.71457pt
[50 <.././Figures/CH2-10.PNG>]
<.././Figures/CH2-11.PNG, id=272, 1095.09125pt x 724.7075pt>
File: .././Figures/CH2-11.PNG Graphic file (type png)
<use .././Figures/CH2-11.PNG>
Package pdftex.def Info: .././Figures/CH2-11.PNG  used on input line 475.
(pdftex.def)             Requested size: 438.02873pt x 289.87787pt.

:tex2html_wrap5573:lthtmlCropMarkHeight:=295.87787pt

:tex2html_wrap5573:lthtmlCropMarkDepth:=0.0pt:1ex:=4.71457pt
[51 <.././Figures/CH2-11.PNG>]
<.././Figures/CH2-12.PNG, id=278, 867.24pt x 521.95pt>
File: .././Figures/CH2-12.PNG Graphic file (type png)
<use .././Figures/CH2-12.PNG>
Package pdftex.def Info: .././Figures/CH2-12.PNG  used on input line 481.
(pdftex.def)             Requested size: 346.88986pt x 208.77629pt.

:tex2html_wrap5578:lthtmlCropMarkHeight:=214.77629pt

:tex2html_wrap5578:lthtmlCropMarkDepth:=0.0pt:1ex:=4.71457pt
[52 <.././Figures/CH2-12.PNG>]
<.././Figures/CH2-13.PNG, id=284, 1104.125pt x 817.0525pt>
File: .././Figures/CH2-13.PNG Graphic file (type png)
<use .././Figures/CH2-13.PNG>
Package pdftex.def Info: .././Figures/CH2-13.PNG  used on input line 489.
(pdftex.def)             Requested size: 441.64218pt x 326.81522pt.

:tex2html_wrap5585:lthtmlCropMarkHeight:=332.81522pt

:tex2html_wrap5585:lthtmlCropMarkDepth:=0.0pt:1ex:=4.71457pt
[53 <.././Figures/CH2-13.PNG>]
<.././Figures/CH2-14.PNG, id=290, 998.73125pt x 790.955pt>
File: .././Figures/CH2-14.PNG Graphic file (type png)
<use .././Figures/CH2-14.PNG>
Package pdftex.def Info: .././Figures/CH2-14.PNG  used on input line 496.
(pdftex.def)             Requested size: 399.48541pt x 316.3764pt.

:tex2html_wrap5591:lthtmlCropMarkHeight:=322.3764pt

:tex2html_wrap5591:lthtmlCropMarkDepth:=0.0pt:1ex:=4.71457pt
[54 <.././Figures/CH2-14.PNG>]
<.././Figures/CH2-15.PNG, id=296, 920.43875pt x 784.9325pt>
File: .././Figures/CH2-15.PNG Graphic file (type png)
<use .././Figures/CH2-15.PNG>
Package pdftex.def Info: .././Figures/CH2-15.PNG  used on input line 503.
(pdftex.def)             Requested size: 368.16898pt x 313.96744pt.

:tex2html_wrap5597:lthtmlCropMarkHeight:=319.96744pt

:tex2html_wrap5597:lthtmlCropMarkDepth:=0.0pt:1ex:=4.71457pt
[55 <.././Figures/CH2-15.PNG>]
<.././Figures/CH2-16.PNG, id=303, 740.7675pt x 421.575pt>
File: .././Figures/CH2-16.PNG Graphic file (type png)
<use .././Figures/CH2-16.PNG>
Package pdftex.def Info: .././Figures/CH2-16.PNG  used on input line 509.
(pdftex.def)             Requested size: 296.30174pt x 168.627pt.

:tex2html_wrap5602:lthtmlCropMarkHeight:=174.627pt

:tex2html_wrap5602:lthtmlCropMarkDepth:=0.0pt:1ex:=4.71457pt
[56 <.././Figures/CH2-16.PNG>]
<.././Figures/CH2-17.PNG, id=309, 858.20625pt x 490.83376pt>
File: .././Figures/CH2-17.PNG Graphic file (type png)
<use .././Figures/CH2-17.PNG>
Package pdftex.def Info: .././Figures/CH2-17.PNG  used on input line 515.
(pdftex.def)             Requested size: 343.27641pt x 196.33002pt.

:tex2html_wrap5607:lthtmlCropMarkHeight:=202.33002pt

:tex2html_wrap5607:lthtmlCropMarkDepth:=0.0pt:1ex:=4.71457pt
[57 <.././Figures/CH2-17.PNG>]
<.././Figures/CH2-18.PNG, id=315, 892.33376pt x 422.57875pt>
File: .././Figures/CH2-18.PNG Graphic file (type png)
<use .././Figures/CH2-18.PNG>
Package pdftex.def Info: .././Figures/CH2-18.PNG  used on input line 521.
(pdftex.def)             Requested size: 356.92719pt x 169.0285pt.

:tex2html_wrap5612:lthtmlCropMarkHeight:=175.0285pt

:tex2html_wrap5612:lthtmlCropMarkDepth:=0.0pt:1ex:=4.71457pt
[58 <.././Figures/CH2-18.PNG>]

:displaymath5618:lthtmlCropMarkHeight:=176.06873pt

:displaymath5618:lthtmlCropMarkDepth:=0.0pt:1ex:=4.71457pt
[59]

:tex2html_wrap_inline5620:lthtmlCropMarkHeight:=23.87044pt

:tex2html_wrap_inline5620:lthtmlCropMarkDepth:=10.24864pt:1ex:=4.71457pt
[60]

:tex2html_wrap_inline5622:lthtmlCropMarkHeight:=13.48248pt

:tex2html_wrap_inline5622:lthtmlCropMarkDepth:=1.64249pt:1ex:=4.71457pt
[61]

LaTeX Warning: Command \textendash invalid in math mode on input line 577.


:tex2html_wrap_indisplay5624:lthtmlCropMarkHeight:=23.41057pt

:tex2html_wrap_indisplay5624:lthtmlCropMarkDepth:=10.85855pt:1ex:=4.71457pt
[62]

:tex2html_wrap_indisplay5626:lthtmlCropMarkHeight:=22.53697pt

:tex2html_wrap_indisplay5626:lthtmlCropMarkDepth:=9.15364pt:1ex:=4.71457pt
[63]

:tex2html_wrap_indisplay5628:lthtmlCropMarkHeight:=22.53697pt

:tex2html_wrap_indisplay5628:lthtmlCropMarkDepth:=10.85855pt:1ex:=4.71457pt
[64]

:tex2html_wrap_indisplay5630:lthtmlCropMarkHeight:=20.89023pt

:tex2html_wrap_indisplay5630:lthtmlCropMarkDepth:=9.15364pt:1ex:=4.71457pt
[65]

:tex2html_wrap_indisplay5632:lthtmlCropMarkHeight:=13.48248pt

:tex2html_wrap_indisplay5632:lthtmlCropMarkDepth:=1.64249pt:1ex:=4.71457pt
[66]

:tex2html_wrap_indisplay5634:lthtmlCropMarkHeight:=20.89023pt

:tex2html_wrap_indisplay5634:lthtmlCropMarkDepth:=7.51115pt:1ex:=4.71457pt
[67]

:displaymath5636:lthtmlCropMarkHeight:=95.09995pt

:displaymath5636:lthtmlCropMarkDepth:=0.0pt:1ex:=4.71457pt
[68]

:tex2html_wrap_indisplay5638:lthtmlCropMarkHeight:=22.73352pt

:tex2html_wrap_indisplay5638:lthtmlCropMarkDepth:=10.40265pt:1ex:=4.71457pt
[69]

:tex2html_wrap_indisplay5640:lthtmlCropMarkHeight:=21.87761pt

:tex2html_wrap_indisplay5640:lthtmlCropMarkDepth:=10.40265pt:1ex:=4.71457pt
[70]

:tex2html_wrap_indisplay5642:lthtmlCropMarkHeight:=22.73352pt

:tex2html_wrap_indisplay5642:lthtmlCropMarkDepth:=10.40265pt:1ex:=4.71457pt
[71]

:tex2html_wrap_indisplay5644:lthtmlCropMarkHeight:=21.87761pt

:tex2html_wrap_indisplay5644:lthtmlCropMarkDepth:=10.40265pt:1ex:=4.71457pt
[72]

:tex2html_wrap_indisplay5646:lthtmlCropMarkHeight:=23.87044pt

:tex2html_wrap_indisplay5646:lthtmlCropMarkDepth:=10.24864pt:1ex:=4.71457pt
[73]

:tex2html_wrap_inline5648:lthtmlCropMarkHeight:=13.48248pt

:tex2html_wrap_inline5648:lthtmlCropMarkDepth:=1.64249pt:1ex:=4.71457pt
[74]
<.././Figures/CH2-19.PNG, id=390, 903.375pt x 1069.9975pt>
File: .././Figures/CH2-19.PNG Graphic file (type png)
<use .././Figures/CH2-19.PNG>
Package pdftex.def Info: .././Figures/CH2-19.PNG  used on input line 687.
(pdftex.def)             Requested size: 361.3436pt x 427.99142pt.

:tex2html_wrap5651:lthtmlCropMarkHeight:=433.99142pt

:tex2html_wrap5651:lthtmlCropMarkDepth:=0.0pt:1ex:=4.71457pt
[75 <.././Figures/CH2-19.PNG>]
<.././Figures/CH2-20.PNG, id=396, 701.62125pt x 1225.57875pt>
File: .././Figures/CH2-20.PNG Graphic file (type png)
<use .././Figures/CH2-20.PNG>
Package pdftex.def Info: .././Figures/CH2-20.PNG  used on input line 693.
(pdftex.def)             Requested size: 280.64352pt x 490.22282pt.

:tex2html_wrap5656:lthtmlCropMarkHeight:=496.22282pt

:tex2html_wrap5656:lthtmlCropMarkDepth:=0.0pt:1ex:=4.71457pt
[76 <.././Figures/CH2-20.PNG>]
<.././Figures/CH2-21.PNG, id=402, 603.25375pt x 391.4625pt>
File: .././Figures/CH2-21.PNG Graphic file (type png)
<use .././Figures/CH2-21.PNG>
Package pdftex.def Info: .././Figures/CH2-21.PNG  used on input line 699.
(pdftex.def)             Requested size: 241.29723pt x 156.58221pt.

:tex2html_wrap5661:lthtmlCropMarkHeight:=162.58221pt

:tex2html_wrap5661:lthtmlCropMarkDepth:=0.0pt:1ex:=4.71457pt
[77 <.././Figures/CH2-21.PNG>]
<.././Figures/CH2-22.PNG, id=408, 1128.215pt x 931.48pt>
File: .././Figures/CH2-22.PNG Graphic file (type png)
<use .././Figures/CH2-22.PNG>
Package pdftex.def Info: .././Figures/CH2-22.PNG  used on input line 706.
(pdftex.def)             Requested size: 451.278pt x 372.5854pt.

:tex2html_wrap5667:lthtmlCropMarkHeight:=378.5854pt

:tex2html_wrap5667:lthtmlCropMarkDepth:=0.0pt:1ex:=4.71457pt
[78 <.././Figures/CH2-22.PNG>]
<.././Figures/CH2-23.PNG, id=414, 1235.61626pt x 1068.99374pt>
File: .././Figures/CH2-23.PNG Graphic file (type png)
<use .././Figures/CH2-23.PNG>
Package pdftex.def Info: .././Figures/CH2-23.PNG  used on input line 712.
(pdftex.def)             Requested size: 494.23775pt x 427.58992pt.

Overfull \hbox (22.20663pt too wide) in paragraph at lines 712--713
[][] 
 []


:tex2html_wrap5672:lthtmlCropMarkHeight:=433.58992pt

:tex2html_wrap5672:lthtmlCropMarkDepth:=0.0pt:1ex:=4.71457pt
[79 <.././Figures/CH2-23.PNG>]
<.././Figures/CH2-24.PNG, id=421, 933.4875pt x 1114.1625pt>
File: .././Figures/CH2-24.PNG Graphic file (type png)
<use .././Figures/CH2-24.PNG>
Package pdftex.def Info: .././Figures/CH2-24.PNG  used on input line 718.
(pdftex.def)             Requested size: 373.38838pt x 445.6571pt.

:tex2html_wrap5677:lthtmlCropMarkHeight:=451.6571pt

:tex2html_wrap5677:lthtmlCropMarkDepth:=0.0pt:1ex:=4.71457pt
[80 <.././Figures/CH2-24.PNG>]

:tex2html_wrap_inline5685:lthtmlCropMarkHeight:=13.48248pt

:tex2html_wrap_inline5685:lthtmlCropMarkDepth:=3.33946pt:1ex:=4.71457pt
[81]

:tex2html_wrap_inline5687:lthtmlCropMarkHeight:=15.12923pt

:tex2html_wrap_inline5687:lthtmlCropMarkDepth:=3.06699pt:1ex:=4.71457pt
[82]

:tex2html_wrap_inline5689:lthtmlCropMarkHeight:=13.05666pt

:tex2html_wrap_inline5689:lthtmlCropMarkDepth:=1.695pt:1ex:=4.71457pt
[83]

:tex2html_wrap_inline5691:lthtmlCropMarkHeight:=13.05666pt

:tex2html_wrap_inline5691:lthtmlCropMarkDepth:=1.7839pt:1ex:=4.71457pt
[84]
<.././Figures/LostHills.PNG, id=443, 532.99126pt x 424.58624pt>
File: .././Figures/LostHills.PNG Graphic file (type png)
<use .././Figures/LostHills.PNG>
Package pdftex.def Info: .././Figures/LostHills.PNG  used on input line 751.
(pdftex.def)             Requested size: 319.79723pt x 254.75371pt.

:tex2html_wrap5693:lthtmlCropMarkHeight:=260.75371pt

:tex2html_wrap5693:lthtmlCropMarkDepth:=0.0pt:1ex:=4.71457pt
[85 <.././Figures/LostHills.PNG>]
<.././Figures/CH2-25.PNG, id=450, 869.2475pt x 555.07375pt>
File: .././Figures/CH2-25.PNG Graphic file (type png)
<use .././Figures/CH2-25.PNG>
Package pdftex.def Info: .././Figures/CH2-25.PNG  used on input line 758.
(pdftex.def)             Requested size: 347.69284pt x 222.02556pt.

:tex2html_wrap5699:lthtmlCropMarkHeight:=228.02556pt

:tex2html_wrap5699:lthtmlCropMarkDepth:=0.0pt:1ex:=4.71457pt
[86 <.././Figures/CH2-25.PNG>]
<.././Figures/CH2-26.PNG, id=456, 1221.56375pt x 1129.21875pt>
File: .././Figures/CH2-26.PNG Graphic file (type png)
<use .././Figures/CH2-26.PNG>
Package pdftex.def Info: .././Figures/CH2-26.PNG  used on input line 765.
(pdftex.def)             Requested size: 488.61685pt x 451.6795pt.

Overfull \hbox (16.58574pt too wide) in paragraph at lines 765--766
[][] 
 []


:tex2html_wrap5705:lthtmlCropMarkHeight:=457.6795pt

:tex2html_wrap5705:lthtmlCropMarkDepth:=0.0pt:1ex:=4.71457pt
[87 <.././Figures/CH2-26.PNG>]
<.././Figures/CH2-27.PNG, id=462, 1177.39874pt x 671.50874pt>
File: .././Figures/CH2-27.PNG Graphic file (type png)
<use .././Figures/CH2-27.PNG>
Package pdftex.def Info: .././Figures/CH2-27.PNG  used on input line 772.
(pdftex.def)             Requested size: 470.95116pt x 268.59874pt.

:tex2html_wrap5711:lthtmlCropMarkHeight:=274.59874pt

:tex2html_wrap5711:lthtmlCropMarkDepth:=0.0pt:1ex:=4.71457pt
[88 <.././Figures/CH2-27.PNG>]
<.././Figures/CH2-28.PNG, id=468, 1177.39874pt x 610.28pt>
File: .././Figures/CH2-28.PNG Graphic file (type png)
<use .././Figures/CH2-28.PNG>
Package pdftex.def Info: .././Figures/CH2-28.PNG  used on input line 779.
(pdftex.def)             Requested size: 470.95116pt x 244.10767pt.

:tex2html_wrap5717:lthtmlCropMarkHeight:=250.10767pt

:tex2html_wrap5717:lthtmlCropMarkDepth:=0.0pt:1ex:=4.71457pt
[89 <.././Figures/CH2-28.PNG>]
<.././Figures/CH2-29.PNG, id=474, 1177.39874pt x 755.82375pt>
File: .././Figures/CH2-29.PNG Graphic file (type png)
<use .././Figures/CH2-29.PNG>
Package pdftex.def Info: .././Figures/CH2-29.PNG  used on input line 785.
(pdftex.def)             Requested size: 470.95116pt x 302.32414pt.

:tex2html_wrap5722:lthtmlCropMarkHeight:=308.32414pt

:tex2html_wrap5722:lthtmlCropMarkDepth:=0.0pt:1ex:=4.71457pt
[90 <.././Figures/CH2-29.PNG>]
<.././Figures/CH2-30.PNG, id=480, 948.54375pt x 468.75125pt>
File: .././Figures/CH2-30.PNG Graphic file (type png)
<use .././Figures/CH2-30.PNG>
Package pdftex.def Info: .././Figures/CH2-30.PNG  used on input line 791.
(pdftex.def)             Requested size: 379.41077pt x 187.49716pt.

:tex2html_wrap5727:lthtmlCropMarkHeight:=193.49716pt

:tex2html_wrap5727:lthtmlCropMarkDepth:=0.0pt:1ex:=4.71457pt
[91 <.././Figures/CH2-30.PNG>]

:tex2html_wrap_indisplay5734:lthtmlCropMarkHeight:=13.60416pt

:tex2html_wrap_indisplay5734:lthtmlCropMarkDepth:=2.12917pt:1ex:=4.71457pt
[92]

:tex2html_wrap_indisplay5735:lthtmlCropMarkHeight:=13.48248pt

:tex2html_wrap_indisplay5735:lthtmlCropMarkDepth:=0.0pt:1ex:=4.71457pt
[93]

:tex2html_wrap_indisplay5737:lthtmlCropMarkHeight:=13.48248pt

:tex2html_wrap_indisplay5737:lthtmlCropMarkDepth:=3.33946pt:1ex:=4.71457pt
[94]

:tex2html_wrap_indisplay5739:lthtmlCropMarkHeight:=13.60416pt

:tex2html_wrap_indisplay5739:lthtmlCropMarkDepth:=3.19804pt:1ex:=4.71457pt
[95]

:tex2html_wrap_indisplay5741:lthtmlCropMarkHeight:=21.87761pt

:tex2html_wrap_indisplay5741:lthtmlCropMarkDepth:=10.7092pt:1ex:=4.71457pt
[96]

:tex2html_wrap_indisplay5743:lthtmlCropMarkHeight:=20.90428pt

:tex2html_wrap_indisplay5743:lthtmlCropMarkDepth:=10.9293pt:1ex:=4.71457pt
[97]

:tex2html_wrap_inline5745:lthtmlCropMarkHeight:=14.21255pt

:tex2html_wrap_inline5745:lthtmlCropMarkDepth:=4.79314pt:1ex:=4.71457pt
[98]

:tex2html_wrap_inline5747:lthtmlCropMarkHeight:=13.60416pt

:tex2html_wrap_inline5747:lthtmlCropMarkDepth:=1.64249pt:1ex:=4.71457pt
[99]

:tex2html_wrap_inline5751:lthtmlCropMarkHeight:=10.71457pt

:tex2html_wrap_inline5751:lthtmlCropMarkDepth:=0.0pt:1ex:=4.71457pt
[100]

:tex2html_wrap_inline5753:lthtmlCropMarkHeight:=16.71274pt

:tex2html_wrap_inline5753:lthtmlCropMarkDepth:=0.0pt:1ex:=4.71457pt
[101]

:tex2html_wrap_indisplay5755:lthtmlCropMarkHeight:=20.90428pt

:tex2html_wrap_indisplay5755:lthtmlCropMarkDepth:=10.9293pt:1ex:=4.71457pt
[102]

:tex2html_wrap_inline5758:lthtmlCropMarkHeight:=13.48248pt

:tex2html_wrap_inline5758:lthtmlCropMarkDepth:=0.0pt:1ex:=4.71457pt
[103]

:displaymath5760:lthtmlCropMarkHeight:=62.4598pt

:displaymath5760:lthtmlCropMarkDepth:=0.0pt:1ex:=4.71457pt
[104]

:displaymath5762:lthtmlCropMarkHeight:=135.55093pt

:displaymath5762:lthtmlCropMarkDepth:=0.0pt:1ex:=4.71457pt
[105]

:tex2html_wrap_inline5764:lthtmlCropMarkHeight:=13.05666pt

:tex2html_wrap_inline5764:lthtmlCropMarkDepth:=0.0pt:1ex:=4.71457pt
[106]

:tex2html_wrap_inline5766:lthtmlCropMarkHeight:=13.05666pt

:tex2html_wrap_inline5766:lthtmlCropMarkDepth:=0.0pt:1ex:=4.71457pt
[107]

:tex2html_wrap_inline5768:lthtmlCropMarkHeight:=13.05666pt

:tex2html_wrap_inline5768:lthtmlCropMarkDepth:=0.0pt:1ex:=4.71457pt
[108]

:tex2html_wrap_inline5770:lthtmlCropMarkHeight:=13.05666pt

:tex2html_wrap_inline5770:lthtmlCropMarkDepth:=0.0pt:1ex:=4.71457pt
[109]

:tex2html_wrap_inline5772:lthtmlCropMarkHeight:=13.22179pt

:tex2html_wrap_inline5772:lthtmlCropMarkDepth:=2.12917pt:1ex:=4.71457pt
[110]

:tex2html_wrap_inline5774:lthtmlCropMarkHeight:=13.22179pt

:tex2html_wrap_inline5774:lthtmlCropMarkDepth:=2.12917pt:1ex:=4.71457pt
[111]

:tex2html_wrap_inline5776:lthtmlCropMarkHeight:=13.22179pt

:tex2html_wrap_inline5776:lthtmlCropMarkDepth:=2.12917pt:1ex:=4.71457pt
[112]

:tex2html_wrap_inline5783:lthtmlCropMarkHeight:=10.71457pt

:tex2html_wrap_inline5783:lthtmlCropMarkDepth:=1.64249pt:1ex:=4.71457pt
[113]

:tex2html_wrap_inline5785:lthtmlCropMarkHeight:=10.71457pt

:tex2html_wrap_inline5785:lthtmlCropMarkDepth:=3.19804pt:1ex:=4.71457pt
[114]

:tex2html_wrap_inline5787:lthtmlCropMarkHeight:=13.48248pt

:tex2html_wrap_inline5787:lthtmlCropMarkDepth:=0.0pt:1ex:=4.71457pt
[115]

:tex2html_wrap_inline5789:lthtmlCropMarkHeight:=10.71457pt

:tex2html_wrap_inline5789:lthtmlCropMarkDepth:=0.0pt:1ex:=4.71457pt
[116]

:tex2html_wrap_inline5791:lthtmlCropMarkHeight:=13.48248pt

:tex2html_wrap_inline5791:lthtmlCropMarkDepth:=0.0pt:1ex:=4.71457pt
[117]

:tex2html_wrap_inline5793:lthtmlCropMarkHeight:=13.48248pt

:tex2html_wrap_inline5793:lthtmlCropMarkDepth:=1.64249pt:1ex:=4.71457pt
[118]

:tex2html_wrap_inline5795:lthtmlCropMarkHeight:=10.71457pt

:tex2html_wrap_inline5795:lthtmlCropMarkDepth:=1.64249pt:1ex:=4.71457pt
[119]

:tex2html_wrap_inline5797:lthtmlCropMarkHeight:=10.71457pt

:tex2html_wrap_inline5797:lthtmlCropMarkDepth:=1.7839pt:1ex:=4.71457pt
[120]

:tex2html_wrap_inline5799:lthtmlCropMarkHeight:=10.71457pt

:tex2html_wrap_inline5799:lthtmlCropMarkDepth:=1.7839pt:1ex:=4.71457pt
[121]

:tex2html_wrap_inline5801:lthtmlCropMarkHeight:=10.71457pt

:tex2html_wrap_inline5801:lthtmlCropMarkDepth:=0.0pt:1ex:=4.71457pt
[122]

:tex2html_wrap_inline5803:lthtmlCropMarkHeight:=10.71457pt

:tex2html_wrap_inline5803:lthtmlCropMarkDepth:=2.12917pt:1ex:=4.71457pt
[123]

:tex2html_wrap_inline5805:lthtmlCropMarkHeight:=14.2125pt

:tex2html_wrap_inline5805:lthtmlCropMarkDepth:=2.73749pt:1ex:=4.71457pt
[124]

:tex2html_wrap_inline5819:lthtmlCropMarkHeight:=10.71457pt

:tex2html_wrap_inline5819:lthtmlCropMarkDepth:=0.0pt:1ex:=4.71457pt
[125]

:tex2html_wrap_inline5825:lthtmlCropMarkHeight:=10.71457pt

:tex2html_wrap_inline5825:lthtmlCropMarkDepth:=3.19804pt:1ex:=4.71457pt
[126]

:tex2html_wrap_inline5836:lthtmlCropMarkHeight:=10.71457pt

:tex2html_wrap_inline5836:lthtmlCropMarkDepth:=0.0pt:1ex:=4.71457pt
[127]

:tex2html_wrap_inline5842:lthtmlCropMarkHeight:=14.2125pt

:tex2html_wrap_inline5842:lthtmlCropMarkDepth:=2.73749pt:1ex:=4.71457pt
[128]
<.././Figures/FracModel.PNG, id=643, 994.31474pt x 517.33275pt>
File: .././Figures/FracModel.PNG Graphic file (type png)
<use .././Figures/FracModel.PNG>
Package pdftex.def Info: .././Figures/FracModel.PNG  used on input line 1059.
(pdftex.def)             Requested size: 497.15616pt x 258.66574pt.

Overfull \hbox (25.12505pt too wide) in paragraph at lines 1059--1060
[][] 
 []


:tex2html_wrap5848:lthtmlCropMarkHeight:=264.66574pt

:tex2html_wrap5848:lthtmlCropMarkDepth:=0.0pt:1ex:=4.71457pt
[129 <.././Figures/FracModel.PNG>]

:tex2html_wrap_inline5873:lthtmlCropMarkHeight:=10.71457pt

:tex2html_wrap_inline5873:lthtmlCropMarkDepth:=2.12917pt:1ex:=4.71457pt
[130]
<.././Figures/CH3-01.PNG, id=653, 1262.7175pt x 1190.4475pt>
File: .././Figures/CH3-01.PNG Graphic file (type png)
<use .././Figures/CH3-01.PNG>
Package pdftex.def Info: .././Figures/CH3-01.PNG  used on input line 1073.
(pdftex.def)             Requested size: 378.81818pt x 357.13701pt.

:tex2html_wrap5885:lthtmlCropMarkHeight:=363.13701pt

:tex2html_wrap5885:lthtmlCropMarkDepth:=0.0pt:1ex:=4.71457pt
[131 <.././Figures/CH3-01.PNG>]
<.././Figures/CH3-02.PNG, id=659, 1053.9375pt x 750.805pt>
File: .././Figures/CH3-02.PNG Graphic file (type png)
<use .././Figures/CH3-02.PNG>
Package pdftex.def Info: .././Figures/CH3-02.PNG  used on input line 1079.
(pdftex.def)             Requested size: 316.18369pt x 225.24323pt.

:tex2html_wrap5890:lthtmlCropMarkHeight:=231.24323pt

:tex2html_wrap5890:lthtmlCropMarkDepth:=0.0pt:1ex:=4.71457pt
[132 <.././Figures/CH3-02.PNG>]
<.././Figures/CH3-03.PNG, id=665, 1201.48875pt x 573.14125pt>
File: .././Figures/CH3-03.PNG Graphic file (type png)
<use .././Figures/CH3-03.PNG>
Package pdftex.def Info: .././Figures/CH3-03.PNG  used on input line 1085.
(pdftex.def)             Requested size: 360.44942pt x 171.9437pt.

:tex2html_wrap5895:lthtmlCropMarkHeight:=177.9437pt

:tex2html_wrap5895:lthtmlCropMarkDepth:=0.0pt:1ex:=4.71457pt
[133 <.././Figures/CH3-03.PNG>]
<.././Figures/CH3-04.PNG, id=673, 1129.21875pt x 1243.64626pt>
File: .././Figures/CH3-04.PNG Graphic file (type png)
<use .././Figures/CH3-04.PNG>
Package pdftex.def Info: .././Figures/CH3-04.PNG  used on input line 1092.
(pdftex.def)             Requested size: 338.76823pt x 373.09676pt.

:tex2html_wrap5901:lthtmlCropMarkHeight:=379.09676pt

:tex2html_wrap5901:lthtmlCropMarkDepth:=0.0pt:1ex:=4.71457pt
[134 <.././Figures/CH3-04.PNG>]
<.././Figures/CH3-05.PNG, id=679, 1164.35pt x 414.54875pt>
File: .././Figures/CH3-05.PNG Graphic file (type png)
<use .././Figures/CH3-05.PNG>
Package pdftex.def Info: .././Figures/CH3-05.PNG  used on input line 1098.
(pdftex.def)             Requested size: 349.3077pt x 124.36557pt.

:tex2html_wrap5906:lthtmlCropMarkHeight:=130.36557pt

:tex2html_wrap5906:lthtmlCropMarkDepth:=0.0pt:1ex:=4.71457pt
[135 <.././Figures/CH3-05.PNG>]
<.././Figures/CH3-06.PNG, id=685, 824.07875pt x 331.2375pt>
File: .././Figures/CH3-06.PNG Graphic file (type png)
<use .././Figures/CH3-06.PNG>
Package pdftex.def Info: .././Figures/CH3-06.PNG  used on input line 1104.
(pdftex.def)             Requested size: 247.22552pt x 99.37201pt.

:tex2html_wrap5911:lthtmlCropMarkHeight:=105.37201pt

:tex2html_wrap5911:lthtmlCropMarkDepth:=0.0pt:1ex:=4.71457pt
[136 <.././Figures/CH3-06.PNG>]
<.././Figures/CH3-07.PNG, id=691, 1213.53375pt x 1244.65pt>
File: .././Figures/CH3-07.PNG Graphic file (type png)
<use .././Figures/CH3-07.PNG>
Package pdftex.def Info: .././Figures/CH3-07.PNG  used on input line 1110.
(pdftex.def)             Requested size: 364.06294pt x 373.39787pt.

:tex2html_wrap5916:lthtmlCropMarkHeight:=379.39787pt

:tex2html_wrap5916:lthtmlCropMarkDepth:=0.0pt:1ex:=4.71457pt
[137 <.././Figures/CH3-07.PNG>]
<.././Figures/CH3-08.PNG, id=697, 1426.32875pt x 544.0325pt>
File: .././Figures/CH3-08.PNG Graphic file (type png)
<use .././Figures/CH3-08.PNG>
Package pdftex.def Info: .././Figures/CH3-08.PNG  used on input line 1117.
(pdftex.def)             Requested size: 427.90193pt x 163.211pt.

:tex2html_wrap5922:lthtmlCropMarkHeight:=169.211pt

:tex2html_wrap5922:lthtmlCropMarkDepth:=0.0pt:1ex:=4.71457pt
[138 <.././Figures/CH3-08.PNG>]
<.././Figures/CH3-09.PNG, id=703, 1426.32875pt x 541.02126pt>
File: .././Figures/CH3-09.PNG Graphic file (type png)
<use .././Figures/CH3-09.PNG>
Package pdftex.def Info: .././Figures/CH3-09.PNG  used on input line 1123.
(pdftex.def)             Requested size: 427.90193pt x 162.30762pt.

:tex2html_wrap5931:lthtmlCropMarkHeight:=168.30762pt

:tex2html_wrap5931:lthtmlCropMarkDepth:=0.0pt:1ex:=4.71457pt
[139 <.././Figures/CH3-09.PNG>]
<.././Figures/CH3-10.PNG, id=710, 1426.32875pt x 669.50125pt>
File: .././Figures/CH3-10.PNG Graphic file (type png)
<use .././Figures/CH3-10.PNG>
Package pdftex.def Info: .././Figures/CH3-10.PNG  used on input line 1129.
(pdftex.def)             Requested size: 427.90193pt x 200.85191pt.

:tex2html_wrap5936:lthtmlCropMarkHeight:=206.85191pt

:tex2html_wrap5936:lthtmlCropMarkDepth:=0.0pt:1ex:=4.71457pt
[140 <.././Figures/CH3-10.PNG>]
<.././Figures/CH3-11.PNG, id=716, 1426.32875pt x 909.3975pt>
File: .././Figures/CH3-11.PNG Graphic file (type png)
<use .././Figures/CH3-11.PNG>
Package pdftex.def Info: .././Figures/CH3-11.PNG  used on input line 1136.
(pdftex.def)             Requested size: 427.90193pt x 272.82135pt.

:tex2html_wrap5942:lthtmlCropMarkHeight:=278.82135pt

:tex2html_wrap5942:lthtmlCropMarkDepth:=0.0pt:1ex:=4.71457pt
[141 <.././Figures/CH3-11.PNG>]
<.././Figures/CH3-12.PNG, id=722, 1217.54875pt x 470.75874pt>
File: .././Figures/CH3-12.PNG Graphic file (type png)
<use .././Figures/CH3-12.PNG>
Package pdftex.def Info: .././Figures/CH3-12.PNG  used on input line 1144.
(pdftex.def)             Requested size: 365.26744pt x 141.22871pt.

:tex2html_wrap5949:lthtmlCropMarkHeight:=147.22871pt

:tex2html_wrap5949:lthtmlCropMarkDepth:=0.0pt:1ex:=4.71457pt
[142 <.././Figures/CH3-12.PNG>]
<.././Figures/CH3-13.PNG, id=728, 1157.32375pt x 998.73125pt>
File: .././Figures/CH3-13.PNG Graphic file (type png)
<use .././Figures/CH3-13.PNG>
Package pdftex.def Info: .././Figures/CH3-13.PNG  used on input line 1150.
(pdftex.def)             Requested size: 347.1998pt x 299.62169pt.

:tex2html_wrap5954:lthtmlCropMarkHeight:=305.62169pt

:tex2html_wrap5954:lthtmlCropMarkDepth:=0.0pt:1ex:=4.71457pt
[143 <.././Figures/CH3-13.PNG>]
<.././Figures/CH3-14.PNG, id=734, 984.67876pt x 253.94875pt>
File: .././Figures/CH3-14.PNG Graphic file (type png)
<use .././Figures/CH3-14.PNG>
Package pdftex.def Info: .././Figures/CH3-14.PNG  used on input line 1156.
(pdftex.def)             Requested size: 295.4059pt x 76.1852pt.

:tex2html_wrap5959:lthtmlCropMarkHeight:=82.1852pt

:tex2html_wrap5959:lthtmlCropMarkDepth:=0.0pt:1ex:=4.71457pt
[144 <.././Figures/CH3-14.PNG>]
<.././Figures/CH3-15.PNG, id=740, 1173.38374pt x 1017.8025pt>
File: .././Figures/CH3-15.PNG Graphic file (type png)
<use .././Figures/CH3-15.PNG>
Package pdftex.def Info: .././Figures/CH3-15.PNG  used on input line 1162.
(pdftex.def)             Requested size: 352.01784pt x 305.34311pt.

:tex2html_wrap5964:lthtmlCropMarkHeight:=311.34311pt

:tex2html_wrap5964:lthtmlCropMarkDepth:=0.0pt:1ex:=4.71457pt
[145 <.././Figures/CH3-15.PNG>]
<.././Figures/CH3-16.PNG, id=747, 1247.66125pt x 410.53375pt>
File: .././Figures/CH3-16.PNG Graphic file (type png)
<use .././Figures/CH3-16.PNG>
Package pdftex.def Info: .././Figures/CH3-16.PNG  used on input line 1168.
(pdftex.def)             Requested size: 374.30125pt x 123.16107pt.

:tex2html_wrap5969:lthtmlCropMarkHeight:=129.16107pt

:tex2html_wrap5969:lthtmlCropMarkDepth:=0.0pt:1ex:=4.71457pt
[146 <.././Figures/CH3-16.PNG>]
<.././Figures/CH3-17.PNG, id=753, 1055.945pt x 1005.7575pt>
File: .././Figures/CH3-17.PNG Graphic file (type png)
<use .././Figures/CH3-17.PNG>
Package pdftex.def Info: .././Figures/CH3-17.PNG  used on input line 1175.
(pdftex.def)             Requested size: 316.78595pt x 301.72958pt.

:tex2html_wrap5975:lthtmlCropMarkHeight:=307.72958pt

:tex2html_wrap5975:lthtmlCropMarkDepth:=0.0pt:1ex:=4.71457pt
[147 <.././Figures/CH3-17.PNG>]
<.././Figures/CH3-18.PNG, id=759, 1165.35374pt x 568.1225pt>
File: .././Figures/CH3-18.PNG Graphic file (type png)
<use .././Figures/CH3-18.PNG>
Package pdftex.def Info: .././Figures/CH3-18.PNG  used on input line 1183.
(pdftex.def)             Requested size: 349.60883pt x 170.43805pt.

:tex2html_wrap5982:lthtmlCropMarkHeight:=176.43805pt

:tex2html_wrap5982:lthtmlCropMarkDepth:=0.0pt:1ex:=4.71457pt
[148 <.././Figures/CH3-18.PNG>]
<.././Figures/CH3-19.PNG, id=765, 999.735pt x 438.63875pt>
File: .././Figures/CH3-19.PNG Graphic file (type png)
<use .././Figures/CH3-19.PNG>
Package pdftex.def Info: .././Figures/CH3-19.PNG  used on input line 1189.
(pdftex.def)             Requested size: 299.9228pt x 131.59264pt.

:tex2html_wrap5987:lthtmlCropMarkHeight:=137.59264pt

:tex2html_wrap5987:lthtmlCropMarkDepth:=0.0pt:1ex:=4.71457pt
[149 <.././Figures/CH3-19.PNG>]
<.././Figures/CH3-20.PNG, id=771, 999.735pt x 438.63875pt>
File: .././Figures/CH3-20.PNG Graphic file (type png)
<use .././Figures/CH3-20.PNG>
Package pdftex.def Info: .././Figures/CH3-20.PNG  used on input line 1195.
(pdftex.def)             Requested size: 299.9228pt x 131.59264pt.

:tex2html_wrap5992:lthtmlCropMarkHeight:=137.59264pt

:tex2html_wrap5992:lthtmlCropMarkDepth:=0.0pt:1ex:=4.71457pt
[150 <.././Figures/CH3-20.PNG>]
<.././Figures/CH3-21.PNG, id=777, 1164.35pt x 882.29625pt>
File: .././Figures/CH3-21.PNG Graphic file (type png)
<use .././Figures/CH3-21.PNG>
Package pdftex.def Info: .././Figures/CH3-21.PNG  used on input line 1202.
(pdftex.def)             Requested size: 349.3077pt x 264.69092pt.

:tex2html_wrap5998:lthtmlCropMarkHeight:=270.69092pt

:tex2html_wrap5998:lthtmlCropMarkDepth:=0.0pt:1ex:=4.71457pt
[151 <.././Figures/CH3-21.PNG>]
<.././Figures/CH3-22.PNG, id=784, 1155.31625pt x 865.2325pt>
File: .././Figures/CH3-22.PNG Graphic file (type png)
<use .././Figures/CH3-22.PNG>
Package pdftex.def Info: .././Figures/CH3-22.PNG  used on input line 1208.
(pdftex.def)             Requested size: 346.59755pt x 259.57175pt.

:tex2html_wrap6003:lthtmlCropMarkHeight:=265.57175pt

:tex2html_wrap6003:lthtmlCropMarkDepth:=0.0pt:1ex:=4.71457pt
[152 <.././Figures/CH3-22.PNG>]
<.././Figures/CH3-24.PNG, id=790, 1092.08pt x 438.63875pt>
File: .././Figures/CH3-24.PNG Graphic file (type png)
<use .././Figures/CH3-24.PNG>
Package pdftex.def Info: .././Figures/CH3-24.PNG  used on input line 1215.
(pdftex.def)             Requested size: 327.62653pt x 131.59264pt.

:tex2html_wrap6009:lthtmlCropMarkHeight:=137.59264pt

:tex2html_wrap6009:lthtmlCropMarkDepth:=0.0pt:1ex:=4.71457pt
[153 <.././Figures/CH3-24.PNG>]
<.././Figures/CH3-25.PNG, id=796, 1090.0725pt x 662.475pt>
File: .././Figures/CH3-25.PNG Graphic file (type png)
<use .././Figures/CH3-25.PNG>
Package pdftex.def Info: .././Figures/CH3-25.PNG  used on input line 1221.
(pdftex.def)             Requested size: 327.02428pt x 198.74403pt.

:tex2html_wrap6014:lthtmlCropMarkHeight:=204.74403pt

:tex2html_wrap6014:lthtmlCropMarkDepth:=0.0pt:1ex:=4.71457pt
[154 <.././Figures/CH3-25.PNG>]
<.././Figures/CH3-26.PNG, id=802, 943.525pt x 662.475pt>
File: .././Figures/CH3-26.PNG Graphic file (type png)
<use .././Figures/CH3-26.PNG>
Package pdftex.def Info: .././Figures/CH3-26.PNG  used on input line 1227.
(pdftex.def)             Requested size: 283.05968pt x 198.74403pt.

:tex2html_wrap6019:lthtmlCropMarkHeight:=204.74403pt

:tex2html_wrap6019:lthtmlCropMarkDepth:=0.0pt:1ex:=4.71457pt
[155 <.././Figures/CH3-26.PNG>]
<.././Figures/CH3-27.PNG, id=808, 1049.9225pt x 586.19pt>
File: .././Figures/CH3-27.PNG Graphic file (type png)
<use .././Figures/CH3-27.PNG>
Package pdftex.def Info: .././Figures/CH3-27.PNG  used on input line 1233.
(pdftex.def)             Requested size: 314.97917pt x 175.85835pt.

:tex2html_wrap6024:lthtmlCropMarkHeight:=181.85835pt

:tex2html_wrap6024:lthtmlCropMarkDepth:=0.0pt:1ex:=4.71457pt
[156 <.././Figures/CH3-27.PNG>]

:tex2html_wrap_inline6031:lthtmlCropMarkHeight:=13.48248pt

:tex2html_wrap_inline6031:lthtmlCropMarkDepth:=1.64249pt:1ex:=4.71457pt
[157]

:tex2html_wrap_inline6033:lthtmlCropMarkHeight:=13.48248pt

:tex2html_wrap_inline6033:lthtmlCropMarkDepth:=3.19804pt:1ex:=4.71457pt
[158]

:tex2html_wrap_inline6041:lthtmlCropMarkHeight:=10.71457pt

:tex2html_wrap_inline6041:lthtmlCropMarkDepth:=1.7839pt:1ex:=4.71457pt
[159]

:tex2html_wrap_inline6043:lthtmlCropMarkHeight:=10.71457pt

:tex2html_wrap_inline6043:lthtmlCropMarkDepth:=1.64249pt:1ex:=4.71457pt
[160]

:tex2html_wrap_inline6045:lthtmlCropMarkHeight:=10.71457pt

:tex2html_wrap_inline6045:lthtmlCropMarkDepth:=0.0pt:1ex:=4.71457pt
[161]

:tex2html_wrap_inline6047:lthtmlCropMarkHeight:=13.48248pt

:tex2html_wrap_inline6047:lthtmlCropMarkDepth:=1.7839pt:1ex:=4.71457pt
[162]

:tex2html_wrap_inline6049:lthtmlCropMarkHeight:=10.71457pt

:tex2html_wrap_inline6049:lthtmlCropMarkDepth:=1.7839pt:1ex:=4.71457pt
[163]

:tex2html_wrap_inline6051:lthtmlCropMarkHeight:=10.71457pt

:tex2html_wrap_inline6051:lthtmlCropMarkDepth:=1.64249pt:1ex:=4.71457pt
[164]
<.././Figures/Biot.PNG, id=848, 316.5426pt x 165.7392pt>
File: .././Figures/Biot.PNG Graphic file (type png)
<use .././Figures/Biot.PNG>
Package pdftex.def Info: .././Figures/Biot.PNG  used on input line 1289.
(pdftex.def)             Requested size: 316.54182pt x 165.73877pt.

:tex2html_wrap6059:lthtmlCropMarkHeight:=171.73877pt

:tex2html_wrap6059:lthtmlCropMarkDepth:=0.0pt:1ex:=4.71457pt
[165 <.././Figures/Biot.PNG>]
<.././Figures/ResModel_Depletion.PNG, id=854, 622.4856pt x 359.9046pt>
File: .././Figures/ResModel_Depletion.PNG Graphic file (type png)
<use .././Figures/ResModel_Depletion.PNG>
Package pdftex.def Info: .././Figures/ResModel_Depletion.PNG  used on input lin
e 1296.
(pdftex.def)             Requested size: 373.49425pt x 215.94441pt.

:tex2html_wrap6074:lthtmlCropMarkHeight:=221.94441pt

:tex2html_wrap6074:lthtmlCropMarkDepth:=0.0pt:1ex:=4.71457pt
[166 <.././Figures/ResModel_Depletion.PNG>]

:tex2html_wrap_inline6079:lthtmlCropMarkHeight:=17.39447pt

:tex2html_wrap_inline6079:lthtmlCropMarkDepth:=5.9195pt:1ex:=4.71457pt
[167]

:tex2html_wrap_inline6085:lthtmlCropMarkHeight:=14.41812pt

:tex2html_wrap_inline6085:lthtmlCropMarkDepth:=2.73749pt:1ex:=4.71457pt
[168]

:displaymath6108:lthtmlCropMarkHeight:=100.91609pt

:displaymath6108:lthtmlCropMarkDepth:=0.0pt:1ex:=4.71457pt
[169]

:displaymath6110:lthtmlCropMarkHeight:=68.17625pt

:displaymath6110:lthtmlCropMarkDepth:=0.0pt:1ex:=4.71457pt
[170]

:tex2html_wrap_indisplay6112:lthtmlCropMarkHeight:=14.2125pt

:tex2html_wrap_indisplay6112:lthtmlCropMarkDepth:=3.33946pt:1ex:=4.71457pt
[171]

:tex2html_wrap_inline6114:lthtmlCropMarkHeight:=13.60416pt

:tex2html_wrap_inline6114:lthtmlCropMarkDepth:=3.33946pt:1ex:=4.71457pt
[172]

:tex2html_wrap_indisplay6116:lthtmlCropMarkHeight:=13.60416pt

:tex2html_wrap_indisplay6116:lthtmlCropMarkDepth:=2.12917pt:1ex:=4.71457pt
[173]

:tex2html_wrap_inline6118:lthtmlCropMarkHeight:=13.48248pt

:tex2html_wrap_inline6118:lthtmlCropMarkDepth:=0.0pt:1ex:=4.71457pt
[174]

:tex2html_wrap_indisplay6120:lthtmlCropMarkHeight:=13.60416pt

:tex2html_wrap_indisplay6120:lthtmlCropMarkDepth:=2.12917pt:1ex:=4.71457pt
[175]

:tex2html_wrap_indisplay6122:lthtmlCropMarkHeight:=18.12231pt

:tex2html_wrap_indisplay6122:lthtmlCropMarkDepth:=9.15364pt:1ex:=4.71457pt
[176]

:tex2html_wrap_indisplay6126:lthtmlCropMarkHeight:=13.60416pt

:tex2html_wrap_indisplay6126:lthtmlCropMarkDepth:=7.665pt:1ex:=4.71457pt
[177]

:tex2html_wrap_inline6128:lthtmlCropMarkHeight:=13.05666pt

:tex2html_wrap_inline6128:lthtmlCropMarkDepth:=1.64249pt:1ex:=4.71457pt
[178]

:tex2html_wrap_inline6130:lthtmlCropMarkHeight:=10.71457pt

:tex2html_wrap_inline6130:lthtmlCropMarkDepth:=1.64249pt:1ex:=4.71457pt
[179]

:displaymath6132:lthtmlCropMarkHeight:=54.29997pt

:displaymath6132:lthtmlCropMarkDepth:=0.0pt:1ex:=4.71457pt
[180]

:tex2html_wrap_inline6134:lthtmlCropMarkHeight:=10.71457pt

:tex2html_wrap_inline6134:lthtmlCropMarkDepth:=1.64249pt:1ex:=4.71457pt
[181]

:tex2html_wrap_inline6136:lthtmlCropMarkHeight:=10.71457pt

:tex2html_wrap_inline6136:lthtmlCropMarkDepth:=1.64249pt:1ex:=4.71457pt
[182]

:displaymath6138:lthtmlCropMarkHeight:=69.73816pt

:displaymath6138:lthtmlCropMarkDepth:=0.0pt:1ex:=4.71457pt
[183]

:tex2html_wrap_inline6140:lthtmlCropMarkHeight:=10.71457pt

:tex2html_wrap_inline6140:lthtmlCropMarkDepth:=1.64249pt:1ex:=4.71457pt
[184]

:tex2html_wrap_indisplay6142:lthtmlCropMarkHeight:=21.87761pt

:tex2html_wrap_indisplay6142:lthtmlCropMarkDepth:=10.40265pt:1ex:=4.71457pt
[185]

:tex2html_wrap_inline6144:lthtmlCropMarkHeight:=14.2125pt

:tex2html_wrap_inline6144:lthtmlCropMarkDepth:=2.73749pt:1ex:=4.71457pt
[186]

:tex2html_wrap_indisplay6146:lthtmlCropMarkHeight:=21.87761pt

:tex2html_wrap_indisplay6146:lthtmlCropMarkDepth:=10.40265pt:1ex:=4.71457pt
[187]

:tex2html_wrap_indisplay6148:lthtmlCropMarkHeight:=21.0119pt

:tex2html_wrap_indisplay6148:lthtmlCropMarkDepth:=8.42366pt:1ex:=4.71457pt
[188]

:tex2html_wrap_indisplay6150:lthtmlCropMarkHeight:=21.0119pt

:tex2html_wrap_indisplay6150:lthtmlCropMarkDepth:=7.51115pt:1ex:=4.71457pt
[189]

:tex2html_wrap_inline6152:lthtmlCropMarkHeight:=15.12923pt

:tex2html_wrap_inline6152:lthtmlCropMarkDepth:=1.695pt:1ex:=4.71457pt
[190]

:tex2html_wrap_inline6154:lthtmlCropMarkHeight:=14.2125pt

:tex2html_wrap_inline6154:lthtmlCropMarkDepth:=2.73749pt:1ex:=4.71457pt
[191]

:tex2html_wrap_inline6156:lthtmlCropMarkHeight:=13.48248pt

:tex2html_wrap_inline6156:lthtmlCropMarkDepth:=0.0pt:1ex:=4.71457pt
[192]

:tex2html_wrap_inline6158:lthtmlCropMarkHeight:=13.05666pt

:tex2html_wrap_inline6158:lthtmlCropMarkDepth:=0.0pt:1ex:=4.71457pt
[193]

:tex2html_wrap_inline6175:lthtmlCropMarkHeight:=13.48248pt

:tex2html_wrap_inline6175:lthtmlCropMarkDepth:=1.64249pt:1ex:=4.71457pt
[194]

:tex2html_wrap_inline6177:lthtmlCropMarkHeight:=13.48248pt

:tex2html_wrap_inline6177:lthtmlCropMarkDepth:=1.64249pt:1ex:=4.71457pt
[195]

:tex2html_wrap_inline6179:lthtmlCropMarkHeight:=13.48248pt

:tex2html_wrap_inline6179:lthtmlCropMarkDepth:=3.33946pt:1ex:=4.71457pt
[196]

:tex2html_wrap_inline6181:lthtmlCropMarkHeight:=13.48248pt

:tex2html_wrap_inline6181:lthtmlCropMarkDepth:=2.12917pt:1ex:=4.71457pt
[197]

:tex2html_wrap_inline6183:lthtmlCropMarkHeight:=13.48248pt

:tex2html_wrap_inline6183:lthtmlCropMarkDepth:=1.64249pt:1ex:=4.71457pt
[198]

:tex2html_wrap_inline6185:lthtmlCropMarkHeight:=10.71457pt

:tex2html_wrap_inline6185:lthtmlCropMarkDepth:=2.12917pt:1ex:=4.71457pt
[199]

:tex2html_wrap_inline6189:lthtmlCropMarkHeight:=15.97366pt

:tex2html_wrap_inline6189:lthtmlCropMarkDepth:=2.73749pt:1ex:=4.71457pt
[200]

:tex2html_wrap_inline6192:lthtmlCropMarkHeight:=13.48248pt

:tex2html_wrap_inline6192:lthtmlCropMarkDepth:=3.19804pt:1ex:=4.71457pt
[201]

:tex2html_wrap_inline6200:lthtmlCropMarkHeight:=10.71457pt

:tex2html_wrap_inline6200:lthtmlCropMarkDepth:=1.695pt:1ex:=4.71457pt
[202]

:tex2html_wrap_inline6210:lthtmlCropMarkHeight:=13.62646pt

:tex2html_wrap_inline6210:lthtmlCropMarkDepth:=1.695pt:1ex:=4.71457pt
[203]

:tex2html_wrap_inline6212:lthtmlCropMarkHeight:=13.62646pt

:tex2html_wrap_inline6212:lthtmlCropMarkDepth:=1.695pt:1ex:=4.71457pt
[204]

:tex2html_wrap_inline6214:lthtmlCropMarkHeight:=13.48248pt

:tex2html_wrap_inline6214:lthtmlCropMarkDepth:=1.695pt:1ex:=4.71457pt
[205]

:tex2html_wrap_inline6238:lthtmlCropMarkHeight:=14.2125pt

:tex2html_wrap_inline6238:lthtmlCropMarkDepth:=3.19804pt:1ex:=4.71457pt
[206]

:tex2html_wrap_inline6240:lthtmlCropMarkHeight:=14.2125pt

:tex2html_wrap_inline6240:lthtmlCropMarkDepth:=2.73749pt:1ex:=4.71457pt
[207]

:tex2html_wrap_inline6242:lthtmlCropMarkHeight:=14.21248pt

:tex2html_wrap_inline6242:lthtmlCropMarkDepth:=2.7375pt:1ex:=4.71457pt
[208]

:tex2html_wrap_inline6244:lthtmlCropMarkHeight:=15.30754pt

:tex2html_wrap_inline6244:lthtmlCropMarkDepth:=3.83258pt:1ex:=4.71457pt
[209]

:tex2html_wrap_inline6246:lthtmlCropMarkHeight:=13.60416pt

:tex2html_wrap_inline6246:lthtmlCropMarkDepth:=3.19804pt:1ex:=4.71457pt
[210]

:tex2html_wrap_inline6248:lthtmlCropMarkHeight:=13.48248pt

:tex2html_wrap_inline6248:lthtmlCropMarkDepth:=1.64249pt:1ex:=4.71457pt
[211]

:tex2html_wrap_inline6253:lthtmlCropMarkHeight:=14.41812pt

:tex2html_wrap_inline6253:lthtmlCropMarkDepth:=2.12917pt:1ex:=4.71457pt
[212]

:tex2html_wrap_inline6255:lthtmlCropMarkHeight:=13.48248pt

:tex2html_wrap_inline6255:lthtmlCropMarkDepth:=0.0pt:1ex:=4.71457pt
[213]

:tex2html_wrap_inline6257:lthtmlCropMarkHeight:=14.41812pt

:tex2html_wrap_inline6257:lthtmlCropMarkDepth:=2.70702pt:1ex:=4.71457pt
[214]

:tex2html_wrap_inline6259:lthtmlCropMarkHeight:=13.62646pt

:tex2html_wrap_inline6259:lthtmlCropMarkDepth:=2.12917pt:1ex:=4.71457pt
[215]

:tex2html_wrap_inline6261:lthtmlCropMarkHeight:=13.60416pt

:tex2html_wrap_inline6261:lthtmlCropMarkDepth:=0.0pt:1ex:=4.71457pt
[216]

:tex2html_wrap_inline6263:lthtmlCropMarkHeight:=10.71457pt

:tex2html_wrap_inline6263:lthtmlCropMarkDepth:=0.0pt:1ex:=4.71457pt
[217]

:tex2html_wrap_inline6265:lthtmlCropMarkHeight:=10.71457pt

:tex2html_wrap_inline6265:lthtmlCropMarkDepth:=1.64249pt:1ex:=4.71457pt
[218]

:tex2html_wrap_inline6277:lthtmlCropMarkHeight:=10.71457pt

:tex2html_wrap_inline6277:lthtmlCropMarkDepth:=3.19804pt:1ex:=4.71457pt
[219]

:tex2html_wrap_inline6279:lthtmlCropMarkHeight:=10.71457pt

:tex2html_wrap_inline6279:lthtmlCropMarkDepth:=0.0pt:1ex:=4.71457pt
[220]

:tex2html_wrap_inline6285:lthtmlCropMarkHeight:=14.41812pt

:tex2html_wrap_inline6285:lthtmlCropMarkDepth:=2.12917pt:1ex:=4.71457pt
[221]

:tex2html_wrap_inline6287:lthtmlCropMarkHeight:=14.41812pt

:tex2html_wrap_inline6287:lthtmlCropMarkDepth:=2.12917pt:1ex:=4.71457pt
[222]

:tex2html_wrap_inline6299:lthtmlCropMarkHeight:=17.1067pt

:tex2html_wrap_inline6299:lthtmlCropMarkDepth:=5.33156pt:1ex:=4.71457pt
[223]

:tex2html_wrap_inline6301:lthtmlCropMarkHeight:=25.16264pt

:tex2html_wrap_inline6301:lthtmlCropMarkDepth:=13.68767pt:1ex:=4.71457pt
[224]

:tex2html_wrap_inline6303:lthtmlCropMarkHeight:=13.05666pt

:tex2html_wrap_inline6303:lthtmlCropMarkDepth:=0.9125pt:1ex:=4.71457pt
[225]

:tex2html_wrap_inline6305:lthtmlCropMarkHeight:=14.41812pt

:tex2html_wrap_inline6305:lthtmlCropMarkDepth:=2.73749pt:1ex:=4.71457pt
[226]

:tex2html_wrap_inline6307:lthtmlCropMarkHeight:=13.60416pt

:tex2html_wrap_inline6307:lthtmlCropMarkDepth:=3.19804pt:1ex:=4.71457pt
[227]

:tex2html_wrap_inline6309:lthtmlCropMarkHeight:=14.77165pt

:tex2html_wrap_inline6309:lthtmlCropMarkDepth:=5.14697pt:1ex:=4.71457pt
[228]

:tex2html_wrap_inline6332:lthtmlCropMarkHeight:=14.2125pt

:tex2html_wrap_inline6332:lthtmlCropMarkDepth:=3.19804pt:1ex:=4.71457pt
[229]

:tex2html_wrap_inline6343:lthtmlCropMarkHeight:=13.60416pt

:tex2html_wrap_inline6343:lthtmlCropMarkDepth:=3.33946pt:1ex:=4.71457pt
[230]

:tex2html_wrap_inline6345:lthtmlCropMarkHeight:=15.12923pt

:tex2html_wrap_inline6345:lthtmlCropMarkDepth:=0.9125pt:1ex:=4.71457pt
[231]

:tex2html_wrap_inline6347:lthtmlCropMarkHeight:=10.71457pt

:tex2html_wrap_inline6347:lthtmlCropMarkDepth:=3.33946pt:1ex:=4.71457pt
[232]

:tex2html_wrap_inline6349:lthtmlCropMarkHeight:=10.71457pt

:tex2html_wrap_inline6349:lthtmlCropMarkDepth:=3.19804pt:1ex:=4.71457pt
[233]

:tex2html_wrap_inline6351:lthtmlCropMarkHeight:=10.71457pt

:tex2html_wrap_inline6351:lthtmlCropMarkDepth:=2.12917pt:1ex:=4.71457pt
[234]

:tex2html_wrap_inline6357:lthtmlCropMarkHeight:=10.71457pt

:tex2html_wrap_inline6357:lthtmlCropMarkDepth:=2.12917pt:1ex:=4.71457pt
[235]

:tex2html_wrap_inline6374:lthtmlCropMarkHeight:=15.12923pt

:tex2html_wrap_inline6374:lthtmlCropMarkDepth:=0.0pt:1ex:=4.71457pt
[236]

:tex2html_wrap_inline6376:lthtmlCropMarkHeight:=14.41812pt

:tex2html_wrap_inline6376:lthtmlCropMarkDepth:=2.12917pt:1ex:=4.71457pt
[237]

:tex2html_wrap_inline6378:lthtmlCropMarkHeight:=15.12923pt

:tex2html_wrap_inline6378:lthtmlCropMarkDepth:=0.0pt:1ex:=4.71457pt
[238]

:tex2html_wrap_inline6382:lthtmlCropMarkHeight:=14.2125pt

:tex2html_wrap_inline6382:lthtmlCropMarkDepth:=3.33946pt:1ex:=4.71457pt
[239] (./images.aux)

LaTeX Warning: There were multiply-defined labels.

Package rerunfilecheck Info: File `images.out' has not changed.
(rerunfilecheck)             Checksum: D41D8CD98F00B204E9800998ECF8427E;0.
 ) 
Here is how much of TeX's memory you used:
 13418 strings out of 478287
 210740 string characters out of 5849289
 505582 words of memory out of 5000000
 31120 multiletter control sequences out of 15000+600000
 474326 words of font info for 48 fonts, out of 8000000 for 9000
 1141 hyphenation exceptions out of 8191
 68i,11n,76p,452b,328s stack positions out of 5000i,500n,10000p,200000b,80000s
</usr/share/texlive/texmf-dist/fonts/type1/public/amsfonts/cm/cmex10.pfb></us
r/share/texlive/texmf-dist/fonts/type1/public/amsfonts/cm/cmmi10.pfb></usr/shar
e/texlive/texmf-dist/fonts/type1/public/amsfonts/cm/cmmi6.pfb></usr/share/texli
ve/texmf-dist/fonts/type1/public/amsfonts/cm/cmmi8.pfb></usr/share/texlive/texm
f-dist/fonts/type1/public/amsfonts/cm/cmr10.pfb></usr/share/texlive/texmf-dist/
fonts/type1/public/amsfonts/cm/cmr6.pfb></usr/share/texlive/texmf-dist/fonts/ty
pe1/public/amsfonts/cm/cmr8.pfb></usr/share/texlive/texmf-dist/fonts/type1/publ
ic/amsfonts/cm/cmsy10.pfb></usr/share/texlive/texmf-dist/fonts/type1/public/ams
fonts/cm/cmsy6.pfb></usr/share/texlive/texmf-dist/fonts/type1/public/amsfonts/c
m/cmsy8.pfb>
Output written on images.pdf (239 pages, 11164468 bytes).
PDF statistics:
 1273 PDF objects out of 1440 (max. 8388607)
 851 compressed objects within 9 object streams
 239 named destinations out of 1000 (max. 500000)
 381 words of extra memory for PDF output out of 10000 (max. 10000000)

