This is pdfTeX, Version 3.14159265-2.6-1.40.20 (TeX Live 2019/Debian) (preloaded format=pdflatex 2020.10.14)  19 NOV 2020 18:28
entering extended mode
 restricted \write18 enabled.
 %&-line parsing enabled.
**./images.tex
(./images.tex
LaTeX2e <2020-02-02> patch level 2
L3 programming layer <2020-02-14>
(/usr/share/texlive/texmf-dist/tex/latex/base/report.cls
Document Class: report 2019/12/20 v1.4l Standard LaTeX document class
(/usr/share/texlive/texmf-dist/tex/latex/base/size11.clo
File: size11.clo 2019/12/20 v1.4l Standard LaTeX file (size option)
)
\c@part=\count167
\c@chapter=\count168
\c@section=\count169
\c@subsection=\count170
\c@subsubsection=\count171
\c@paragraph=\count172
\c@subparagraph=\count173
\c@figure=\count174
\c@table=\count175
\abovecaptionskip=\skip47
\belowcaptionskip=\skip48
\bibindent=\dimen134
) (/usr/share/texlive/texmf-dist/tex/latex/base/ifthen.sty
Package: ifthen 2014/09/29 v1.1c Standard LaTeX ifthen package (DPC)
) (/usr/share/texlive/texmf-dist/tex/latex/graphics/graphicx.sty
Package: graphicx 2019/11/30 v1.2a Enhanced LaTeX Graphics (DPC,SPQR)
(/usr/share/texlive/texmf-dist/tex/latex/graphics/keyval.sty
Package: keyval 2014/10/28 v1.15 key=value parser (DPC)
\KV@toks@=\toks14
) (/usr/share/texlive/texmf-dist/tex/latex/graphics/graphics.sty
Package: graphics 2019/11/30 v1.4a Standard LaTeX Graphics (DPC,SPQR)
(/usr/share/texlive/texmf-dist/tex/latex/graphics/trig.sty
Package: trig 2016/01/03 v1.10 sin cos tan (DPC)
) (/usr/share/texlive/texmf-dist/tex/latex/graphics-cfg/graphics.cfg
File: graphics.cfg 2016/06/04 v1.11 sample graphics configuration
)
Package graphics Info: Driver file: pdftex.def on input line 105.
(/usr/share/texlive/texmf-dist/tex/latex/graphics-def/pdftex.def
File: pdftex.def 2018/01/08 v1.0l Graphics/color driver for pdftex
))
\Gin@req@height=\dimen135
\Gin@req@width=\dimen136
) (/usr/share/texlive/texmf-dist/tex/latex/preprint/authblk.sty
Package: authblk 2001/02/27 1.3 (PWD)
\affilsep=\skip49
\@affilsep=\skip50
\c@Maxaffil=\count176
\c@authors=\count177
\c@affil=\count178
) (/usr/share/texlive/texmf-dist/tex/latex/mathtools/mathtools.sty
Package: mathtools 2020/01/17 v1.23 mathematical typesetting tools
(/usr/share/texlive/texmf-dist/tex/latex/tools/calc.sty
Package: calc 2017/05/25 v4.3 Infix arithmetic (KKT,FJ)
\calc@Acount=\count179
\calc@Bcount=\count180
\calc@Adimen=\dimen137
\calc@Bdimen=\dimen138
\calc@Askip=\skip51
\calc@Bskip=\skip52
LaTeX Info: Redefining \setlength on input line 80.
LaTeX Info: Redefining \addtolength on input line 81.
\calc@Ccount=\count181
\calc@Cskip=\skip53
) (/usr/share/texlive/texmf-dist/tex/latex/mathtools/mhsetup.sty
Package: mhsetup 2017/03/31 v1.3 programming setup (MH)
) (/usr/share/texlive/texmf-dist/tex/latex/amsmath/amsmath.sty
Package: amsmath 2020/01/20 v2.17e AMS math features
\@mathmargin=\skip54
For additional information on amsmath, use the `?' option.
(/usr/share/texlive/texmf-dist/tex/latex/amsmath/amstext.sty
Package: amstext 2000/06/29 v2.01 AMS text
(/usr/share/texlive/texmf-dist/tex/latex/amsmath/amsgen.sty
File: amsgen.sty 1999/11/30 v2.0 generic functions
\@emptytoks=\toks15
\ex@=\dimen139
)) (/usr/share/texlive/texmf-dist/tex/latex/amsmath/amsbsy.sty
Package: amsbsy 1999/11/29 v1.2d Bold Symbols
\pmbraise@=\dimen140
) (/usr/share/texlive/texmf-dist/tex/latex/amsmath/amsopn.sty
Package: amsopn 2016/03/08 v2.02 operator names
)
\inf@bad=\count182
LaTeX Info: Redefining \frac on input line 227.
\uproot@=\count183
\leftroot@=\count184
LaTeX Info: Redefining \overline on input line 389.
\classnum@=\count185
\DOTSCASE@=\count186
LaTeX Info: Redefining \ldots on input line 486.
LaTeX Info: Redefining \dots on input line 489.
LaTeX Info: Redefining \cdots on input line 610.
\Mathstrutbox@=\box45
\strutbox@=\box46
\big@size=\dimen141
LaTeX Font Info:    Redeclaring font encoding OML on input line 733.
LaTeX Font Info:    Redeclaring font encoding OMS on input line 734.
\macc@depth=\count187
\c@MaxMatrixCols=\count188
\dotsspace@=\muskip16
\c@parentequation=\count189
\dspbrk@lvl=\count190
\tag@help=\toks16
\row@=\count191
\column@=\count192
\maxfields@=\count193
\andhelp@=\toks17
\eqnshift@=\dimen142
\alignsep@=\dimen143
\tagshift@=\dimen144
\tagwidth@=\dimen145
\totwidth@=\dimen146
\lineht@=\dimen147
\@envbody=\toks18
\multlinegap=\skip55
\multlinetaggap=\skip56
\mathdisplay@stack=\toks19
LaTeX Info: Redefining \[ on input line 2859.
LaTeX Info: Redefining \] on input line 2860.
)
LaTeX Info: Thecontrolsequence`\('isalreadyrobust on input line 129.
LaTeX Info: Thecontrolsequence`\)'isalreadyrobust on input line 129.
LaTeX Info: Thecontrolsequence`\['isalreadyrobust on input line 129.
LaTeX Info: Thecontrolsequence`\]'isalreadyrobust on input line 129.
\g_MT_multlinerow_int=\count194
\l_MT_multwidth_dim=\dimen148
\origjot=\skip57
\l_MT_shortvdotswithinadjustabove_dim=\dimen149
\l_MT_shortvdotswithinadjustbelow_dim=\dimen150
\l_MT_above_intertext_sep=\dimen151
\l_MT_below_intertext_sep=\dimen152
\l_MT_above_shortintertext_sep=\dimen153
\l_MT_below_shortintertext_sep=\dimen154
) (/usr/share/texlive/texmf-dist/tex/latex/amsfonts/amssymb.sty
Package: amssymb 2013/01/14 v3.01 AMS font symbols
(/usr/share/texlive/texmf-dist/tex/latex/amsfonts/amsfonts.sty
Package: amsfonts 2013/01/14 v3.01 Basic AMSFonts support
\symAMSa=\mathgroup4
\symAMSb=\mathgroup5
LaTeX Font Info:    Redeclaring math symbol \hbar on input line 98.
LaTeX Font Info:    Overwriting math alphabet `\mathfrak' in version `bold'
(Font)                  U/euf/m/n --> U/euf/b/n on input line 106.
)) (/usr/share/texlive/texmf-dist/tex/generic/ulem/ulem.sty
\UL@box=\box47
\UL@hyphenbox=\box48
\UL@skip=\skip58
\UL@hook=\toks20
\UL@height=\dimen155
\UL@pe=\count195
\UL@pixel=\dimen156
\ULC@box=\box49
Package: ulem 2019/11/18
\ULdepth=\dimen157
) (/usr/share/texlive/texmf-dist/tex/latex/float/float.sty
Package: float 2001/11/08 v1.3d Float enhancements (AL)
\c@float@type=\count196
\float@exts=\toks21
\float@box=\box50
\@float@everytoks=\toks22
\@floatcapt=\box51
) (/usr/share/texlive/texmf-dist/tex/latex/hyperref/hyperref.sty
Package: hyperref 2020/01/14 v7.00d Hypertext links for LaTeX
(/usr/share/texlive/texmf-dist/tex/generic/ltxcmds/ltxcmds.sty
Package: ltxcmds 2019/12/15 v1.24 LaTeX kernel commands for general use (HO)
) (/usr/share/texlive/texmf-dist/tex/generic/iftex/iftex.sty
Package: iftex 2019/11/07 v1.0c TeX engine tests
) (/usr/share/texlive/texmf-dist/tex/latex/pdftexcmds/pdftexcmds.sty
Package: pdftexcmds 2019/11/24 v0.31 Utility functions of pdfTeX for LuaTeX (HO
)
(/usr/share/texlive/texmf-dist/tex/generic/infwarerr/infwarerr.sty
Package: infwarerr 2019/12/03 v1.5 Providing info/warning/error messages (HO)
)
Package pdftexcmds Info: \pdf@primitive is available.
Package pdftexcmds Info: \pdf@ifprimitive is available.
Package pdftexcmds Info: \pdfdraftmode found.
) (/usr/share/texlive/texmf-dist/tex/generic/kvsetkeys/kvsetkeys.sty
Package: kvsetkeys 2019/12/15 v1.18 Key value parser (HO)
) (/usr/share/texlive/texmf-dist/tex/generic/kvdefinekeys/kvdefinekeys.sty
Package: kvdefinekeys 2019-12-19 v1.6 Define keys (HO)
) (/usr/share/texlive/texmf-dist/tex/generic/pdfescape/pdfescape.sty
Package: pdfescape 2019/12/09 v1.15 Implements pdfTeX's escape features (HO)
) (/usr/share/texlive/texmf-dist/tex/latex/hycolor/hycolor.sty
Package: hycolor 2020-01-27 v1.10 Color options for hyperref/bookmark (HO)
) (/usr/share/texlive/texmf-dist/tex/latex/letltxmacro/letltxmacro.sty
Package: letltxmacro 2019/12/03 v1.6 Let assignment for LaTeX macros (HO)
) (/usr/share/texlive/texmf-dist/tex/latex/auxhook/auxhook.sty
Package: auxhook 2019-12-17 v1.6 Hooks for auxiliary files (HO)
) (/usr/share/texlive/texmf-dist/tex/latex/kvoptions/kvoptions.sty
Package: kvoptions 2019/11/29 v3.13 Key value format for package options (HO)
)
\@linkdim=\dimen158
\Hy@linkcounter=\count197
\Hy@pagecounter=\count198
(/usr/share/texlive/texmf-dist/tex/latex/hyperref/pd1enc.def
File: pd1enc.def 2020/01/14 v7.00d Hyperref: PDFDocEncoding definition (HO)
Now handling font encoding PD1 ...
... no UTF-8 mapping file for font encoding PD1
) (/usr/share/texlive/texmf-dist/tex/generic/intcalc/intcalc.sty
Package: intcalc 2019/12/15 v1.3 Expandable calculations with integers (HO)
) (/usr/share/texlive/texmf-dist/tex/generic/etexcmds/etexcmds.sty
Package: etexcmds 2019/12/15 v1.7 Avoid name clashes with e-TeX commands (HO)
)
\Hy@SavedSpaceFactor=\count199
\pdfmajorversion=\count266
Package hyperref Info: Hyper figures OFF on input line 4547.
Package hyperref Info: Link nesting OFF on input line 4552.
Package hyperref Info: Hyper index ON on input line 4555.
Package hyperref Info: Plain pages OFF on input line 4562.
Package hyperref Info: Backreferencing OFF on input line 4567.
Package hyperref Info: Implicit mode ON; LaTeX internals redefined.
Package hyperref Info: Bookmarks ON on input line 4800.
\c@Hy@tempcnt=\count267
(/usr/share/texlive/texmf-dist/tex/latex/url/url.sty
\Urlmuskip=\muskip17
Package: url 2013/09/16  ver 3.4  Verb mode for urls, etc.
)
LaTeX Info: Redefining \url on input line 5159.
\XeTeXLinkMargin=\dimen159
(/usr/share/texlive/texmf-dist/tex/generic/bitset/bitset.sty
Package: bitset 2019/12/09 v1.3 Handle bit-vector datatype (HO)
(/usr/share/texlive/texmf-dist/tex/generic/bigintcalc/bigintcalc.sty
Package: bigintcalc 2019/12/15 v1.5 Expandable calculations on big integers (HO
)
))
\Fld@menulength=\count268
\Field@Width=\dimen160
\Fld@charsize=\dimen161
Package hyperref Info: Hyper figures OFF on input line 6430.
Package hyperref Info: Link nesting OFF on input line 6435.
Package hyperref Info: Hyper index ON on input line 6438.
Package hyperref Info: backreferencing OFF on input line 6445.
Package hyperref Info: Link coloring OFF on input line 6450.
Package hyperref Info: Link coloring with OCG OFF on input line 6455.
Package hyperref Info: PDF/A mode OFF on input line 6460.
LaTeX Info: Redefining \ref on input line 6500.
LaTeX Info: Redefining \pageref on input line 6504.
(/usr/share/texlive/texmf-dist/tex/generic/atbegshi/atbegshi.sty
Package: atbegshi 2019/12/05 v1.19 At begin shipout hook (HO)
)
\Hy@abspage=\count269
\c@Item=\count270
\c@Hfootnote=\count271
)
Package hyperref Info: Driver (autodetected): hpdftex.
(/usr/share/texlive/texmf-dist/tex/latex/hyperref/hpdftex.def
File: hpdftex.def 2020/01/14 v7.00d Hyperref driver for pdfTeX
(/usr/share/texlive/texmf-dist/tex/latex/atveryend/atveryend.sty
Package: atveryend 2019-12-11 v1.11 Hooks at the very end of document (HO)
Package atveryend Info: \enddocument detected (standard20110627).
)
\Fld@listcount=\count272
\c@bookmark@seq@number=\count273
(/usr/share/texlive/texmf-dist/tex/latex/rerunfilecheck/rerunfilecheck.sty
Package: rerunfilecheck 2019/12/05 v1.9 Rerun checks for auxiliary files (HO)
(/usr/share/texlive/texmf-dist/tex/generic/uniquecounter/uniquecounter.sty
Package: uniquecounter 2019/12/15 v1.4 Provide unlimited unique counter (HO)
)
Package uniquecounter Info: New unique counter `rerunfilecheck' on input line 2
86.
)
\Hy@SectionHShift=\skip59
) (/usr/share/texlive/texmf-dist/tex/latex/graphics/color.sty
Package: color 2019/11/23 v1.2a Standard LaTeX Color (DPC)
(/usr/share/texlive/texmf-dist/tex/latex/graphics-cfg/color.cfg
File: color.cfg 2016/01/02 v1.6 sample color configuration
)
Package color Info: Driver file: pdftex.def on input line 147.
) (/usr/share/texlive/texmf-dist/tex/latex/soul/soul.sty
Package: soul 2003/11/17 v2.4 letterspacing/underlining (mf)
\SOUL@word=\toks23
\SOUL@lasttoken=\toks24
\SOUL@cmds=\toks25
\SOUL@buffer=\toks26
\SOUL@token=\toks27
\SOUL@spaceskip=\skip60
\SOUL@ttwidth=\dimen162
\SOUL@uldp=\dimen163
\SOUL@ulht=\dimen164
) (/usr/share/texlive/texmf-dist/tex/latex/tools/enumerate.sty
Package: enumerate 2015/07/23 v3.00 enumerate extensions (DPC)
\@enLab=\toks28
) (/usr/share/texlive/texmf-dist/tex/latex/base/inputenc.sty
Package: inputenc 2018/08/11 v1.3c Input encoding file
\inpenc@prehook=\toks29
\inpenc@posthook=\toks30
)
\sizebox=\box52
\lthtmlwrite=\write3
(/usr/share/texmf/tex/latex/preview/preview.sty
Package: preview 2017/04/24 11.91 (AUCTeX/preview-latex)
(/usr/share/texmf/tex/latex/preview/prtightpage.def
\PreviewBorder=\dimen165
)
\pr@snippet=\count274
\pr@box=\box53
\pr@output=\toks31
)
\lthtmlPageBox=\box54
\lthtmlCropMarkHeight=\dimen166
\lthtmlCropMarkDepth=\dimen167
! Too many }'s.
l.78 ...preview}\copy\lthtmlPageBox\end{preview}}}
                                                  %
You've closed more groups than you opened.
Such booboos are generally harmless, so keep going.

(/usr/share/texlive/texmf-dist/tex/latex/l3backend/l3backend-pdfmode.def
File: l3backend-pdfmode.def 2020-02-03 L3 backend support: PDF mode
\l__kernel_color_stack_int=\count275
\l__pdf_internal_box=\box55
) (./images.aux

LaTeX Warning: Label `fig:Biot' multiply defined.


LaTeX Warning: Label `fig:FracStress2' multiply defined.


LaTeX Warning: Label `fig:DevWell' multiply defined.


LaTeX Warning: Label `fig:PKNequations' multiply defined.

)
\openout1 = `images.aux'.

LaTeX Font Info:    Checking defaults for OML/cmm/m/it on input line 123.
LaTeX Font Info:    ... okay on input line 123.
LaTeX Font Info:    Checking defaults for OMS/cmsy/m/n on input line 123.
LaTeX Font Info:    ... okay on input line 123.
LaTeX Font Info:    Checking defaults for OT1/cmr/m/n on input line 123.
LaTeX Font Info:    ... okay on input line 123.
LaTeX Font Info:    Checking defaults for T1/cmr/m/n on input line 123.
LaTeX Font Info:    ... okay on input line 123.
LaTeX Font Info:    Checking defaults for TS1/cmr/m/n on input line 123.
LaTeX Font Info:    ... okay on input line 123.
LaTeX Font Info:    Checking defaults for OMX/cmex/m/n on input line 123.
LaTeX Font Info:    ... okay on input line 123.
LaTeX Font Info:    Checking defaults for U/cmr/m/n on input line 123.
LaTeX Font Info:    ... okay on input line 123.
LaTeX Font Info:    Checking defaults for PD1/pdf/m/n on input line 123.
LaTeX Font Info:    ... okay on input line 123.
(/usr/share/texlive/texmf-dist/tex/context/base/mkii/supp-pdf.mkii
[Loading MPS to PDF converter (version 2006.09.02).]
\scratchcounter=\count276
\scratchdimen=\dimen168
\scratchbox=\box56
\nofMPsegments=\count277
\nofMParguments=\count278
\everyMPshowfont=\toks32
\MPscratchCnt=\count279
\MPscratchDim=\dimen169
\MPnumerator=\count280
\makeMPintoPDFobject=\count281
\everyMPtoPDFconversion=\toks33
) (/usr/share/texlive/texmf-dist/tex/latex/epstopdf-pkg/epstopdf-base.sty
Package: epstopdf-base 2020-01-24 v2.11 Base part for package epstopdf
(/usr/share/texlive/texmf-dist/tex/latex/grfext/grfext.sty
Package: grfext 2019/12/03 v1.3 Manage graphics extensions (HO)
)
Package epstopdf-base Info: Redefining graphics rule for `.eps' on input line 4
85.
Package grfext Info: Graphics extension search list:
(grfext)             [.pdf,.png,.jpg,.mps,.jpeg,.jbig2,.jb2,.PDF,.PNG,.JPG,.JPE
G,.JBIG2,.JB2,.eps]
(grfext)             \AppendGraphicsExtensions on input line 504.
(/usr/share/texlive/texmf-dist/tex/latex/latexconfig/epstopdf-sys.cfg
File: epstopdf-sys.cfg 2010/07/13 v1.3 Configuration of (r)epstopdf for TeX Liv
e
))
\AtBeginShipoutBox=\box57
Package hyperref Info: Link coloring OFF on input line 123.
(/usr/share/texlive/texmf-dist/tex/latex/hyperref/nameref.sty
Package: nameref 2019/09/16 v2.46 Cross-referencing by name of section
(/usr/share/texlive/texmf-dist/tex/latex/refcount/refcount.sty
Package: refcount 2019/12/15 v3.6 Data extraction from label references (HO)
) (/usr/share/texlive/texmf-dist/tex/generic/gettitlestring/gettitlestring.sty
Package: gettitlestring 2019/12/15 v1.6 Cleanup title references (HO)
)
\c@section@level=\count282
)
LaTeX Info: Redefining \ref on input line 123.
LaTeX Info: Redefining \pageref on input line 123.
LaTeX Info: Redefining \nameref on input line 123.
(./images.out) (./images.out)
\@outlinefile=\write4
\openout4 = `images.out'.

Preview: Fontsize 10.95pt
Preview: PDFoutput 1

latex2htmlLength hsize=349.0pt

latex2htmlLength vsize=648.5744pt

latex2htmlLength hoffset=0.0pt

latex2htmlLength voffset=0.0pt

latex2htmlLength topmargin=0.0pt

latex2htmlLength topskip=0.00003pt

latex2htmlLength headheight=0.0pt

latex2htmlLength headsep=0.0pt

latex2htmlLength parskip=7.2pt

latex2htmlLength oddsidemargin=-1.13791pt

latex2htmlLength evensidemargin=-1.13791pt

LaTeX Font Info:    Trying to load font information for U+msa on input line 148
.
(/usr/share/texlive/texmf-dist/tex/latex/amsfonts/umsa.fd
File: umsa.fd 2013/01/14 v3.01 AMS symbols A
)
LaTeX Font Info:    Trying to load font information for U+msb on input line 148
.
(/usr/share/texlive/texmf-dist/tex/latex/amsfonts/umsb.fd
File: umsb.fd 2013/01/14 v3.01 AMS symbols B
)

:tex2html_wrap_inline3042:lthtmlCropMarkHeight:=13.48248pt

:tex2html_wrap_inline3042:lthtmlCropMarkDepth:=1.7839pt:1ex:=4.71457pt
Preview: Tightpage -32891 -32891 32891 32891
[1{/var/lib/texmf/fonts/map/pdftex/updmap/pdftex.map}]

:tex2html_wrap_inline3048:lthtmlCropMarkHeight:=13.48248pt

:tex2html_wrap_inline3048:lthtmlCropMarkDepth:=1.695pt:1ex:=4.71457pt
[2]
<.././Figures/WP1_VMF.PNG, id=13, 393.8715pt x 558.888pt>
File: .././Figures/WP1_VMF.PNG Graphic file (type png)
<use .././Figures/WP1_VMF.PNG>
Package pdftex.def Info: .././Figures/WP1_VMF.PNG  used on input line 164.
(pdftex.def)             Requested size: 393.87053pt x 558.88663pt.

:tex2html_wrap3054:lthtmlCropMarkHeight:=564.88663pt

:tex2html_wrap3054:lthtmlCropMarkDepth:=0.0pt:1ex:=4.71457pt
[3 <.././Figures/WP1_VMF.PNG>]

:tex2html_wrap_inline3059:lthtmlCropMarkHeight:=10.71457pt

:tex2html_wrap_inline3059:lthtmlCropMarkDepth:=2.12917pt:1ex:=4.71457pt
[4]

:tex2html_wrap_inline3061:lthtmlCropMarkHeight:=10.71457pt

:tex2html_wrap_inline3061:lthtmlCropMarkDepth:=2.12917pt:1ex:=4.71457pt
[5]

:tex2html_wrap_inline3063:lthtmlCropMarkHeight:=13.48248pt

:tex2html_wrap_inline3063:lthtmlCropMarkDepth:=1.64249pt:1ex:=4.71457pt
[6]

:tex2html_wrap_inline3065:lthtmlCropMarkHeight:=13.48248pt

:tex2html_wrap_inline3065:lthtmlCropMarkDepth:=1.64249pt:1ex:=4.71457pt
[7]

:tex2html_wrap_inline3070:lthtmlCropMarkHeight:=10.71457pt

:tex2html_wrap_inline3070:lthtmlCropMarkDepth:=0.0pt:1ex:=4.71457pt
[8]

:tex2html_wrap_inline3072:lthtmlCropMarkHeight:=10.71457pt

:tex2html_wrap_inline3072:lthtmlCropMarkDepth:=1.64249pt:1ex:=4.71457pt
[9]
<.././Figures/WellFrac.PNG, id=39, 661.2705pt x 328.8285pt>
File: .././Figures/WellFrac.PNG Graphic file (type png)
<use .././Figures/WellFrac.PNG>
Package pdftex.def Info: .././Figures/WellFrac.PNG  used on input line 209.
(pdftex.def)             Requested size: 495.95164pt x 246.62077pt.

:tex2html_wrap3074:lthtmlCropMarkHeight:=252.62077pt

:tex2html_wrap3074:lthtmlCropMarkDepth:=0.0pt:1ex:=4.71457pt
[10 <.././Figures/WellFrac.PNG>]

:tex2html_wrap_inline3081:lthtmlCropMarkHeight:=13.62646pt

:tex2html_wrap_inline3081:lthtmlCropMarkDepth:=0.0pt:1ex:=4.71457pt
[11]

:tex2html_wrap_inline3087:lthtmlCropMarkHeight:=14.2125pt

:tex2html_wrap_inline3087:lthtmlCropMarkDepth:=2.73749pt:1ex:=4.71457pt
[12]

:tex2html_wrap_inline3089:lthtmlCropMarkHeight:=14.2125pt

:tex2html_wrap_inline3089:lthtmlCropMarkDepth:=2.73749pt:1ex:=4.71457pt
[13]

:tex2html_wrap_inline3093:lthtmlCropMarkHeight:=13.05666pt

:tex2html_wrap_inline3093:lthtmlCropMarkDepth:=2.12917pt:1ex:=4.71457pt
[14]

:tex2html_wrap_inline3097:lthtmlCropMarkHeight:=13.62646pt

:tex2html_wrap_inline3097:lthtmlCropMarkDepth:=0.9125pt:1ex:=4.71457pt
[15]

:tex2html_wrap_inline3099:lthtmlCropMarkHeight:=13.62646pt

:tex2html_wrap_inline3099:lthtmlCropMarkDepth:=0.9125pt:1ex:=4.71457pt
[16]

:tex2html_wrap_inline3101:lthtmlCropMarkHeight:=13.62646pt

:tex2html_wrap_inline3101:lthtmlCropMarkDepth:=0.9125pt:1ex:=4.71457pt
[17]

:tex2html_wrap_inline3103:lthtmlCropMarkHeight:=13.62646pt

:tex2html_wrap_inline3103:lthtmlCropMarkDepth:=0.9125pt:1ex:=4.71457pt
[18]
<.././Figures/FaultsHighIsland.PNG, id=71, 720.89325pt x 361.35pt>
File: .././Figures/FaultsHighIsland.PNG Graphic file (type png)
<use .././Figures/FaultsHighIsland.PNG>
Package pdftex.def Info: .././Figures/FaultsHighIsland.PNG  used on input line 
264.
(pdftex.def)             Requested size: 504.62184pt x 252.94327pt.

:tex2html_wrap3106:lthtmlCropMarkHeight:=258.94327pt

:tex2html_wrap3106:lthtmlCropMarkDepth:=0.0pt:1ex:=4.71457pt
[19 <.././Figures/FaultsHighIsland.PNG>]

:tex2html_wrap_inline3297:lthtmlCropMarkHeight:=13.48248pt

:tex2html_wrap_inline3297:lthtmlCropMarkDepth:=1.7839pt:1ex:=4.71457pt
[20]

:tex2html_wrap_inline3303:lthtmlCropMarkHeight:=14.2125pt

:tex2html_wrap_inline3303:lthtmlCropMarkDepth:=2.73749pt:1ex:=4.71457pt
[21]

:tex2html_wrap_inline3305:lthtmlCropMarkHeight:=14.2125pt

:tex2html_wrap_inline3305:lthtmlCropMarkDepth:=2.73749pt:1ex:=4.71457pt
[22]

:tex2html_wrap_inline3307:lthtmlCropMarkHeight:=14.2125pt

:tex2html_wrap_inline3307:lthtmlCropMarkDepth:=3.19804pt:1ex:=4.71457pt
[23]

:tex2html_wrap_inline3308:lthtmlCropMarkHeight:=13.05666pt

:tex2html_wrap_inline3308:lthtmlCropMarkDepth:=0.0pt:1ex:=4.71457pt
[24]

:tex2html_wrap_inline3310:lthtmlCropMarkHeight:=13.05666pt

:tex2html_wrap_inline3310:lthtmlCropMarkDepth:=2.12917pt:1ex:=4.71457pt
[25]

:tex2html_wrap_inline3320:lthtmlCropMarkHeight:=13.48248pt

:tex2html_wrap_inline3320:lthtmlCropMarkDepth:=3.33946pt:1ex:=4.71457pt
[26]

:tex2html_wrap_inline3322:lthtmlCropMarkHeight:=15.12923pt

:tex2html_wrap_inline3322:lthtmlCropMarkDepth:=3.06699pt:1ex:=4.71457pt
[27]

:tex2html_wrap_inline3324:lthtmlCropMarkHeight:=13.05666pt

:tex2html_wrap_inline3324:lthtmlCropMarkDepth:=1.695pt:1ex:=4.71457pt
[28]

:tex2html_wrap_inline3326:lthtmlCropMarkHeight:=13.05666pt

:tex2html_wrap_inline3326:lthtmlCropMarkDepth:=1.7839pt:1ex:=4.71457pt
[29]
<.././Figures/LostHills.PNG, id=108, 532.99126pt x 424.58624pt>
File: .././Figures/LostHills.PNG Graphic file (type png)
<use .././Figures/LostHills.PNG>
Package pdftex.def Info: .././Figures/LostHills.PNG  used on input line 332.
(pdftex.def)             Requested size: 319.79723pt x 254.75371pt.

:tex2html_wrap3328:lthtmlCropMarkHeight:=260.75371pt

:tex2html_wrap3328:lthtmlCropMarkDepth:=0.0pt:1ex:=4.71457pt
[30 <.././Figures/LostHills.PNG>]
! Missing $ inserted.
<inserted text> 
                $
l.369 \lthtmldisplayZ
                     
I've inserted a begin-math/end-math symbol since I think
you left one out. Proceed, with fingers crossed.

! Missing $ inserted.
<inserted text> 
                $
l.369 \lthtmldisplayZ
                     
I've inserted something that you may have forgotten.
(See the <inserted text> above.)
With luck, this will get me unwedged. But if you
really didn't forget anything, try typing `2' now; then
my insertion and my current dilemma will both disappear.


:displaymath3334:lthtmlCropMarkHeight:=90.02185pt

:displaymath3334:lthtmlCropMarkDepth:=78.54688pt:1ex:=4.71457pt
[31]

:tex2html_wrap_inline3336:lthtmlCropMarkHeight:=23.87044pt

:tex2html_wrap_inline3336:lthtmlCropMarkDepth:=10.24864pt:1ex:=4.71457pt
[32]

:tex2html_wrap_inline3338:lthtmlCropMarkHeight:=13.48248pt

:tex2html_wrap_inline3338:lthtmlCropMarkDepth:=1.64249pt:1ex:=4.71457pt
[33]

LaTeX Warning: Command \textendash invalid in math mode on input line 387.


:tex2html_wrap_indisplay3340:lthtmlCropMarkHeight:=23.41057pt

:tex2html_wrap_indisplay3340:lthtmlCropMarkDepth:=10.85855pt:1ex:=4.71457pt
[34]

:tex2html_wrap_indisplay3342:lthtmlCropMarkHeight:=22.53697pt

:tex2html_wrap_indisplay3342:lthtmlCropMarkDepth:=9.15364pt:1ex:=4.71457pt
[35]

:tex2html_wrap_indisplay3344:lthtmlCropMarkHeight:=20.89023pt

:tex2html_wrap_indisplay3344:lthtmlCropMarkDepth:=9.15364pt:1ex:=4.71457pt
[36]

:tex2html_wrap_indisplay3346:lthtmlCropMarkHeight:=22.53697pt

:tex2html_wrap_indisplay3346:lthtmlCropMarkDepth:=10.85855pt:1ex:=4.71457pt
[37]

:tex2html_wrap_indisplay3348:lthtmlCropMarkHeight:=13.48248pt

:tex2html_wrap_indisplay3348:lthtmlCropMarkDepth:=1.64249pt:1ex:=4.71457pt
[38]

:tex2html_wrap_indisplay3350:lthtmlCropMarkHeight:=20.89023pt

:tex2html_wrap_indisplay3350:lthtmlCropMarkDepth:=7.51115pt:1ex:=4.71457pt
[39]
! Missing $ inserted.
<inserted text> 
                $
l.455 \lthtmldisplayZ
                     
I've inserted a begin-math/end-math symbol since I think
you left one out. Proceed, with fingers crossed.

! Missing $ inserted.
<inserted text> 
                $
l.455 \lthtmldisplayZ
                     
I've inserted something that you may have forgotten.
(See the <inserted text> above.)
With luck, this will get me unwedged. But if you
really didn't forget anything, try typing `2' now; then
my insertion and my current dilemma will both disappear.


:displaymath3352:lthtmlCropMarkHeight:=49.53746pt

:displaymath3352:lthtmlCropMarkDepth:=38.06248pt:1ex:=4.71457pt
[40]

:tex2html_wrap_indisplay3354:lthtmlCropMarkHeight:=22.73352pt

:tex2html_wrap_indisplay3354:lthtmlCropMarkDepth:=10.40265pt:1ex:=4.71457pt
[41]

:tex2html_wrap_indisplay3356:lthtmlCropMarkHeight:=21.87761pt

:tex2html_wrap_indisplay3356:lthtmlCropMarkDepth:=10.40265pt:1ex:=4.71457pt
[42]

:tex2html_wrap_indisplay3358:lthtmlCropMarkHeight:=22.73352pt

:tex2html_wrap_indisplay3358:lthtmlCropMarkDepth:=10.40265pt:1ex:=4.71457pt
[43]

:tex2html_wrap_indisplay3360:lthtmlCropMarkHeight:=21.87761pt

:tex2html_wrap_indisplay3360:lthtmlCropMarkDepth:=10.40265pt:1ex:=4.71457pt
[44]

:tex2html_wrap_indisplay3362:lthtmlCropMarkHeight:=23.87044pt

:tex2html_wrap_indisplay3362:lthtmlCropMarkDepth:=10.24864pt:1ex:=4.71457pt
[45]

:tex2html_wrap_inline3364:lthtmlCropMarkHeight:=13.48248pt

:tex2html_wrap_inline3364:lthtmlCropMarkDepth:=1.64249pt:1ex:=4.71457pt
[46]

:tex2html_wrap_inline3368:lthtmlCropMarkHeight:=10.71457pt

:tex2html_wrap_inline3368:lthtmlCropMarkDepth:=1.64249pt:1ex:=4.71457pt
[47]

:tex2html_wrap_inline3370:lthtmlCropMarkHeight:=10.71457pt

:tex2html_wrap_inline3370:lthtmlCropMarkDepth:=3.19804pt:1ex:=4.71457pt
[48]

:tex2html_wrap_inline3372:lthtmlCropMarkHeight:=13.48248pt

:tex2html_wrap_inline3372:lthtmlCropMarkDepth:=0.0pt:1ex:=4.71457pt
[49]

:tex2html_wrap_inline3374:lthtmlCropMarkHeight:=10.71457pt

:tex2html_wrap_inline3374:lthtmlCropMarkDepth:=0.0pt:1ex:=4.71457pt
[50]

:tex2html_wrap_inline3376:lthtmlCropMarkHeight:=13.48248pt

:tex2html_wrap_inline3376:lthtmlCropMarkDepth:=0.0pt:1ex:=4.71457pt
[51]

:tex2html_wrap_inline3378:lthtmlCropMarkHeight:=13.48248pt

:tex2html_wrap_inline3378:lthtmlCropMarkDepth:=1.64249pt:1ex:=4.71457pt
[52]

:tex2html_wrap_inline3380:lthtmlCropMarkHeight:=10.71457pt

:tex2html_wrap_inline3380:lthtmlCropMarkDepth:=1.64249pt:1ex:=4.71457pt
[53]

:tex2html_wrap_inline3382:lthtmlCropMarkHeight:=10.71457pt

:tex2html_wrap_inline3382:lthtmlCropMarkDepth:=1.7839pt:1ex:=4.71457pt
[54]

:tex2html_wrap_inline3384:lthtmlCropMarkHeight:=10.71457pt

:tex2html_wrap_inline3384:lthtmlCropMarkDepth:=1.7839pt:1ex:=4.71457pt
[55]

:tex2html_wrap_inline3386:lthtmlCropMarkHeight:=10.71457pt

:tex2html_wrap_inline3386:lthtmlCropMarkDepth:=0.0pt:1ex:=4.71457pt
[56]

:tex2html_wrap_inline3388:lthtmlCropMarkHeight:=10.71457pt

:tex2html_wrap_inline3388:lthtmlCropMarkDepth:=2.12917pt:1ex:=4.71457pt
[57]

:tex2html_wrap_inline3390:lthtmlCropMarkHeight:=14.2125pt

:tex2html_wrap_inline3390:lthtmlCropMarkDepth:=2.73749pt:1ex:=4.71457pt
[58]

:tex2html_wrap_inline3404:lthtmlCropMarkHeight:=10.71457pt

:tex2html_wrap_inline3404:lthtmlCropMarkDepth:=0.0pt:1ex:=4.71457pt
[59]

:tex2html_wrap_inline3410:lthtmlCropMarkHeight:=10.71457pt

:tex2html_wrap_inline3410:lthtmlCropMarkDepth:=3.19804pt:1ex:=4.71457pt
[60]

:tex2html_wrap_inline3421:lthtmlCropMarkHeight:=10.71457pt

:tex2html_wrap_inline3421:lthtmlCropMarkDepth:=0.0pt:1ex:=4.71457pt
[61]

:tex2html_wrap_inline3427:lthtmlCropMarkHeight:=14.2125pt

:tex2html_wrap_inline3427:lthtmlCropMarkDepth:=2.73749pt:1ex:=4.71457pt
[62]
<.././Figures/FracModel.PNG, id=217, 994.31474pt x 517.33275pt>
File: .././Figures/FracModel.PNG Graphic file (type png)
<use .././Figures/FracModel.PNG>
Package pdftex.def Info: .././Figures/FracModel.PNG  used on input line 596.
(pdftex.def)             Requested size: 497.15616pt x 258.66574pt.

:tex2html_wrap3433:lthtmlCropMarkHeight:=264.66574pt

:tex2html_wrap3433:lthtmlCropMarkDepth:=0.0pt:1ex:=4.71457pt
[63 <.././Figures/FracModel.PNG>]

:tex2html_wrap_inline3458:lthtmlCropMarkHeight:=10.71457pt

:tex2html_wrap_inline3458:lthtmlCropMarkDepth:=2.12917pt:1ex:=4.71457pt
[64]

:tex2html_wrap_inline3470:lthtmlCropMarkHeight:=13.48248pt

:tex2html_wrap_inline3470:lthtmlCropMarkDepth:=1.64249pt:1ex:=4.71457pt
[65]

:tex2html_wrap_inline3472:lthtmlCropMarkHeight:=13.48248pt

:tex2html_wrap_inline3472:lthtmlCropMarkDepth:=3.19804pt:1ex:=4.71457pt
[66]

:tex2html_wrap_inline3479:lthtmlCropMarkHeight:=13.48248pt

:tex2html_wrap_inline3479:lthtmlCropMarkDepth:=1.7839pt:1ex:=4.71457pt
[67]

:tex2html_wrap_inline3481:lthtmlCropMarkHeight:=10.71457pt

:tex2html_wrap_inline3481:lthtmlCropMarkDepth:=1.7839pt:1ex:=4.71457pt
[68]

:tex2html_wrap_inline3483:lthtmlCropMarkHeight:=10.71457pt

:tex2html_wrap_inline3483:lthtmlCropMarkDepth:=1.64249pt:1ex:=4.71457pt
[69]

:tex2html_wrap_inline3485:lthtmlCropMarkHeight:=10.71457pt

:tex2html_wrap_inline3485:lthtmlCropMarkDepth:=0.0pt:1ex:=4.71457pt
[70]

:tex2html_wrap_inline3487:lthtmlCropMarkHeight:=10.71457pt

:tex2html_wrap_inline3487:lthtmlCropMarkDepth:=1.7839pt:1ex:=4.71457pt
[71]

:tex2html_wrap_inline3489:lthtmlCropMarkHeight:=10.71457pt

:tex2html_wrap_inline3489:lthtmlCropMarkDepth:=1.64249pt:1ex:=4.71457pt
[72]
<.././Figures/Biot.PNG, id=250, 316.5426pt x 165.7392pt>
File: .././Figures/Biot.PNG Graphic file (type png)
<use .././Figures/Biot.PNG>
Package pdftex.def Info: .././Figures/Biot.PNG  used on input line 658.
(pdftex.def)             Requested size: 316.54182pt x 165.73877pt.

:tex2html_wrap3496:lthtmlCropMarkHeight:=171.73877pt

:tex2html_wrap3496:lthtmlCropMarkDepth:=0.0pt:1ex:=4.71457pt
[73 <.././Figures/Biot.PNG>]
<.././Figures/ResModel_Depletion.PNG, id=256, 622.4856pt x 359.9046pt>
File: .././Figures/ResModel_Depletion.PNG Graphic file (type png)
<use .././Figures/ResModel_Depletion.PNG>
Package pdftex.def Info: .././Figures/ResModel_Depletion.PNG  used on input lin
e 665.
(pdftex.def)             Requested size: 373.49425pt x 215.94441pt.

:tex2html_wrap3511:lthtmlCropMarkHeight:=221.94441pt

:tex2html_wrap3511:lthtmlCropMarkDepth:=0.0pt:1ex:=4.71457pt
[74 <.././Figures/ResModel_Depletion.PNG>]

:tex2html_wrap_inline3516:lthtmlCropMarkHeight:=17.39447pt

:tex2html_wrap_inline3516:lthtmlCropMarkDepth:=5.9195pt:1ex:=4.71457pt
[75]

:tex2html_wrap_inline3522:lthtmlCropMarkHeight:=14.41812pt

:tex2html_wrap_inline3522:lthtmlCropMarkDepth:=2.73749pt:1ex:=4.71457pt
[76]

:tex2html_wrap_inline3542:lthtmlCropMarkHeight:=13.48248pt

:tex2html_wrap_inline3542:lthtmlCropMarkDepth:=1.64249pt:1ex:=4.71457pt
[77]

:tex2html_wrap_inline3544:lthtmlCropMarkHeight:=13.48248pt

:tex2html_wrap_inline3544:lthtmlCropMarkDepth:=1.64249pt:1ex:=4.71457pt
[78]

:tex2html_wrap_inline3546:lthtmlCropMarkHeight:=13.48248pt

:tex2html_wrap_inline3546:lthtmlCropMarkDepth:=3.33946pt:1ex:=4.71457pt
[79]

:tex2html_wrap_inline3548:lthtmlCropMarkHeight:=13.48248pt

:tex2html_wrap_inline3548:lthtmlCropMarkDepth:=2.12917pt:1ex:=4.71457pt
[80]

:tex2html_wrap_inline3550:lthtmlCropMarkHeight:=13.48248pt

:tex2html_wrap_inline3550:lthtmlCropMarkDepth:=1.64249pt:1ex:=4.71457pt
[81]

:tex2html_wrap_inline3552:lthtmlCropMarkHeight:=10.71457pt

:tex2html_wrap_inline3552:lthtmlCropMarkDepth:=2.12917pt:1ex:=4.71457pt
[82]

:tex2html_wrap_inline3556:lthtmlCropMarkHeight:=15.97366pt

:tex2html_wrap_inline3556:lthtmlCropMarkDepth:=2.73749pt:1ex:=4.71457pt
[83]

:tex2html_wrap_inline3559:lthtmlCropMarkHeight:=13.48248pt

:tex2html_wrap_inline3559:lthtmlCropMarkDepth:=3.19804pt:1ex:=4.71457pt
[84]

:tex2html_wrap_inline3571:lthtmlCropMarkHeight:=13.48248pt

:tex2html_wrap_inline3571:lthtmlCropMarkDepth:=1.695pt:1ex:=4.71457pt
[85]

:tex2html_wrap_inline3591:lthtmlCropMarkHeight:=14.2125pt

:tex2html_wrap_inline3591:lthtmlCropMarkDepth:=3.19804pt:1ex:=4.71457pt
[86]

:tex2html_wrap_inline3593:lthtmlCropMarkHeight:=14.2125pt

:tex2html_wrap_inline3593:lthtmlCropMarkDepth:=2.73749pt:1ex:=4.71457pt
[87]

:tex2html_wrap_inline3595:lthtmlCropMarkHeight:=14.21248pt

:tex2html_wrap_inline3595:lthtmlCropMarkDepth:=2.7375pt:1ex:=4.71457pt
[88]

:tex2html_wrap_inline3597:lthtmlCropMarkHeight:=15.30754pt

:tex2html_wrap_inline3597:lthtmlCropMarkDepth:=3.83258pt:1ex:=4.71457pt
[89]

:tex2html_wrap_inline3599:lthtmlCropMarkHeight:=13.60416pt

:tex2html_wrap_inline3599:lthtmlCropMarkDepth:=3.19804pt:1ex:=4.71457pt
[90]

:tex2html_wrap_inline3601:lthtmlCropMarkHeight:=13.48248pt

:tex2html_wrap_inline3601:lthtmlCropMarkDepth:=1.64249pt:1ex:=4.71457pt
[91]

:tex2html_wrap_inline3606:lthtmlCropMarkHeight:=14.41812pt

:tex2html_wrap_inline3606:lthtmlCropMarkDepth:=2.12917pt:1ex:=4.71457pt
[92]

:tex2html_wrap_inline3608:lthtmlCropMarkHeight:=13.48248pt

:tex2html_wrap_inline3608:lthtmlCropMarkDepth:=0.0pt:1ex:=4.71457pt
[93]

:tex2html_wrap_inline3610:lthtmlCropMarkHeight:=14.41812pt

:tex2html_wrap_inline3610:lthtmlCropMarkDepth:=2.70702pt:1ex:=4.71457pt
[94]

:tex2html_wrap_inline3612:lthtmlCropMarkHeight:=13.62646pt

:tex2html_wrap_inline3612:lthtmlCropMarkDepth:=2.12917pt:1ex:=4.71457pt
[95]

:tex2html_wrap_inline3614:lthtmlCropMarkHeight:=13.60416pt

:tex2html_wrap_inline3614:lthtmlCropMarkDepth:=0.0pt:1ex:=4.71457pt
[96]

:tex2html_wrap_inline3616:lthtmlCropMarkHeight:=10.71457pt

:tex2html_wrap_inline3616:lthtmlCropMarkDepth:=0.0pt:1ex:=4.71457pt
[97]

:tex2html_wrap_inline3618:lthtmlCropMarkHeight:=10.71457pt

:tex2html_wrap_inline3618:lthtmlCropMarkDepth:=1.64249pt:1ex:=4.71457pt
[98]

:tex2html_wrap_inline3620:lthtmlCropMarkHeight:=14.41812pt

:tex2html_wrap_inline3620:lthtmlCropMarkDepth:=2.12917pt:1ex:=4.71457pt
[99]

:tex2html_wrap_inline3630:lthtmlCropMarkHeight:=10.71457pt

:tex2html_wrap_inline3630:lthtmlCropMarkDepth:=3.19804pt:1ex:=4.71457pt
[100]

:tex2html_wrap_inline3632:lthtmlCropMarkHeight:=10.71457pt

:tex2html_wrap_inline3632:lthtmlCropMarkDepth:=0.0pt:1ex:=4.71457pt
[101]

:tex2html_wrap_inline3638:lthtmlCropMarkHeight:=14.41812pt

:tex2html_wrap_inline3638:lthtmlCropMarkDepth:=2.12917pt:1ex:=4.71457pt
[102]

:tex2html_wrap_inline3640:lthtmlCropMarkHeight:=14.41812pt

:tex2html_wrap_inline3640:lthtmlCropMarkDepth:=2.12917pt:1ex:=4.71457pt
[103]

:tex2html_wrap_inline3652:lthtmlCropMarkHeight:=17.1067pt

:tex2html_wrap_inline3652:lthtmlCropMarkDepth:=5.33156pt:1ex:=4.71457pt
[104]

:tex2html_wrap_inline3654:lthtmlCropMarkHeight:=25.16264pt

:tex2html_wrap_inline3654:lthtmlCropMarkDepth:=13.68767pt:1ex:=4.71457pt
[105]

:tex2html_wrap_inline3656:lthtmlCropMarkHeight:=13.05666pt

:tex2html_wrap_inline3656:lthtmlCropMarkDepth:=0.9125pt:1ex:=4.71457pt
[106]

:tex2html_wrap_inline3658:lthtmlCropMarkHeight:=14.41812pt

:tex2html_wrap_inline3658:lthtmlCropMarkDepth:=2.73749pt:1ex:=4.71457pt
[107]

:tex2html_wrap_inline3660:lthtmlCropMarkHeight:=14.77165pt

:tex2html_wrap_inline3660:lthtmlCropMarkDepth:=2.9803pt:1ex:=4.71457pt
[108]

:tex2html_wrap_inline3662:lthtmlCropMarkHeight:=14.77165pt

:tex2html_wrap_inline3662:lthtmlCropMarkDepth:=4.60938pt:1ex:=4.71457pt
[109]

:tex2html_wrap_inline3666:lthtmlCropMarkHeight:=14.2125pt

:tex2html_wrap_inline3666:lthtmlCropMarkDepth:=3.19804pt:1ex:=4.71457pt
[110]

:tex2html_wrap_inline3677:lthtmlCropMarkHeight:=13.60416pt

:tex2html_wrap_inline3677:lthtmlCropMarkDepth:=3.33946pt:1ex:=4.71457pt
[111]

:tex2html_wrap_inline3679:lthtmlCropMarkHeight:=15.12923pt

:tex2html_wrap_inline3679:lthtmlCropMarkDepth:=0.9125pt:1ex:=4.71457pt
[112]

:tex2html_wrap_inline3681:lthtmlCropMarkHeight:=10.71457pt

:tex2html_wrap_inline3681:lthtmlCropMarkDepth:=3.33946pt:1ex:=4.71457pt
[113]

:tex2html_wrap_inline3683:lthtmlCropMarkHeight:=10.71457pt

:tex2html_wrap_inline3683:lthtmlCropMarkDepth:=3.19804pt:1ex:=4.71457pt
[114]

:tex2html_wrap_inline3685:lthtmlCropMarkHeight:=10.71457pt

:tex2html_wrap_inline3685:lthtmlCropMarkDepth:=2.12917pt:1ex:=4.71457pt
[115]

:tex2html_wrap_inline3691:lthtmlCropMarkHeight:=10.71457pt

:tex2html_wrap_inline3691:lthtmlCropMarkDepth:=2.12917pt:1ex:=4.71457pt
[116]

:tex2html_wrap_inline3705:lthtmlCropMarkHeight:=15.12923pt

:tex2html_wrap_inline3705:lthtmlCropMarkDepth:=0.0pt:1ex:=4.71457pt
[117]

:tex2html_wrap_inline3707:lthtmlCropMarkHeight:=14.41812pt

:tex2html_wrap_inline3707:lthtmlCropMarkDepth:=2.12917pt:1ex:=4.71457pt
[118]

:tex2html_wrap_inline3709:lthtmlCropMarkHeight:=15.12923pt

:tex2html_wrap_inline3709:lthtmlCropMarkDepth:=0.0pt:1ex:=4.71457pt
[119]

:tex2html_wrap_inline3713:lthtmlCropMarkHeight:=14.2125pt

:tex2html_wrap_inline3713:lthtmlCropMarkDepth:=3.33946pt:1ex:=4.71457pt
[120]
Package atveryend Info: Empty hook `BeforeClearDocument' on input line 1027.
Package atveryend Info: Empty hook `AfterLastShipout' on input line 1027.
(./images.aux)
Package atveryend Info: Executing hook `AtVeryEndDocument' on input line 1027.
Package atveryend Info: Executing hook `AtEndAfterFileList' on input line 1027.

Package rerunfilecheck Info: File `images.out' has not changed.
(rerunfilecheck)             Checksum: D41D8CD98F00B204E9800998ECF8427E;0.

LaTeX Warning: There were multiply-defined labels.

Package atveryend Info: Empty hook `AtVeryVeryEnd' on input line 1027.
 ) 
Here is how much of TeX's memory you used:
 7590 strings out of 483140
 112447 string characters out of 5965150
 383678 words of memory out of 5000000
 22453 multiletter control sequences out of 15000+600000
 537405 words of font info for 44 fonts, out of 8000000 for 9000
 36 hyphenation exceptions out of 8191
 37i,10n,31p,454b,325s stack positions out of 5000i,500n,10000p,200000b,80000s
</usr/share/texlive/texmf-dist/fonts/type1/public/amsfonts/cm/cmex10.pfb></us
r/share/texlive/texmf-dist/fonts/type1/public/amsfonts/cm/cmmi10.pfb></usr/shar
e/texlive/texmf-dist/fonts/type1/public/amsfonts/cm/cmmi6.pfb></usr/share/texli
ve/texmf-dist/fonts/type1/public/amsfonts/cm/cmmi8.pfb></usr/share/texlive/texm
f-dist/fonts/type1/public/amsfonts/cm/cmr10.pfb></usr/share/texlive/texmf-dist/
fonts/type1/public/amsfonts/cm/cmr6.pfb></usr/share/texlive/texmf-dist/fonts/ty
pe1/public/amsfonts/cm/cmr8.pfb></usr/share/texlive/texmf-dist/fonts/type1/publ
ic/amsfonts/cm/cmsy10.pfb></usr/share/texlive/texmf-dist/fonts/type1/public/ams
fonts/cm/cmsy6.pfb></usr/share/texlive/texmf-dist/fonts/type1/public/amsfonts/c
m/cmsy8.pfb>
Output written on images.pdf (120 pages, 1755435 bytes).
PDF statistics:
 447 PDF objects out of 1000 (max. 8388607)
 298 compressed objects within 3 object streams
 0 named destinations out of 1000 (max. 500000)
 36 words of extra memory for PDF output out of 10000 (max. 10000000)

